<?xml version="1.0" encoding="UTF-8"?>
<robot generator="Robot 3.0.2 (Python 3.6.2 on linux)" generated="20171117 17:48:10.007">
<suite id="s1" name="Kuberobot" source="/home/kuberobot/kuberobot.robot">
<test id="s1-t1" name="Get api v1 and Execute to kubernetes">
<kw name="Create Session" library="RequestsLibrary">
<doc>Create Session: create a HTTP session to a server</doc>
<arguments>
<arg>kubernetes</arg>
<arg>${API_ENDPOINT}</arg>
</arguments>
<msg timestamp="20171117 17:48:10.224" level="INFO">Creating Session using : alias=kubernetes, url=http://127.0.0.1:8080, headers={},                     cookies=None, auth=None, timeout=None, proxies=None, verify=False,                     debug=0 </msg>
<status status="PASS" starttime="20171117 17:48:10.224" endtime="20171117 17:48:10.225"></status>
</kw>
<kw name="Get Request" library="RequestsLibrary">
<doc>Send a GET request on the session object found using the</doc>
<arguments>
<arg>kubernetes</arg>
<arg>/api/v1</arg>
</arguments>
<assign>
<var>${resp}</var>
</assign>
<msg timestamp="20171117 17:48:10.233" level="INFO">Get Request using : alias=kubernetes, uri=/api/v1, headers=None json=None</msg>
<msg timestamp="20171117 17:48:10.233" level="INFO">${resp} = &lt;Response [200]&gt;</msg>
<status status="PASS" starttime="20171117 17:48:10.225" endtime="20171117 17:48:10.233"></status>
</kw>
<kw name="Should Be Equal As Strings" library="BuiltIn">
<doc>Fails if objects are unequal after converting them to strings.</doc>
<arguments>
<arg>${resp.status_code}</arg>
<arg>200</arg>
</arguments>
<msg timestamp="20171117 17:48:10.234" level="INFO">Argument types are:
&lt;class 'int'&gt;
&lt;type 'unicode'&gt;</msg>
<status status="PASS" starttime="20171117 17:48:10.233" endtime="20171117 17:48:10.234"></status>
</kw>
<kw name="Set Variable" library="BuiltIn">
<doc>Returns the given values which can then be assigned to a variables.</doc>
<arguments>
<arg>${resp.json()}</arg>
</arguments>
<assign>
<var>${json}</var>
</assign>
<msg timestamp="20171117 17:48:10.235" level="INFO">${json} = {'kind': 'APIResourceList', 'groupVersion': 'v1', 'resources': [{'name': 'bindings', 'singularName': '', 'namespaced': True, 'kind': 'Binding', 'verbs': ['create']}, {'name': 'componentstatuses', 'sin...</msg>
<status status="PASS" starttime="20171117 17:48:10.234" endtime="20171117 17:48:10.235"></status>
</kw>
<kw name="Log" library="BuiltIn">
<doc>Logs the given message with the given level.</doc>
<arguments>
<arg>${json}</arg>
</arguments>
<msg timestamp="20171117 17:48:10.236" level="INFO">{'kind': 'APIResourceList', 'groupVersion': 'v1', 'resources': [{'name': 'bindings', 'singularName': '', 'namespaced': True, 'kind': 'Binding', 'verbs': ['create']}, {'name': 'componentstatuses', 'singularName': '', 'namespaced': False, 'kind': 'ComponentStatus', 'verbs': ['get', 'list'], 'shortNames': ['cs']}, {'name': 'configmaps', 'singularName': '', 'namespaced': True, 'kind': 'ConfigMap', 'verbs': ['create', 'delete', 'deletecollection', 'get', 'list', 'patch', 'update', 'watch'], 'shortNames': ['cm']}, {'name': 'endpoints', 'singularName': '', 'namespaced': True, 'kind': 'Endpoints', 'verbs': ['create', 'delete', 'deletecollection', 'get', 'list', 'patch', 'update', 'watch'], 'shortNames': ['ep']}, {'name': 'events', 'singularName': '', 'namespaced': True, 'kind': 'Event', 'verbs': ['create', 'delete', 'deletecollection', 'get', 'list', 'patch', 'update', 'watch'], 'shortNames': ['ev']}, {'name': 'limitranges', 'singularName': '', 'namespaced': True, 'kind': 'LimitRange', 'verbs': ['create', 'delete', 'deletecollection', 'get', 'list', 'patch', 'update', 'watch'], 'shortNames': ['limits']}, {'name': 'namespaces', 'singularName': '', 'namespaced': False, 'kind': 'Namespace', 'verbs': ['create', 'delete', 'get', 'list', 'patch', 'update', 'watch'], 'shortNames': ['ns']}, {'name': 'namespaces/finalize', 'singularName': '', 'namespaced': False, 'kind': 'Namespace', 'verbs': ['update']}, {'name': 'namespaces/status', 'singularName': '', 'namespaced': False, 'kind': 'Namespace', 'verbs': ['get', 'patch', 'update']}, {'name': 'nodes', 'singularName': '', 'namespaced': False, 'kind': 'Node', 'verbs': ['create', 'delete', 'deletecollection', 'get', 'list', 'patch', 'proxy', 'update', 'watch'], 'shortNames': ['no']}, {'name': 'nodes/proxy', 'singularName': '', 'namespaced': False, 'kind': 'Node', 'verbs': []}, {'name': 'nodes/status', 'singularName': '', 'namespaced': False, 'kind': 'Node', 'verbs': ['get', 'patch', 'update']}, {'name': 'persistentvolumeclaims', 'singularName': '', 'namespaced': True, 'kind': 'PersistentVolumeClaim', 'verbs': ['create', 'delete', 'deletecollection', 'get', 'list', 'patch', 'update', 'watch'], 'shortNames': ['pvc']}, {'name': 'persistentvolumeclaims/status', 'singularName': '', 'namespaced': True, 'kind': 'PersistentVolumeClaim', 'verbs': ['get', 'patch', 'update']}, {'name': 'persistentvolumes', 'singularName': '', 'namespaced': False, 'kind': 'PersistentVolume', 'verbs': ['create', 'delete', 'deletecollection', 'get', 'list', 'patch', 'update', 'watch'], 'shortNames': ['pv']}, {'name': 'persistentvolumes/status', 'singularName': '', 'namespaced': False, 'kind': 'PersistentVolume', 'verbs': ['get', 'patch', 'update']}, {'name': 'pods', 'singularName': '', 'namespaced': True, 'kind': 'Pod', 'verbs': ['create', 'delete', 'deletecollection', 'get', 'list', 'patch', 'proxy', 'update', 'watch'], 'shortNames': ['po'], 'categories': ['all']}, {'name': 'pods/attach', 'singularName': '', 'namespaced': True, 'kind': 'Pod', 'verbs': []}, {'name': 'pods/binding', 'singularName': '', 'namespaced': True, 'kind': 'Binding', 'verbs': ['create']}, {'name': 'pods/eviction', 'singularName': '', 'namespaced': True, 'kind': 'Eviction', 'verbs': ['create']}, {'name': 'pods/exec', 'singularName': '', 'namespaced': True, 'kind': 'Pod', 'verbs': []}, {'name': 'pods/log', 'singularName': '', 'namespaced': True, 'kind': 'Pod', 'verbs': ['get']}, {'name': 'pods/portforward', 'singularName': '', 'namespaced': True, 'kind': 'Pod', 'verbs': []}, {'name': 'pods/proxy', 'singularName': '', 'namespaced': True, 'kind': 'Pod', 'verbs': []}, {'name': 'pods/status', 'singularName': '', 'namespaced': True, 'kind': 'Pod', 'verbs': ['get', 'patch', 'update']}, {'name': 'podtemplates', 'singularName': '', 'namespaced': True, 'kind': 'PodTemplate', 'verbs': ['create', 'delete', 'deletecollection', 'get', 'list', 'patch', 'update', 'watch']}, {'name': 'replicationcontrollers', 'singularName': '', 'namespaced': True, 'kind': 'ReplicationController', 'verbs': ['create', 'delete', 'deletecollection', 'get', 'list', 'patch', 'update', 'watch'], 'shortNames': ['rc'], 'categories': ['all']}, {'name': 'replicationcontrollers/scale', 'singularName': '', 'namespaced': True, 'group': 'autoscaling', 'version': 'v1', 'kind': 'Scale', 'verbs': ['get', 'patch', 'update']}, {'name': 'replicationcontrollers/status', 'singularName': '', 'namespaced': True, 'kind': 'ReplicationController', 'verbs': ['get', 'patch', 'update']}, {'name': 'resourcequotas', 'singularName': '', 'namespaced': True, 'kind': 'ResourceQuota', 'verbs': ['create', 'delete', 'deletecollection', 'get', 'list', 'patch', 'update', 'watch'], 'shortNames': ['quota']}, {'name': 'resourcequotas/status', 'singularName': '', 'namespaced': True, 'kind': 'ResourceQuota', 'verbs': ['get', 'patch', 'update']}, {'name': 'secrets', 'singularName': '', 'namespaced': True, 'kind': 'Secret', 'verbs': ['create', 'delete', 'deletecollection', 'get', 'list', 'patch', 'update', 'watch']}, {'name': 'serviceaccounts', 'singularName': '', 'namespaced': True, 'kind': 'ServiceAccount', 'verbs': ['create', 'delete', 'deletecollection', 'get', 'list', 'patch', 'update', 'watch'], 'shortNames': ['sa']}, {'name': 'services', 'singularName': '', 'namespaced': True, 'kind': 'Service', 'verbs': ['create', 'delete', 'get', 'list', 'patch', 'proxy', 'update', 'watch'], 'shortNames': ['svc'], 'categories': ['all']}, {'name': 'services/proxy', 'singularName': '', 'namespaced': True, 'kind': 'Service', 'verbs': []}, {'name': 'services/status', 'singularName': '', 'namespaced': True, 'kind': 'Service', 'verbs': ['get', 'patch', 'update']}]}</msg>
<status status="PASS" starttime="20171117 17:48:10.235" endtime="20171117 17:48:10.236"></status>
</kw>
<kw name="Get From Dictionary" library="Collections">
<doc>Returns a value from the given ``dictionary`` based on the given ``key``.</doc>
<arguments>
<arg>${json}</arg>
<arg>kind</arg>
</arguments>
<assign>
<var>${kind}</var>
</assign>
<msg timestamp="20171117 17:48:10.237" level="INFO">${kind} = APIResourceList</msg>
<status status="PASS" starttime="20171117 17:48:10.236" endtime="20171117 17:48:10.237"></status>
</kw>
<kw name="Should Be Equal" library="BuiltIn">
<doc>Fails if the given objects are unequal.</doc>
<arguments>
<arg>${kind}</arg>
<arg>APIResourceList</arg>
</arguments>
<status status="PASS" starttime="20171117 17:48:10.237" endtime="20171117 17:48:10.237"></status>
</kw>
<kw name="Get From Dictionary" library="Collections">
<doc>Returns a value from the given ``dictionary`` based on the given ``key``.</doc>
<arguments>
<arg>${json}</arg>
<arg>resources</arg>
</arguments>
<assign>
<var>${resources}</var>
</assign>
<msg timestamp="20171117 17:48:10.238" level="INFO">${resources} = [{'name': 'bindings', 'singularName': '', 'namespaced': True, 'kind': 'Binding', 'verbs': ['create']}, {'name': 'componentstatuses', 'singularName': '', 'namespaced': False, 'kind': 'ComponentStatus',...</msg>
<status status="PASS" starttime="20171117 17:48:10.238" endtime="20171117 17:48:10.238"></status>
</kw>
<kw name="${apiDict} IN [ @{resources} ]" type="for">
<kw name="${apiDict} = {'name': 'bindings', 'singularName': '', 'namespaced': True, 'kind': 'Binding', 'verbs': ['create']}" type="foritem">
<kw name="Get From Dictionary" library="Collections">
<doc>Returns a value from the given ``dictionary`` based on the given ``key``.</doc>
<arguments>
<arg>${apiDict}</arg>
<arg>name</arg>
</arguments>
<assign>
<var>${apiName}</var>
</assign>
<msg timestamp="20171117 17:48:10.239" level="INFO">${apiName} = bindings</msg>
<status status="PASS" starttime="20171117 17:48:10.239" endtime="20171117 17:48:10.239"></status>
</kw>
<kw name="List Should Contain Value" library="Collections">
<doc>Fails if the ``value`` is not found from ``list``.</doc>
<arguments>
<arg>${apiDict}</arg>
<arg>verbs</arg>
</arguments>
<status status="PASS" starttime="20171117 17:48:10.239" endtime="20171117 17:48:10.240"></status>
</kw>
<kw name="Get From Dictionary" library="Collections">
<doc>Returns a value from the given ``dictionary`` based on the given ``key``.</doc>
<arguments>
<arg>${apiDict}</arg>
<arg>verbs</arg>
</arguments>
<assign>
<var>${apiVerbs}</var>
</assign>
<msg timestamp="20171117 17:48:10.240" level="INFO">${apiVerbs} = ['create']</msg>
<status status="PASS" starttime="20171117 17:48:10.240" endtime="20171117 17:48:10.240"></status>
</kw>
<kw name="Log List" library="Collections">
<doc>Logs the length and contents of the ``list`` using given ``level``.</doc>
<arguments>
<arg>${apiVerbs}</arg>
</arguments>
<msg timestamp="20171117 17:48:10.241" level="INFO">List has one item:
create</msg>
<status status="PASS" starttime="20171117 17:48:10.240" endtime="20171117 17:48:10.241"></status>
</kw>
<kw name="GetListofapiVerbs">
<arguments>
<arg>${apiVerbs}</arg>
<arg>${apiName}</arg>
</arguments>
<kw name="${apiverb} IN [ @{apiVerbs} ]" type="for">
<kw name="${apiverb} = create" type="foritem">
<kw name="Run Keyword If" library="BuiltIn">
<doc>Runs the given keyword with the given arguments, if ``condition`` is true.</doc>
<arguments>
<arg>'${apiverb}' == 'get'</arg>
<arg>runTestAPIget</arg>
<arg>${apiName}</arg>
</arguments>
<status status="PASS" starttime="20171117 17:48:10.242" endtime="20171117 17:48:10.242"></status>
</kw>
<kw name="Run Keyword If" library="BuiltIn">
<doc>Runs the given keyword with the given arguments, if ``condition`` is true.</doc>
<arguments>
<arg>'${apiverb}' == 'create' and '${apiName}' == 'namespaces'</arg>
<arg>runTestAPIpost</arg>
<arg>${apiName}</arg>
</arguments>
<status status="PASS" starttime="20171117 17:48:10.242" endtime="20171117 17:48:10.243"></status>
</kw>
<status status="PASS" starttime="20171117 17:48:10.242" endtime="20171117 17:48:10.243"></status>
</kw>
<status status="PASS" starttime="20171117 17:48:10.241" endtime="20171117 17:48:10.243"></status>
</kw>
<status status="PASS" starttime="20171117 17:48:10.241" endtime="20171117 17:48:10.243"></status>
</kw>
<status status="PASS" starttime="20171117 17:48:10.238" endtime="20171117 17:48:10.243"></status>
</kw>
<kw name="${apiDict} = {'name': 'componentstatuses', 'singularName': '', 'namespaced': False, 'kind': 'ComponentStatus', 'verbs': ['get', 'list'], 'shortNames': ['cs']}" type="foritem">
<kw name="Get From Dictionary" library="Collections">
<doc>Returns a value from the given ``dictionary`` based on the given ``key``.</doc>
<arguments>
<arg>${apiDict}</arg>
<arg>name</arg>
</arguments>
<assign>
<var>${apiName}</var>
</assign>
<msg timestamp="20171117 17:48:10.244" level="INFO">${apiName} = componentstatuses</msg>
<status status="PASS" starttime="20171117 17:48:10.244" endtime="20171117 17:48:10.244"></status>
</kw>
<kw name="List Should Contain Value" library="Collections">
<doc>Fails if the ``value`` is not found from ``list``.</doc>
<arguments>
<arg>${apiDict}</arg>
<arg>verbs</arg>
</arguments>
<status status="PASS" starttime="20171117 17:48:10.244" endtime="20171117 17:48:10.244"></status>
</kw>
<kw name="Get From Dictionary" library="Collections">
<doc>Returns a value from the given ``dictionary`` based on the given ``key``.</doc>
<arguments>
<arg>${apiDict}</arg>
<arg>verbs</arg>
</arguments>
<assign>
<var>${apiVerbs}</var>
</assign>
<msg timestamp="20171117 17:48:10.245" level="INFO">${apiVerbs} = ['get', 'list']</msg>
<status status="PASS" starttime="20171117 17:48:10.245" endtime="20171117 17:48:10.245"></status>
</kw>
<kw name="Log List" library="Collections">
<doc>Logs the length and contents of the ``list`` using given ``level``.</doc>
<arguments>
<arg>${apiVerbs}</arg>
</arguments>
<msg timestamp="20171117 17:48:10.245" level="INFO">List length is 2 and it contains following items:
0: get
1: list</msg>
<status status="PASS" starttime="20171117 17:48:10.245" endtime="20171117 17:48:10.245"></status>
</kw>
<kw name="GetListofapiVerbs">
<arguments>
<arg>${apiVerbs}</arg>
<arg>${apiName}</arg>
</arguments>
<kw name="${apiverb} IN [ @{apiVerbs} ]" type="for">
<kw name="${apiverb} = get" type="foritem">
<kw name="Run Keyword If" library="BuiltIn">
<doc>Runs the given keyword with the given arguments, if ``condition`` is true.</doc>
<arguments>
<arg>'${apiverb}' == 'get'</arg>
<arg>runTestAPIget</arg>
<arg>${apiName}</arg>
</arguments>
<kw name="runTestAPIget">
<tags>
<tag>componentstatuses</tag>
</tags>
<arguments>
<arg>${apiName}</arg>
</arguments>
<kw name="Create Session" library="RequestsLibrary">
<doc>Create Session: create a HTTP session to a server</doc>
<arguments>
<arg>kubernetes</arg>
<arg>${API_ENDPOINT}</arg>
</arguments>
<msg timestamp="20171117 17:48:10.248" level="INFO">Creating Session using : alias=kubernetes, url=http://127.0.0.1:8080, headers={},                     cookies=None, auth=None, timeout=None, proxies=None, verify=False,                     debug=0 </msg>
<status status="PASS" starttime="20171117 17:48:10.248" endtime="20171117 17:48:10.248"></status>
</kw>
<kw name="Get Request" library="RequestsLibrary">
<doc>Send a GET request on the session object found using the</doc>
<arguments>
<arg>kubernetes</arg>
<arg>/api/v1/${apiName}</arg>
</arguments>
<assign>
<var>${resp}</var>
</assign>
<msg timestamp="20171117 17:48:10.255" level="INFO">Get Request using : alias=kubernetes, uri=/api/v1/componentstatuses, headers=None json=None</msg>
<msg timestamp="20171117 17:48:10.255" level="INFO">${resp} = &lt;Response [200]&gt;</msg>
<status status="PASS" starttime="20171117 17:48:10.248" endtime="20171117 17:48:10.255"></status>
</kw>
<kw name="Set Variable" library="BuiltIn">
<doc>Returns the given values which can then be assigned to a variables.</doc>
<arguments>
<arg>${resp.json()}</arg>
</arguments>
<assign>
<var>${json}</var>
</assign>
<msg timestamp="20171117 17:48:10.256" level="INFO">${json} = {'kind': 'ComponentStatusList', 'apiVersion': 'v1', 'metadata': {'selfLink': '/api/v1/componentstatuses'}, 'items': [{'metadata': {'name': 'controller-manager', 'selfLink': '/api/v1/componentstatuses/...</msg>
<status status="PASS" starttime="20171117 17:48:10.255" endtime="20171117 17:48:10.256"></status>
</kw>
<kw name="Log" library="BuiltIn">
<doc>Logs the given message with the given level.</doc>
<arguments>
<arg>${json}</arg>
</arguments>
<msg timestamp="20171117 17:48:10.256" level="INFO">{'kind': 'ComponentStatusList', 'apiVersion': 'v1', 'metadata': {'selfLink': '/api/v1/componentstatuses'}, 'items': [{'metadata': {'name': 'controller-manager', 'selfLink': '/api/v1/componentstatuses/controller-manager', 'creationTimestamp': None}, 'conditions': [{'type': 'Healthy', 'status': 'True', 'message': 'ok'}]}, {'metadata': {'name': 'scheduler', 'selfLink': '/api/v1/componentstatuses/scheduler', 'creationTimestamp': None}, 'conditions': [{'type': 'Healthy', 'status': 'True', 'message': 'ok'}]}, {'metadata': {'name': 'etcd-0', 'selfLink': '/api/v1/componentstatuses/etcd-0', 'creationTimestamp': None}, 'conditions': [{'type': 'Healthy', 'status': 'True', 'message': '{"health": "true"}'}]}]}</msg>
<status status="PASS" starttime="20171117 17:48:10.256" endtime="20171117 17:48:10.256"></status>
</kw>
<status status="PASS" starttime="20171117 17:48:10.247" endtime="20171117 17:48:10.257"></status>
</kw>
<status status="PASS" starttime="20171117 17:48:10.247" endtime="20171117 17:48:10.257"></status>
</kw>
<kw name="Run Keyword If" library="BuiltIn">
<doc>Runs the given keyword with the given arguments, if ``condition`` is true.</doc>
<arguments>
<arg>'${apiverb}' == 'create' and '${apiName}' == 'namespaces'</arg>
<arg>runTestAPIpost</arg>
<arg>${apiName}</arg>
</arguments>
<status status="PASS" starttime="20171117 17:48:10.257" endtime="20171117 17:48:10.257"></status>
</kw>
<status status="PASS" starttime="20171117 17:48:10.246" endtime="20171117 17:48:10.257"></status>
</kw>
<kw name="${apiverb} = list" type="foritem">
<kw name="Run Keyword If" library="BuiltIn">
<doc>Runs the given keyword with the given arguments, if ``condition`` is true.</doc>
<arguments>
<arg>'${apiverb}' == 'get'</arg>
<arg>runTestAPIget</arg>
<arg>${apiName}</arg>
</arguments>
<status status="PASS" starttime="20171117 17:48:10.258" endtime="20171117 17:48:10.258"></status>
</kw>
<kw name="Run Keyword If" library="BuiltIn">
<doc>Runs the given keyword with the given arguments, if ``condition`` is true.</doc>
<arguments>
<arg>'${apiverb}' == 'create' and '${apiName}' == 'namespaces'</arg>
<arg>runTestAPIpost</arg>
<arg>${apiName}</arg>
</arguments>
<status status="PASS" starttime="20171117 17:48:10.258" endtime="20171117 17:48:10.259"></status>
</kw>
<status status="PASS" starttime="20171117 17:48:10.258" endtime="20171117 17:48:10.259"></status>
</kw>
<status status="PASS" starttime="20171117 17:48:10.246" endtime="20171117 17:48:10.259"></status>
</kw>
<status status="PASS" starttime="20171117 17:48:10.246" endtime="20171117 17:48:10.259"></status>
</kw>
<status status="PASS" starttime="20171117 17:48:10.243" endtime="20171117 17:48:10.259"></status>
</kw>
<kw name="${apiDict} = {'name': 'configmaps', 'singularName': '', 'namespaced': True, 'kind': 'ConfigMap', 'verbs': ['create', 'delete', 'deletecollection', 'get', 'list', 'patch', 'update', 'watch'], 'shortNames': ['cm']}" type="foritem">
<kw name="Get From Dictionary" library="Collections">
<doc>Returns a value from the given ``dictionary`` based on the given ``key``.</doc>
<arguments>
<arg>${apiDict}</arg>
<arg>name</arg>
</arguments>
<assign>
<var>${apiName}</var>
</assign>
<msg timestamp="20171117 17:48:10.260" level="INFO">${apiName} = configmaps</msg>
<status status="PASS" starttime="20171117 17:48:10.260" endtime="20171117 17:48:10.260"></status>
</kw>
<kw name="List Should Contain Value" library="Collections">
<doc>Fails if the ``value`` is not found from ``list``.</doc>
<arguments>
<arg>${apiDict}</arg>
<arg>verbs</arg>
</arguments>
<status status="PASS" starttime="20171117 17:48:10.260" endtime="20171117 17:48:10.261"></status>
</kw>
<kw name="Get From Dictionary" library="Collections">
<doc>Returns a value from the given ``dictionary`` based on the given ``key``.</doc>
<arguments>
<arg>${apiDict}</arg>
<arg>verbs</arg>
</arguments>
<assign>
<var>${apiVerbs}</var>
</assign>
<msg timestamp="20171117 17:48:10.261" level="INFO">${apiVerbs} = ['create', 'delete', 'deletecollection', 'get', 'list', 'patch', 'update', 'watch']</msg>
<status status="PASS" starttime="20171117 17:48:10.261" endtime="20171117 17:48:10.261"></status>
</kw>
<kw name="Log List" library="Collections">
<doc>Logs the length and contents of the ``list`` using given ``level``.</doc>
<arguments>
<arg>${apiVerbs}</arg>
</arguments>
<msg timestamp="20171117 17:48:10.262" level="INFO">List length is 8 and it contains following items:
0: create
1: delete
2: deletecollection
3: get
4: list
5: patch
6: update
7: watch</msg>
<status status="PASS" starttime="20171117 17:48:10.261" endtime="20171117 17:48:10.262"></status>
</kw>
<kw name="GetListofapiVerbs">
<arguments>
<arg>${apiVerbs}</arg>
<arg>${apiName}</arg>
</arguments>
<kw name="${apiverb} IN [ @{apiVerbs} ]" type="for">
<kw name="${apiverb} = create" type="foritem">
<kw name="Run Keyword If" library="BuiltIn">
<doc>Runs the given keyword with the given arguments, if ``condition`` is true.</doc>
<arguments>
<arg>'${apiverb}' == 'get'</arg>
<arg>runTestAPIget</arg>
<arg>${apiName}</arg>
</arguments>
<status status="PASS" starttime="20171117 17:48:10.263" endtime="20171117 17:48:10.263"></status>
</kw>
<kw name="Run Keyword If" library="BuiltIn">
<doc>Runs the given keyword with the given arguments, if ``condition`` is true.</doc>
<arguments>
<arg>'${apiverb}' == 'create' and '${apiName}' == 'namespaces'</arg>
<arg>runTestAPIpost</arg>
<arg>${apiName}</arg>
</arguments>
<status status="PASS" starttime="20171117 17:48:10.264" endtime="20171117 17:48:10.264"></status>
</kw>
<status status="PASS" starttime="20171117 17:48:10.263" endtime="20171117 17:48:10.264"></status>
</kw>
<kw name="${apiverb} = delete" type="foritem">
<kw name="Run Keyword If" library="BuiltIn">
<doc>Runs the given keyword with the given arguments, if ``condition`` is true.</doc>
<arguments>
<arg>'${apiverb}' == 'get'</arg>
<arg>runTestAPIget</arg>
<arg>${apiName}</arg>
</arguments>
<status status="PASS" starttime="20171117 17:48:10.264" endtime="20171117 17:48:10.265"></status>
</kw>
<kw name="Run Keyword If" library="BuiltIn">
<doc>Runs the given keyword with the given arguments, if ``condition`` is true.</doc>
<arguments>
<arg>'${apiverb}' == 'create' and '${apiName}' == 'namespaces'</arg>
<arg>runTestAPIpost</arg>
<arg>${apiName}</arg>
</arguments>
<status status="PASS" starttime="20171117 17:48:10.265" endtime="20171117 17:48:10.265"></status>
</kw>
<status status="PASS" starttime="20171117 17:48:10.264" endtime="20171117 17:48:10.266"></status>
</kw>
<kw name="${apiverb} = deletecollection" type="foritem">
<kw name="Run Keyword If" library="BuiltIn">
<doc>Runs the given keyword with the given arguments, if ``condition`` is true.</doc>
<arguments>
<arg>'${apiverb}' == 'get'</arg>
<arg>runTestAPIget</arg>
<arg>${apiName}</arg>
</arguments>
<status status="PASS" starttime="20171117 17:48:10.266" endtime="20171117 17:48:10.266"></status>
</kw>
<kw name="Run Keyword If" library="BuiltIn">
<doc>Runs the given keyword with the given arguments, if ``condition`` is true.</doc>
<arguments>
<arg>'${apiverb}' == 'create' and '${apiName}' == 'namespaces'</arg>
<arg>runTestAPIpost</arg>
<arg>${apiName}</arg>
</arguments>
<status status="PASS" starttime="20171117 17:48:10.266" endtime="20171117 17:48:10.267"></status>
</kw>
<status status="PASS" starttime="20171117 17:48:10.266" endtime="20171117 17:48:10.267"></status>
</kw>
<kw name="${apiverb} = get" type="foritem">
<kw name="Run Keyword If" library="BuiltIn">
<doc>Runs the given keyword with the given arguments, if ``condition`` is true.</doc>
<arguments>
<arg>'${apiverb}' == 'get'</arg>
<arg>runTestAPIget</arg>
<arg>${apiName}</arg>
</arguments>
<kw name="runTestAPIget">
<tags>
<tag>configmaps</tag>
</tags>
<arguments>
<arg>${apiName}</arg>
</arguments>
<kw name="Create Session" library="RequestsLibrary">
<doc>Create Session: create a HTTP session to a server</doc>
<arguments>
<arg>kubernetes</arg>
<arg>${API_ENDPOINT}</arg>
</arguments>
<msg timestamp="20171117 17:48:10.270" level="INFO">Creating Session using : alias=kubernetes, url=http://127.0.0.1:8080, headers={},                     cookies=None, auth=None, timeout=None, proxies=None, verify=False,                     debug=0 </msg>
<status status="PASS" starttime="20171117 17:48:10.268" endtime="20171117 17:48:10.270"></status>
</kw>
<kw name="Get Request" library="RequestsLibrary">
<doc>Send a GET request on the session object found using the</doc>
<arguments>
<arg>kubernetes</arg>
<arg>/api/v1/${apiName}</arg>
</arguments>
<assign>
<var>${resp}</var>
</assign>
<msg timestamp="20171117 17:48:10.275" level="INFO">Get Request using : alias=kubernetes, uri=/api/v1/configmaps, headers=None json=None</msg>
<msg timestamp="20171117 17:48:10.275" level="INFO">${resp} = &lt;Response [200]&gt;</msg>
<status status="PASS" starttime="20171117 17:48:10.270" endtime="20171117 17:48:10.275"></status>
</kw>
<kw name="Set Variable" library="BuiltIn">
<doc>Returns the given values which can then be assigned to a variables.</doc>
<arguments>
<arg>${resp.json()}</arg>
</arguments>
<assign>
<var>${json}</var>
</assign>
<msg timestamp="20171117 17:48:10.276" level="INFO">${json} = {'kind': 'ConfigMapList', 'apiVersion': 'v1', 'metadata': {'selfLink': '/api/v1/configmaps', 'resourceVersion': '344896'}, 'items': [{'metadata': {'name': 'extension-apiserver-authentication', 'namesp...</msg>
<status status="PASS" starttime="20171117 17:48:10.276" endtime="20171117 17:48:10.276"></status>
</kw>
<kw name="Log" library="BuiltIn">
<doc>Logs the given message with the given level.</doc>
<arguments>
<arg>${json}</arg>
</arguments>
<msg timestamp="20171117 17:48:10.277" level="INFO">{'kind': 'ConfigMapList', 'apiVersion': 'v1', 'metadata': {'selfLink': '/api/v1/configmaps', 'resourceVersion': '344896'}, 'items': [{'metadata': {'name': 'extension-apiserver-authentication', 'namespace': 'kube-system', 'selfLink': '/api/v1/namespaces/kube-system/configmaps/extension-apiserver-authentication', 'uid': 'b0563f3d-c960-11e7-b342-5254002b24c6', 'resourceVersion': '15', 'creationTimestamp': '2017-11-14T17:24:37Z'}, 'data': {'client-ca-file': '-----BEGIN CERTIFICATE-----\nMIIC5zCCAc+gAwIBAgIBATANBgkqhkiG9w0BAQsFADAVMRMwEQYDVQQDEwptaW5p\na3ViZUNBMB4XDTE3MTAzMDIwNDA1NFoXDTI3MTAyODIwNDA1NFowFTETMBEGA1UE\nAxMKbWluaWt1YmVDQTCCASIwDQYJKoZIhvcNAQEBBQADggEPADCCAQoCggEBAKHo\nf1KZ2wXEeSegPBrwFVtEK/bKf15GYJblub1rhTY+legYv/iZjZ2/HpHu4qQauNRx\nEwuepxANGTQeC/KkFOlZ4LjPxXzMZXnYlIMmjcdq2glurF4cIOgbCyVFb6Bat5Ib\nbOX48Ov/KtHlyZ7wcaG7B6puKn4nHIhHULfa3IH77YL1I1u/UOOLfVzlGChjn8dY\nQ+++F7hEJztNzu/66RR6xaaohi0c2e8TvvYb9W2987HJD/AQoAXdUVR6lVOMUShG\n7EBqGr+Ov8Hc/k/WRMDaRK1AtVanaTiDhRtR3iI2ZaY/D1Yz858EZos2r3TUA+Jh\niZsmefNJwG5ZRnn6Wp0CAwEAAaNCMEAwDgYDVR0PAQH/BAQDAgKkMB0GA1UdJQQW\nMBQGCCsGAQUFBwMCBggrBgEFBQcDATAPBgNVHRMBAf8EBTADAQH/MA0GCSqGSIb3\nDQEBCwUAA4IBAQAfDUZW+WG+lFup/ifvsJHyJo6hlZ6vz+A46JHcQnh//iMjAWpO\nv7Lj4SdEGYrxfWqFpDw3CxdUizR7OCWNyd5uR9YJz3+uGIn9p4BN8LltLbOyY0Ad\nhvrYqo1DWldXM3n3xsO9b4hUYopJkk29RGLEog8auDgVfJZuXXbru/OE8kMMdKUG\nphJmX3+BUS83J1JHuH8R0G1qVl4hH3J+CCUDH5oiorkdwg3/fB/Lm6blBWxy5Mxg\nQrXYALmzFyiZxRABq/13nVp0sh57ec/JR6hTj/450Xn+O9/HgOeJBvKWC03uCK9f\nDDPzu3DBR6StbrJXVUnRROHGqANxV2bknRcc\n-----END CERTIFICATE-----\n', 'requestheader-allowed-names': '[]', 'requestheader-client-ca-file': '-----BEGIN CERTIFICATE-----\nMIIC7TCCAdWgAwIBAgIBATANBgkqhkiG9w0BAQsFADAYMRYwFAYDVQQDEw1wcm94\neUNsaWVudENBMB4XDTE3MTAzMDIwNDA1NFoXDTI3MTAyODIwNDA1NFowGDEWMBQG\nA1UEAxMNcHJveHlDbGllbnRDQTCCASIwDQYJKoZIhvcNAQEBBQADggEPADCCAQoC\nggEBAJtgvzrsXrLabJejaJ86icaurNcO0bfVxZTgHVLUUhogCpl5ArmuhcLAk/96\n47KLT1+WprVaDQribXvaAmhElWYLG/rP+2g34EEl/HOflB4Tf1wSTjod01aWh+WA\nhJLC+dVIUqA6iN0s5h2ZbNvtcb5Kc0PEPi5n8x4Opv2ywNTLycQZtfTEMGzGxkSp\n1MKnx3bdxOManb+zrfDxoecsYSvviqYHwtz+TGhczOTuSXU4qrL3lkDglcKprmhe\nFUN/Vlx+A1rhKzp4TyOwj1IZ9Sh/5A+I1kwL441mXOLnJ/P2lIHx0pkA2QUukpY1\nFoG6adIQhWKg9m7qtC2MO4Mix4MCAwEAAaNCMEAwDgYDVR0PAQH/BAQDAgKkMB0G\nA1UdJQQWMBQGCCsGAQUFBwMCBggrBgEFBQcDATAPBgNVHRMBAf8EBTADAQH/MA0G\nCSqGSIb3DQEBCwUAA4IBAQBN31Lt51HALSyrjPT8fX821JBn807d/DYhqMpSW33W\n0bXcbxUVZnkXy+p6u9/GE235dPdO9x/3VlIBjdmEkX6FyWtENsVB72XcDfBkCch7\nB4pASG5gMnywsc+5jxW1scen1gWhx3/ofN+UcaIiB7n73CJWS7DWhbKkk4X2GmkW\nCv4Xg1/2l2nIdTnz5ztGDssDwVm0rxQhRQAuX+PmSfxVhQ38s8TF/tsSWOW7EKsu\nF2V2eCwd1z7YmQKu7COeGTEsheWfws0pBoffFf1csVLvIh8vn+QrwaVhQFoNpch1\nsijrrLY/ei1yZQTYbiTvHUai8ENF9U8j9APqLJ+ANE5a\n-----END CERTIFICATE-----\n', 'requestheader-extra-headers-prefix': '["X-Remote-Extra-"]', 'requestheader-group-headers': '["X-Remote-Group"]', 'requestheader-username-headers': '["X-Remote-User"]'}}, {'metadata': {'name': 'ingress-controller-leader-nginx', 'namespace': 'kube-system', 'selfLink': '/api/v1/namespaces/kube-system/configmaps/ingress-controller-leader-nginx', 'uid': 'd9af41ef-c960-11e7-b342-5254002b24c6', 'resourceVersion': '344896', 'creationTimestamp': '2017-11-14T17:25:46Z', 'annotations': {'control-plane.alpha.kubernetes.io/leader': '{"holderIdentity":"nginx-ingress-controller-s8gnw","leaseDurationSeconds":30,"acquireTime":"2017-11-14T17:25:46Z","renewTime":"2017-11-17T22:48:09Z","leaderTransitions":0}'}}}, {'metadata': {'name': 'kube-dns', 'namespace': 'kube-system', 'selfLink': '/api/v1/namespaces/kube-system/configmaps/kube-dns', 'uid': 'b7054a29-c960-11e7-b342-5254002b24c6', 'resourceVersion': '78', 'creationTimestamp': '2017-11-14T17:24:48Z', 'labels': {'addonmanager.kubernetes.io/mode': 'EnsureExists'}}}, {'metadata': {'name': 'nginx-load-balancer-conf', 'namespace': 'kube-system', 'selfLink': '/api/v1/namespaces/kube-system/configmaps/nginx-load-balancer-conf', 'uid': 'b7ccbc2f-c960-11e7-b342-5254002b24c6', 'resourceVersion': '93', 'creationTimestamp': '2017-11-14T17:24:49Z', 'labels': {'addonmanager.kubernetes.io/mode': 'Reconcile'}, 'annotations': {'kubectl.kubernetes.io/last-applied-configuration': '{"apiVersion":"v1","data":{"map-hash-bucket-size":"128"},"kind":"ConfigMap","metadata":{"annotations":{},"labels":{"addonmanager.kubernetes.io/mode":"Reconcile"},"name":"nginx-load-balancer-conf","namespace":"kube-system"}}\n'}}, 'data': {'map-hash-bucket-size': '128'}}]}</msg>
<status status="PASS" starttime="20171117 17:48:10.277" endtime="20171117 17:48:10.277"></status>
</kw>
<status status="PASS" starttime="20171117 17:48:10.268" endtime="20171117 17:48:10.277"></status>
</kw>
<status status="PASS" starttime="20171117 17:48:10.267" endtime="20171117 17:48:10.277"></status>
</kw>
<kw name="Run Keyword If" library="BuiltIn">
<doc>Runs the given keyword with the given arguments, if ``condition`` is true.</doc>
<arguments>
<arg>'${apiverb}' == 'create' and '${apiName}' == 'namespaces'</arg>
<arg>runTestAPIpost</arg>
<arg>${apiName}</arg>
</arguments>
<status status="PASS" starttime="20171117 17:48:10.277" endtime="20171117 17:48:10.278"></status>
</kw>
<status status="PASS" starttime="20171117 17:48:10.267" endtime="20171117 17:48:10.278"></status>
</kw>
<kw name="${apiverb} = list" type="foritem">
<kw name="Run Keyword If" library="BuiltIn">
<doc>Runs the given keyword with the given arguments, if ``condition`` is true.</doc>
<arguments>
<arg>'${apiverb}' == 'get'</arg>
<arg>runTestAPIget</arg>
<arg>${apiName}</arg>
</arguments>
<status status="PASS" starttime="20171117 17:48:10.278" endtime="20171117 17:48:10.279"></status>
</kw>
<kw name="Run Keyword If" library="BuiltIn">
<doc>Runs the given keyword with the given arguments, if ``condition`` is true.</doc>
<arguments>
<arg>'${apiverb}' == 'create' and '${apiName}' == 'namespaces'</arg>
<arg>runTestAPIpost</arg>
<arg>${apiName}</arg>
</arguments>
<status status="PASS" starttime="20171117 17:48:10.279" endtime="20171117 17:48:10.279"></status>
</kw>
<status status="PASS" starttime="20171117 17:48:10.278" endtime="20171117 17:48:10.279"></status>
</kw>
<kw name="${apiverb} = patch" type="foritem">
<kw name="Run Keyword If" library="BuiltIn">
<doc>Runs the given keyword with the given arguments, if ``condition`` is true.</doc>
<arguments>
<arg>'${apiverb}' == 'get'</arg>
<arg>runTestAPIget</arg>
<arg>${apiName}</arg>
</arguments>
<status status="PASS" starttime="20171117 17:48:10.280" endtime="20171117 17:48:10.280"></status>
</kw>
<kw name="Run Keyword If" library="BuiltIn">
<doc>Runs the given keyword with the given arguments, if ``condition`` is true.</doc>
<arguments>
<arg>'${apiverb}' == 'create' and '${apiName}' == 'namespaces'</arg>
<arg>runTestAPIpost</arg>
<arg>${apiName}</arg>
</arguments>
<status status="PASS" starttime="20171117 17:48:10.280" endtime="20171117 17:48:10.281"></status>
</kw>
<status status="PASS" starttime="20171117 17:48:10.279" endtime="20171117 17:48:10.281"></status>
</kw>
<kw name="${apiverb} = update" type="foritem">
<kw name="Run Keyword If" library="BuiltIn">
<doc>Runs the given keyword with the given arguments, if ``condition`` is true.</doc>
<arguments>
<arg>'${apiverb}' == 'get'</arg>
<arg>runTestAPIget</arg>
<arg>${apiName}</arg>
</arguments>
<status status="PASS" starttime="20171117 17:48:10.281" endtime="20171117 17:48:10.281"></status>
</kw>
<kw name="Run Keyword If" library="BuiltIn">
<doc>Runs the given keyword with the given arguments, if ``condition`` is true.</doc>
<arguments>
<arg>'${apiverb}' == 'create' and '${apiName}' == 'namespaces'</arg>
<arg>runTestAPIpost</arg>
<arg>${apiName}</arg>
</arguments>
<status status="PASS" starttime="20171117 17:48:10.282" endtime="20171117 17:48:10.282"></status>
</kw>
<status status="PASS" starttime="20171117 17:48:10.281" endtime="20171117 17:48:10.282"></status>
</kw>
<kw name="${apiverb} = watch" type="foritem">
<kw name="Run Keyword If" library="BuiltIn">
<doc>Runs the given keyword with the given arguments, if ``condition`` is true.</doc>
<arguments>
<arg>'${apiverb}' == 'get'</arg>
<arg>runTestAPIget</arg>
<arg>${apiName}</arg>
</arguments>
<status status="PASS" starttime="20171117 17:48:10.282" endtime="20171117 17:48:10.283"></status>
</kw>
<kw name="Run Keyword If" library="BuiltIn">
<doc>Runs the given keyword with the given arguments, if ``condition`` is true.</doc>
<arguments>
<arg>'${apiverb}' == 'create' and '${apiName}' == 'namespaces'</arg>
<arg>runTestAPIpost</arg>
<arg>${apiName}</arg>
</arguments>
<status status="PASS" starttime="20171117 17:48:10.283" endtime="20171117 17:48:10.283"></status>
</kw>
<status status="PASS" starttime="20171117 17:48:10.282" endtime="20171117 17:48:10.283"></status>
</kw>
<status status="PASS" starttime="20171117 17:48:10.262" endtime="20171117 17:48:10.283"></status>
</kw>
<status status="PASS" starttime="20171117 17:48:10.262" endtime="20171117 17:48:10.283"></status>
</kw>
<status status="PASS" starttime="20171117 17:48:10.260" endtime="20171117 17:48:10.284"></status>
</kw>
<kw name="${apiDict} = {'name': 'endpoints', 'singularName': '', 'namespaced': True, 'kind': 'Endpoints', 'verbs': ['create', 'delete', 'deletecollection', 'get', 'list', 'patch', 'update', 'watch'], 'shortNames': ['ep']}" type="foritem">
<kw name="Get From Dictionary" library="Collections">
<doc>Returns a value from the given ``dictionary`` based on the given ``key``.</doc>
<arguments>
<arg>${apiDict}</arg>
<arg>name</arg>
</arguments>
<assign>
<var>${apiName}</var>
</assign>
<msg timestamp="20171117 17:48:10.284" level="INFO">${apiName} = endpoints</msg>
<status status="PASS" starttime="20171117 17:48:10.284" endtime="20171117 17:48:10.284"></status>
</kw>
<kw name="List Should Contain Value" library="Collections">
<doc>Fails if the ``value`` is not found from ``list``.</doc>
<arguments>
<arg>${apiDict}</arg>
<arg>verbs</arg>
</arguments>
<status status="PASS" starttime="20171117 17:48:10.284" endtime="20171117 17:48:10.285"></status>
</kw>
<kw name="Get From Dictionary" library="Collections">
<doc>Returns a value from the given ``dictionary`` based on the given ``key``.</doc>
<arguments>
<arg>${apiDict}</arg>
<arg>verbs</arg>
</arguments>
<assign>
<var>${apiVerbs}</var>
</assign>
<msg timestamp="20171117 17:48:10.285" level="INFO">${apiVerbs} = ['create', 'delete', 'deletecollection', 'get', 'list', 'patch', 'update', 'watch']</msg>
<status status="PASS" starttime="20171117 17:48:10.285" endtime="20171117 17:48:10.285"></status>
</kw>
<kw name="Log List" library="Collections">
<doc>Logs the length and contents of the ``list`` using given ``level``.</doc>
<arguments>
<arg>${apiVerbs}</arg>
</arguments>
<msg timestamp="20171117 17:48:10.286" level="INFO">List length is 8 and it contains following items:
0: create
1: delete
2: deletecollection
3: get
4: list
5: patch
6: update
7: watch</msg>
<status status="PASS" starttime="20171117 17:48:10.286" endtime="20171117 17:48:10.286"></status>
</kw>
<kw name="GetListofapiVerbs">
<arguments>
<arg>${apiVerbs}</arg>
<arg>${apiName}</arg>
</arguments>
<kw name="${apiverb} IN [ @{apiVerbs} ]" type="for">
<kw name="${apiverb} = create" type="foritem">
<kw name="Run Keyword If" library="BuiltIn">
<doc>Runs the given keyword with the given arguments, if ``condition`` is true.</doc>
<arguments>
<arg>'${apiverb}' == 'get'</arg>
<arg>runTestAPIget</arg>
<arg>${apiName}</arg>
</arguments>
<status status="PASS" starttime="20171117 17:48:10.287" endtime="20171117 17:48:10.287"></status>
</kw>
<kw name="Run Keyword If" library="BuiltIn">
<doc>Runs the given keyword with the given arguments, if ``condition`` is true.</doc>
<arguments>
<arg>'${apiverb}' == 'create' and '${apiName}' == 'namespaces'</arg>
<arg>runTestAPIpost</arg>
<arg>${apiName}</arg>
</arguments>
<status status="PASS" starttime="20171117 17:48:10.288" endtime="20171117 17:48:10.288"></status>
</kw>
<status status="PASS" starttime="20171117 17:48:10.287" endtime="20171117 17:48:10.288"></status>
</kw>
<kw name="${apiverb} = delete" type="foritem">
<kw name="Run Keyword If" library="BuiltIn">
<doc>Runs the given keyword with the given arguments, if ``condition`` is true.</doc>
<arguments>
<arg>'${apiverb}' == 'get'</arg>
<arg>runTestAPIget</arg>
<arg>${apiName}</arg>
</arguments>
<status status="PASS" starttime="20171117 17:48:10.288" endtime="20171117 17:48:10.289"></status>
</kw>
<kw name="Run Keyword If" library="BuiltIn">
<doc>Runs the given keyword with the given arguments, if ``condition`` is true.</doc>
<arguments>
<arg>'${apiverb}' == 'create' and '${apiName}' == 'namespaces'</arg>
<arg>runTestAPIpost</arg>
<arg>${apiName}</arg>
</arguments>
<status status="PASS" starttime="20171117 17:48:10.289" endtime="20171117 17:48:10.289"></status>
</kw>
<status status="PASS" starttime="20171117 17:48:10.288" endtime="20171117 17:48:10.289"></status>
</kw>
<kw name="${apiverb} = deletecollection" type="foritem">
<kw name="Run Keyword If" library="BuiltIn">
<doc>Runs the given keyword with the given arguments, if ``condition`` is true.</doc>
<arguments>
<arg>'${apiverb}' == 'get'</arg>
<arg>runTestAPIget</arg>
<arg>${apiName}</arg>
</arguments>
<status status="PASS" starttime="20171117 17:48:10.290" endtime="20171117 17:48:10.290"></status>
</kw>
<kw name="Run Keyword If" library="BuiltIn">
<doc>Runs the given keyword with the given arguments, if ``condition`` is true.</doc>
<arguments>
<arg>'${apiverb}' == 'create' and '${apiName}' == 'namespaces'</arg>
<arg>runTestAPIpost</arg>
<arg>${apiName}</arg>
</arguments>
<status status="PASS" starttime="20171117 17:48:10.290" endtime="20171117 17:48:10.291"></status>
</kw>
<status status="PASS" starttime="20171117 17:48:10.289" endtime="20171117 17:48:10.291"></status>
</kw>
<kw name="${apiverb} = get" type="foritem">
<kw name="Run Keyword If" library="BuiltIn">
<doc>Runs the given keyword with the given arguments, if ``condition`` is true.</doc>
<arguments>
<arg>'${apiverb}' == 'get'</arg>
<arg>runTestAPIget</arg>
<arg>${apiName}</arg>
</arguments>
<kw name="runTestAPIget">
<tags>
<tag>endpoints</tag>
</tags>
<arguments>
<arg>${apiName}</arg>
</arguments>
<kw name="Create Session" library="RequestsLibrary">
<doc>Create Session: create a HTTP session to a server</doc>
<arguments>
<arg>kubernetes</arg>
<arg>${API_ENDPOINT}</arg>
</arguments>
<msg timestamp="20171117 17:48:10.292" level="INFO">Creating Session using : alias=kubernetes, url=http://127.0.0.1:8080, headers={},                     cookies=None, auth=None, timeout=None, proxies=None, verify=False,                     debug=0 </msg>
<status status="PASS" starttime="20171117 17:48:10.292" endtime="20171117 17:48:10.293"></status>
</kw>
<kw name="Get Request" library="RequestsLibrary">
<doc>Send a GET request on the session object found using the</doc>
<arguments>
<arg>kubernetes</arg>
<arg>/api/v1/${apiName}</arg>
</arguments>
<assign>
<var>${resp}</var>
</assign>
<msg timestamp="20171117 17:48:10.299" level="INFO">Get Request using : alias=kubernetes, uri=/api/v1/endpoints, headers=None json=None</msg>
<msg timestamp="20171117 17:48:10.299" level="INFO">${resp} = &lt;Response [200]&gt;</msg>
<status status="PASS" starttime="20171117 17:48:10.293" endtime="20171117 17:48:10.299"></status>
</kw>
<kw name="Set Variable" library="BuiltIn">
<doc>Returns the given values which can then be assigned to a variables.</doc>
<arguments>
<arg>${resp.json()}</arg>
</arguments>
<assign>
<var>${json}</var>
</assign>
<msg timestamp="20171117 17:48:10.300" level="INFO">${json} = {'kind': 'EndpointsList', 'apiVersion': 'v1', 'metadata': {'selfLink': '/api/v1/endpoints', 'resourceVersion': '344896'}, 'items': [{'metadata': {'name': 'hello-minikube', 'namespace': 'default', 'sel...</msg>
<status status="PASS" starttime="20171117 17:48:10.299" endtime="20171117 17:48:10.300"></status>
</kw>
<kw name="Log" library="BuiltIn">
<doc>Logs the given message with the given level.</doc>
<arguments>
<arg>${json}</arg>
</arguments>
<msg timestamp="20171117 17:48:10.301" level="INFO">{'kind': 'EndpointsList', 'apiVersion': 'v1', 'metadata': {'selfLink': '/api/v1/endpoints', 'resourceVersion': '344896'}, 'items': [{'metadata': {'name': 'hello-minikube', 'namespace': 'default', 'selfLink': '/api/v1/namespaces/default/endpoints/hello-minikube', 'uid': '6db508be-c961-11e7-b342-5254002b24c6', 'resourceVersion': '607', 'creationTimestamp': '2017-11-14T17:29:54Z', 'labels': {'run': 'hello-minikube'}}, 'subsets': [{'addresses': [{'ip': '172.17.0.6', 'nodeName': 'minikube', 'targetRef': {'kind': 'Pod', 'namespace': 'default', 'name': 'hello-minikube-5d89cbb865-znjsc', 'uid': '689c1e52-c961-11e7-b342-5254002b24c6', 'resourceVersion': '605'}}], 'ports': [{'port': 8081, 'protocol': 'TCP'}]}]}, {'metadata': {'name': 'kubernetes', 'namespace': 'default', 'selfLink': '/api/v1/namespaces/default/endpoints/kubernetes', 'uid': 'afc12d95-c960-11e7-b342-5254002b24c6', 'resourceVersion': '7', 'creationTimestamp': '2017-11-14T17:24:36Z'}, 'subsets': [{'addresses': [{'ip': '192.168.122.111'}], 'ports': [{'name': 'https', 'port': 8443, 'protocol': 'TCP'}]}]}, {'metadata': {'name': 'nginx-service', 'namespace': 'default', 'selfLink': '/api/v1/namespaces/default/endpoints/nginx-service', 'uid': '74398da1-cbe5-11e7-b342-5254002b24c6', 'resourceVersion': '342808', 'creationTimestamp': '2017-11-17T22:20:01Z', 'labels': {'name': 'nginx'}}, 'subsets': [{'addresses': [{'ip': '172.17.0.7', 'nodeName': 'minikube', 'targetRef': {'kind': 'Pod', 'namespace': 'default', 'name': 'nginx', 'uid': 'a643664d-cbe1-11e7-b342-5254002b24c6', 'resourceVersion': '340803'}}], 'ports': [{'port': 80, 'protocol': 'TCP'}]}]}, {'metadata': {'name': 'default-http-backend', 'namespace': 'kube-system', 'selfLink': '/api/v1/namespaces/kube-system/endpoints/default-http-backend', 'uid': 'b7f5fbbd-c960-11e7-b342-5254002b24c6', 'resourceVersion': '248', 'creationTimestamp': '2017-11-14T17:24:49Z', 'labels': {'addonmanager.kubernetes.io/mode': 'Reconcile', 'app': 'default-http-backend'}}, 'subsets': [{'addresses': [{'ip': '172.17.0.3', 'nodeName': 'minikube', 'targetRef': {'kind': 'Pod', 'namespace': 'kube-system', 'name': 'default-http-backend-vs9l5', 'uid': 'b7dcabb2-c960-11e7-b342-5254002b24c6', 'resourceVersion': '247'}}], 'ports': [{'port': 8080, 'protocol': 'TCP'}]}]}, {'metadata': {'name': 'kube-controller-manager', 'namespace': 'kube-system', 'selfLink': '/api/v1/namespaces/kube-system/endpoints/kube-controller-manager', 'uid': 'b09e7d16-c960-11e7-b342-5254002b24c6', 'resourceVersion': '344894', 'creationTimestamp': '2017-11-14T17:24:37Z', 'annotations': {'control-plane.alpha.kubernetes.io/leader': '{"holderIdentity":"minikube","leaseDurationSeconds":15,"acquireTime":"2017-11-14T17:24:37Z","renewTime":"2017-11-17T22:48:09Z","leaderTransitions":0}'}}, 'subsets': None}, {'metadata': {'name': 'kube-dns', 'namespace': 'kube-system', 'selfLink': '/api/v1/namespaces/kube-system/endpoints/kube-dns', 'uid': 'b81546c9-c960-11e7-b342-5254002b24c6', 'resourceVersion': '184', 'creationTimestamp': '2017-11-14T17:24:50Z', 'labels': {'addonmanager.kubernetes.io/mode': 'Reconcile', 'k8s-app': 'kube-dns', 'kubernetes.io/name': 'KubeDNS'}}, 'subsets': [{'addresses': [{'ip': '172.17.0.5', 'nodeName': 'minikube', 'targetRef': {'kind': 'Pod', 'namespace': 'kube-system', 'name': 'kube-dns-6fc954457d-7gk8n', 'uid': 'b80a582f-c960-11e7-b342-5254002b24c6', 'resourceVersion': '183'}}], 'ports': [{'name': 'dns', 'port': 53, 'protocol': 'UDP'}, {'name': 'dns-tcp', 'port': 53, 'protocol': 'TCP'}]}]}, {'metadata': {'name': 'kube-scheduler', 'namespace': 'kube-system', 'selfLink': '/api/v1/namespaces/kube-system/endpoints/kube-scheduler', 'uid': 'b1af1ccb-c960-11e7-b342-5254002b24c6', 'resourceVersion': '344895', 'creationTimestamp': '2017-11-14T17:24:39Z', 'annotations': {'control-plane.alpha.kubernetes.io/leader': '{"holderIdentity":"minikube","leaseDurationSeconds":15,"acquireTime":"2017-11-14T17:24:39Z","renewTime":"2017-11-17T22:48:09Z","leaderTransitions":0}'}}, 'subsets': None}, {'metadata': {'name': 'kubernetes-dashboard', 'namespace': 'kube-system', 'selfLink': '/api/v1/namespaces/kube-system/endpoints/kubernetes-dashboard', 'uid': 'b7c184bf-c960-11e7-b342-5254002b24c6', 'resourceVersion': '203', 'creationTimestamp': '2017-11-14T17:24:49Z', 'labels': {'addonmanager.kubernetes.io/mode': 'Reconcile', 'app': 'kubernetes-dashboard', 'kubernetes.io/minikube-addons': 'dashboard', 'kubernetes.io/minikube-addons-endpoint': 'dashboard'}}, 'subsets': [{'addresses': [{'ip': '172.17.0.2', 'nodeName': 'minikube', 'targetRef': {'kind': 'Pod', 'namespace': 'kube-system', 'name': 'kubernetes-dashboard-bjlxb', 'uid': 'b7b4005c-c960-11e7-b342-5254002b24c6', 'resourceVersion': '201'}}], 'ports': [{'port': 9090, 'protocol': 'TCP'}]}]}]}</msg>
<status status="PASS" starttime="20171117 17:48:10.300" endtime="20171117 17:48:10.301"></status>
</kw>
<status status="PASS" starttime="20171117 17:48:10.291" endtime="20171117 17:48:10.301"></status>
</kw>
<status status="PASS" starttime="20171117 17:48:10.291" endtime="20171117 17:48:10.301"></status>
</kw>
<kw name="Run Keyword If" library="BuiltIn">
<doc>Runs the given keyword with the given arguments, if ``condition`` is true.</doc>
<arguments>
<arg>'${apiverb}' == 'create' and '${apiName}' == 'namespaces'</arg>
<arg>runTestAPIpost</arg>
<arg>${apiName}</arg>
</arguments>
<status status="PASS" starttime="20171117 17:48:10.301" endtime="20171117 17:48:10.302"></status>
</kw>
<status status="PASS" starttime="20171117 17:48:10.291" endtime="20171117 17:48:10.302"></status>
</kw>
<kw name="${apiverb} = list" type="foritem">
<kw name="Run Keyword If" library="BuiltIn">
<doc>Runs the given keyword with the given arguments, if ``condition`` is true.</doc>
<arguments>
<arg>'${apiverb}' == 'get'</arg>
<arg>runTestAPIget</arg>
<arg>${apiName}</arg>
</arguments>
<status status="PASS" starttime="20171117 17:48:10.302" endtime="20171117 17:48:10.302"></status>
</kw>
<kw name="Run Keyword If" library="BuiltIn">
<doc>Runs the given keyword with the given arguments, if ``condition`` is true.</doc>
<arguments>
<arg>'${apiverb}' == 'create' and '${apiName}' == 'namespaces'</arg>
<arg>runTestAPIpost</arg>
<arg>${apiName}</arg>
</arguments>
<status status="PASS" starttime="20171117 17:48:10.303" endtime="20171117 17:48:10.303"></status>
</kw>
<status status="PASS" starttime="20171117 17:48:10.302" endtime="20171117 17:48:10.303"></status>
</kw>
<kw name="${apiverb} = patch" type="foritem">
<kw name="Run Keyword If" library="BuiltIn">
<doc>Runs the given keyword with the given arguments, if ``condition`` is true.</doc>
<arguments>
<arg>'${apiverb}' == 'get'</arg>
<arg>runTestAPIget</arg>
<arg>${apiName}</arg>
</arguments>
<status status="PASS" starttime="20171117 17:48:10.303" endtime="20171117 17:48:10.304"></status>
</kw>
<kw name="Run Keyword If" library="BuiltIn">
<doc>Runs the given keyword with the given arguments, if ``condition`` is true.</doc>
<arguments>
<arg>'${apiverb}' == 'create' and '${apiName}' == 'namespaces'</arg>
<arg>runTestAPIpost</arg>
<arg>${apiName}</arg>
</arguments>
<status status="PASS" starttime="20171117 17:48:10.304" endtime="20171117 17:48:10.304"></status>
</kw>
<status status="PASS" starttime="20171117 17:48:10.303" endtime="20171117 17:48:10.304"></status>
</kw>
<kw name="${apiverb} = update" type="foritem">
<kw name="Run Keyword If" library="BuiltIn">
<doc>Runs the given keyword with the given arguments, if ``condition`` is true.</doc>
<arguments>
<arg>'${apiverb}' == 'get'</arg>
<arg>runTestAPIget</arg>
<arg>${apiName}</arg>
</arguments>
<status status="PASS" starttime="20171117 17:48:10.305" endtime="20171117 17:48:10.305"></status>
</kw>
<kw name="Run Keyword If" library="BuiltIn">
<doc>Runs the given keyword with the given arguments, if ``condition`` is true.</doc>
<arguments>
<arg>'${apiverb}' == 'create' and '${apiName}' == 'namespaces'</arg>
<arg>runTestAPIpost</arg>
<arg>${apiName}</arg>
</arguments>
<status status="PASS" starttime="20171117 17:48:10.305" endtime="20171117 17:48:10.306"></status>
</kw>
<status status="PASS" starttime="20171117 17:48:10.305" endtime="20171117 17:48:10.306"></status>
</kw>
<kw name="${apiverb} = watch" type="foritem">
<kw name="Run Keyword If" library="BuiltIn">
<doc>Runs the given keyword with the given arguments, if ``condition`` is true.</doc>
<arguments>
<arg>'${apiverb}' == 'get'</arg>
<arg>runTestAPIget</arg>
<arg>${apiName}</arg>
</arguments>
<status status="PASS" starttime="20171117 17:48:10.306" endtime="20171117 17:48:10.307"></status>
</kw>
<kw name="Run Keyword If" library="BuiltIn">
<doc>Runs the given keyword with the given arguments, if ``condition`` is true.</doc>
<arguments>
<arg>'${apiverb}' == 'create' and '${apiName}' == 'namespaces'</arg>
<arg>runTestAPIpost</arg>
<arg>${apiName}</arg>
</arguments>
<status status="PASS" starttime="20171117 17:48:10.307" endtime="20171117 17:48:10.307"></status>
</kw>
<status status="PASS" starttime="20171117 17:48:10.306" endtime="20171117 17:48:10.307"></status>
</kw>
<status status="PASS" starttime="20171117 17:48:10.287" endtime="20171117 17:48:10.307"></status>
</kw>
<status status="PASS" starttime="20171117 17:48:10.286" endtime="20171117 17:48:10.307"></status>
</kw>
<status status="PASS" starttime="20171117 17:48:10.284" endtime="20171117 17:48:10.308"></status>
</kw>
<kw name="${apiDict} = {'name': 'events', 'singularName': '', 'namespaced': True, 'kind': 'Event', 'verbs': ['create', 'delete', 'deletecollection', 'get', 'list', 'patch', 'update', 'watch'], 'shortNames': ['ev']}" type="foritem">
<kw name="Get From Dictionary" library="Collections">
<doc>Returns a value from the given ``dictionary`` based on the given ``key``.</doc>
<arguments>
<arg>${apiDict}</arg>
<arg>name</arg>
</arguments>
<assign>
<var>${apiName}</var>
</assign>
<msg timestamp="20171117 17:48:10.308" level="INFO">${apiName} = events</msg>
<status status="PASS" starttime="20171117 17:48:10.308" endtime="20171117 17:48:10.308"></status>
</kw>
<kw name="List Should Contain Value" library="Collections">
<doc>Fails if the ``value`` is not found from ``list``.</doc>
<arguments>
<arg>${apiDict}</arg>
<arg>verbs</arg>
</arguments>
<status status="PASS" starttime="20171117 17:48:10.308" endtime="20171117 17:48:10.309"></status>
</kw>
<kw name="Get From Dictionary" library="Collections">
<doc>Returns a value from the given ``dictionary`` based on the given ``key``.</doc>
<arguments>
<arg>${apiDict}</arg>
<arg>verbs</arg>
</arguments>
<assign>
<var>${apiVerbs}</var>
</assign>
<msg timestamp="20171117 17:48:10.309" level="INFO">${apiVerbs} = ['create', 'delete', 'deletecollection', 'get', 'list', 'patch', 'update', 'watch']</msg>
<status status="PASS" starttime="20171117 17:48:10.309" endtime="20171117 17:48:10.309"></status>
</kw>
<kw name="Log List" library="Collections">
<doc>Logs the length and contents of the ``list`` using given ``level``.</doc>
<arguments>
<arg>${apiVerbs}</arg>
</arguments>
<msg timestamp="20171117 17:48:10.310" level="INFO">List length is 8 and it contains following items:
0: create
1: delete
2: deletecollection
3: get
4: list
5: patch
6: update
7: watch</msg>
<status status="PASS" starttime="20171117 17:48:10.309" endtime="20171117 17:48:10.310"></status>
</kw>
<kw name="GetListofapiVerbs">
<arguments>
<arg>${apiVerbs}</arg>
<arg>${apiName}</arg>
</arguments>
<kw name="${apiverb} IN [ @{apiVerbs} ]" type="for">
<kw name="${apiverb} = create" type="foritem">
<kw name="Run Keyword If" library="BuiltIn">
<doc>Runs the given keyword with the given arguments, if ``condition`` is true.</doc>
<arguments>
<arg>'${apiverb}' == 'get'</arg>
<arg>runTestAPIget</arg>
<arg>${apiName}</arg>
</arguments>
<status status="PASS" starttime="20171117 17:48:10.311" endtime="20171117 17:48:10.311"></status>
</kw>
<kw name="Run Keyword If" library="BuiltIn">
<doc>Runs the given keyword with the given arguments, if ``condition`` is true.</doc>
<arguments>
<arg>'${apiverb}' == 'create' and '${apiName}' == 'namespaces'</arg>
<arg>runTestAPIpost</arg>
<arg>${apiName}</arg>
</arguments>
<status status="PASS" starttime="20171117 17:48:10.311" endtime="20171117 17:48:10.312"></status>
</kw>
<status status="PASS" starttime="20171117 17:48:10.311" endtime="20171117 17:48:10.312"></status>
</kw>
<kw name="${apiverb} = delete" type="foritem">
<kw name="Run Keyword If" library="BuiltIn">
<doc>Runs the given keyword with the given arguments, if ``condition`` is true.</doc>
<arguments>
<arg>'${apiverb}' == 'get'</arg>
<arg>runTestAPIget</arg>
<arg>${apiName}</arg>
</arguments>
<status status="PASS" starttime="20171117 17:48:10.312" endtime="20171117 17:48:10.313"></status>
</kw>
<kw name="Run Keyword If" library="BuiltIn">
<doc>Runs the given keyword with the given arguments, if ``condition`` is true.</doc>
<arguments>
<arg>'${apiverb}' == 'create' and '${apiName}' == 'namespaces'</arg>
<arg>runTestAPIpost</arg>
<arg>${apiName}</arg>
</arguments>
<status status="PASS" starttime="20171117 17:48:10.313" endtime="20171117 17:48:10.313"></status>
</kw>
<status status="PASS" starttime="20171117 17:48:10.312" endtime="20171117 17:48:10.313"></status>
</kw>
<kw name="${apiverb} = deletecollection" type="foritem">
<kw name="Run Keyword If" library="BuiltIn">
<doc>Runs the given keyword with the given arguments, if ``condition`` is true.</doc>
<arguments>
<arg>'${apiverb}' == 'get'</arg>
<arg>runTestAPIget</arg>
<arg>${apiName}</arg>
</arguments>
<status status="PASS" starttime="20171117 17:48:10.314" endtime="20171117 17:48:10.314"></status>
</kw>
<kw name="Run Keyword If" library="BuiltIn">
<doc>Runs the given keyword with the given arguments, if ``condition`` is true.</doc>
<arguments>
<arg>'${apiverb}' == 'create' and '${apiName}' == 'namespaces'</arg>
<arg>runTestAPIpost</arg>
<arg>${apiName}</arg>
</arguments>
<status status="PASS" starttime="20171117 17:48:10.314" endtime="20171117 17:48:10.315"></status>
</kw>
<status status="PASS" starttime="20171117 17:48:10.313" endtime="20171117 17:48:10.315"></status>
</kw>
<kw name="${apiverb} = get" type="foritem">
<kw name="Run Keyword If" library="BuiltIn">
<doc>Runs the given keyword with the given arguments, if ``condition`` is true.</doc>
<arguments>
<arg>'${apiverb}' == 'get'</arg>
<arg>runTestAPIget</arg>
<arg>${apiName}</arg>
</arguments>
<kw name="runTestAPIget">
<tags>
<tag>events</tag>
</tags>
<arguments>
<arg>${apiName}</arg>
</arguments>
<kw name="Create Session" library="RequestsLibrary">
<doc>Create Session: create a HTTP session to a server</doc>
<arguments>
<arg>kubernetes</arg>
<arg>${API_ENDPOINT}</arg>
</arguments>
<msg timestamp="20171117 17:48:10.316" level="INFO">Creating Session using : alias=kubernetes, url=http://127.0.0.1:8080, headers={},                     cookies=None, auth=None, timeout=None, proxies=None, verify=False,                     debug=0 </msg>
<status status="PASS" starttime="20171117 17:48:10.316" endtime="20171117 17:48:10.317"></status>
</kw>
<kw name="Get Request" library="RequestsLibrary">
<doc>Send a GET request on the session object found using the</doc>
<arguments>
<arg>kubernetes</arg>
<arg>/api/v1/${apiName}</arg>
</arguments>
<assign>
<var>${resp}</var>
</assign>
<msg timestamp="20171117 17:48:10.322" level="INFO">Get Request using : alias=kubernetes, uri=/api/v1/events, headers=None json=None</msg>
<msg timestamp="20171117 17:48:10.322" level="INFO">${resp} = &lt;Response [200]&gt;</msg>
<status status="PASS" starttime="20171117 17:48:10.317" endtime="20171117 17:48:10.322"></status>
</kw>
<kw name="Set Variable" library="BuiltIn">
<doc>Returns the given values which can then be assigned to a variables.</doc>
<arguments>
<arg>${resp.json()}</arg>
</arguments>
<assign>
<var>${json}</var>
</assign>
<msg timestamp="20171117 17:48:10.323" level="INFO">${json} = {'kind': 'EventList', 'apiVersion': 'v1', 'metadata': {'selfLink': '/api/v1/events', 'resourceVersion': '344896'}, 'items': [{'metadata': {'name': 'minikube.14f703b61a31d50a', 'namespace': 'default', ...</msg>
<status status="PASS" starttime="20171117 17:48:10.323" endtime="20171117 17:48:10.323"></status>
</kw>
<kw name="Log" library="BuiltIn">
<doc>Logs the given message with the given level.</doc>
<arguments>
<arg>${json}</arg>
</arguments>
<msg timestamp="20171117 17:48:10.324" level="INFO">{'kind': 'EventList', 'apiVersion': 'v1', 'metadata': {'selfLink': '/api/v1/events', 'resourceVersion': '344896'}, 'items': [{'metadata': {'name': 'minikube.14f703b61a31d50a', 'namespace': 'default', 'selfLink': '/api/v1/namespaces/default/events/minikube.14f703b61a31d50a', 'uid': 'b27ef947-c960-11e7-b342-5254002b24c6', 'resourceVersion': '344641', 'creationTimestamp': '2017-11-14T17:24:40Z'}, 'involvedObject': {'kind': 'Node', 'name': 'minikube', 'uid': 'minikube'}, 'reason': 'FailedToStartNodeHealthcheck', 'message': 'Failed to start node healthz on 0: listen tcp: address 0: missing port in address', 'source': {'component': 'kube-proxy', 'host': 'minikube'}, 'firstTimestamp': '2017-11-14T17:24:40Z', 'lastTimestamp': '2017-11-17T22:44:42Z', 'count': 4641, 'type': 'Warning'}, {'metadata': {'name': 'nginx.14f7fe155423a8ca', 'namespace': 'default', 'selfLink': '/api/v1/namespaces/default/events/nginx.14f7fe155423a8ca', 'uid': 'a644507d-cbe1-11e7-b342-5254002b24c6', 'resourceVersion': '340777', 'creationTimestamp': '2017-11-17T21:52:47Z'}, 'involvedObject': {'kind': 'Pod', 'namespace': 'default', 'name': 'nginx', 'uid': 'a643664d-cbe1-11e7-b342-5254002b24c6', 'apiVersion': 'v1', 'resourceVersion': '340775'}, 'reason': 'Scheduled', 'message': 'Successfully assigned nginx to minikube', 'source': {'component': 'default-scheduler'}, 'firstTimestamp': '2017-11-17T21:52:47Z', 'lastTimestamp': '2017-11-17T21:52:47Z', 'count': 1, 'type': 'Normal'}, {'metadata': {'name': 'nginx.14f7fe1561a9aa09', 'namespace': 'default', 'selfLink': '/api/v1/namespaces/default/events/nginx.14f7fe1561a9aa09', 'uid': 'a666f407-cbe1-11e7-b342-5254002b24c6', 'resourceVersion': '340779', 'creationTimestamp': '2017-11-17T21:52:47Z'}, 'involvedObject': {'kind': 'Pod', 'namespace': 'default', 'name': 'nginx', 'uid': 'a643664d-cbe1-11e7-b342-5254002b24c6', 'apiVersion': 'v1', 'resourceVersion': '340776'}, 'reason': 'SuccessfulMountVolume', 'message': 'MountVolume.SetUp succeeded for volume "default-token-rpcgf" ', 'source': {'component': 'kubelet', 'host': 'minikube'}, 'firstTimestamp': '2017-11-17T21:52:47Z', 'lastTimestamp': '2017-11-17T21:52:47Z', 'count': 1, 'type': 'Normal'}, {'metadata': {'name': 'nginx.14f7fe157bd08f4f', 'namespace': 'default', 'selfLink': '/api/v1/namespaces/default/events/nginx.14f7fe157bd08f4f', 'uid': 'a6a9f71f-cbe1-11e7-b342-5254002b24c6', 'resourceVersion': '340780', 'creationTimestamp': '2017-11-17T21:52:48Z'}, 'involvedObject': {'kind': 'Pod', 'namespace': 'default', 'name': 'nginx', 'uid': 'a643664d-cbe1-11e7-b342-5254002b24c6', 'apiVersion': 'v1', 'resourceVersion': '340776', 'fieldPath': 'spec.containers{nginx}'}, 'reason': 'Pulling', 'message': 'pulling image "nginx"', 'source': {'component': 'kubelet', 'host': 'minikube'}, 'firstTimestamp': '2017-11-17T21:52:48Z', 'lastTimestamp': '2017-11-17T21:52:48Z', 'count': 1, 'type': 'Normal'}, {'metadata': {'name': 'nginx.14f7fe19109c3d83', 'namespace': 'default', 'selfLink': '/api/v1/namespaces/default/events/nginx.14f7fe19109c3d83', 'uid': 'afd4ee36-cbe1-11e7-b342-5254002b24c6', 'resourceVersion': '340800', 'creationTimestamp': '2017-11-17T21:53:03Z'}, 'involvedObject': {'kind': 'Pod', 'namespace': 'default', 'name': 'nginx', 'uid': 'a643664d-cbe1-11e7-b342-5254002b24c6', 'apiVersion': 'v1', 'resourceVersion': '340776', 'fieldPath': 'spec.containers{nginx}'}, 'reason': 'Pulled', 'message': 'Successfully pulled image "nginx"', 'source': {'component': 'kubelet', 'host': 'minikube'}, 'firstTimestamp': '2017-11-17T21:53:03Z', 'lastTimestamp': '2017-11-17T21:53:03Z', 'count': 1, 'type': 'Normal'}, {'metadata': {'name': 'nginx.14f7fe1913098f04', 'namespace': 'default', 'selfLink': '/api/v1/namespaces/default/events/nginx.14f7fe1913098f04', 'uid': 'afdb1883-cbe1-11e7-b342-5254002b24c6', 'resourceVersion': '340801', 'creationTimestamp': '2017-11-17T21:53:03Z'}, 'involvedObject': {'kind': 'Pod', 'namespace': 'default', 'name': 'nginx', 'uid': 'a643664d-cbe1-11e7-b342-5254002b24c6', 'apiVersion': 'v1', 'resourceVersion': '340776', 'fieldPath': 'spec.containers{nginx}'}, 'reason': 'Created', 'message': 'Created container', 'source': {'component': 'kubelet', 'host': 'minikube'}, 'firstTimestamp': '2017-11-17T21:53:03Z', 'lastTimestamp': '2017-11-17T21:53:03Z', 'count': 1, 'type': 'Normal'}, {'metadata': {'name': 'nginx.14f7fe191898d9fc', 'namespace': 'default', 'selfLink': '/api/v1/namespaces/default/events/nginx.14f7fe191898d9fc', 'uid': 'afe95dc9-cbe1-11e7-b342-5254002b24c6', 'resourceVersion': '340802', 'creationTimestamp': '2017-11-17T21:53:03Z'}, 'involvedObject': {'kind': 'Pod', 'namespace': 'default', 'name': 'nginx', 'uid': 'a643664d-cbe1-11e7-b342-5254002b24c6', 'apiVersion': 'v1', 'resourceVersion': '340776', 'fieldPath': 'spec.containers{nginx}'}, 'reason': 'Started', 'message': 'Started container', 'source': {'component': 'kubelet', 'host': 'minikube'}, 'firstTimestamp': '2017-11-17T21:53:03Z', 'lastTimestamp': '2017-11-17T21:53:03Z', 'count': 1, 'type': 'Normal'}]}</msg>
<status status="PASS" starttime="20171117 17:48:10.324" endtime="20171117 17:48:10.324"></status>
</kw>
<status status="PASS" starttime="20171117 17:48:10.315" endtime="20171117 17:48:10.324"></status>
</kw>
<status status="PASS" starttime="20171117 17:48:10.315" endtime="20171117 17:48:10.324"></status>
</kw>
<kw name="Run Keyword If" library="BuiltIn">
<doc>Runs the given keyword with the given arguments, if ``condition`` is true.</doc>
<arguments>
<arg>'${apiverb}' == 'create' and '${apiName}' == 'namespaces'</arg>
<arg>runTestAPIpost</arg>
<arg>${apiName}</arg>
</arguments>
<status status="PASS" starttime="20171117 17:48:10.325" endtime="20171117 17:48:10.325"></status>
</kw>
<status status="PASS" starttime="20171117 17:48:10.315" endtime="20171117 17:48:10.325"></status>
</kw>
<kw name="${apiverb} = list" type="foritem">
<kw name="Run Keyword If" library="BuiltIn">
<doc>Runs the given keyword with the given arguments, if ``condition`` is true.</doc>
<arguments>
<arg>'${apiverb}' == 'get'</arg>
<arg>runTestAPIget</arg>
<arg>${apiName}</arg>
</arguments>
<status status="PASS" starttime="20171117 17:48:10.325" endtime="20171117 17:48:10.326"></status>
</kw>
<kw name="Run Keyword If" library="BuiltIn">
<doc>Runs the given keyword with the given arguments, if ``condition`` is true.</doc>
<arguments>
<arg>'${apiverb}' == 'create' and '${apiName}' == 'namespaces'</arg>
<arg>runTestAPIpost</arg>
<arg>${apiName}</arg>
</arguments>
<status status="PASS" starttime="20171117 17:48:10.326" endtime="20171117 17:48:10.326"></status>
</kw>
<status status="PASS" starttime="20171117 17:48:10.325" endtime="20171117 17:48:10.327"></status>
</kw>
<kw name="${apiverb} = patch" type="foritem">
<kw name="Run Keyword If" library="BuiltIn">
<doc>Runs the given keyword with the given arguments, if ``condition`` is true.</doc>
<arguments>
<arg>'${apiverb}' == 'get'</arg>
<arg>runTestAPIget</arg>
<arg>${apiName}</arg>
</arguments>
<status status="PASS" starttime="20171117 17:48:10.327" endtime="20171117 17:48:10.327"></status>
</kw>
<kw name="Run Keyword If" library="BuiltIn">
<doc>Runs the given keyword with the given arguments, if ``condition`` is true.</doc>
<arguments>
<arg>'${apiverb}' == 'create' and '${apiName}' == 'namespaces'</arg>
<arg>runTestAPIpost</arg>
<arg>${apiName}</arg>
</arguments>
<status status="PASS" starttime="20171117 17:48:10.327" endtime="20171117 17:48:10.328"></status>
</kw>
<status status="PASS" starttime="20171117 17:48:10.327" endtime="20171117 17:48:10.328"></status>
</kw>
<kw name="${apiverb} = update" type="foritem">
<kw name="Run Keyword If" library="BuiltIn">
<doc>Runs the given keyword with the given arguments, if ``condition`` is true.</doc>
<arguments>
<arg>'${apiverb}' == 'get'</arg>
<arg>runTestAPIget</arg>
<arg>${apiName}</arg>
</arguments>
<status status="PASS" starttime="20171117 17:48:10.328" endtime="20171117 17:48:10.329"></status>
</kw>
<kw name="Run Keyword If" library="BuiltIn">
<doc>Runs the given keyword with the given arguments, if ``condition`` is true.</doc>
<arguments>
<arg>'${apiverb}' == 'create' and '${apiName}' == 'namespaces'</arg>
<arg>runTestAPIpost</arg>
<arg>${apiName}</arg>
</arguments>
<status status="PASS" starttime="20171117 17:48:10.329" endtime="20171117 17:48:10.329"></status>
</kw>
<status status="PASS" starttime="20171117 17:48:10.328" endtime="20171117 17:48:10.329"></status>
</kw>
<kw name="${apiverb} = watch" type="foritem">
<kw name="Run Keyword If" library="BuiltIn">
<doc>Runs the given keyword with the given arguments, if ``condition`` is true.</doc>
<arguments>
<arg>'${apiverb}' == 'get'</arg>
<arg>runTestAPIget</arg>
<arg>${apiName}</arg>
</arguments>
<status status="PASS" starttime="20171117 17:48:10.329" endtime="20171117 17:48:10.330"></status>
</kw>
<kw name="Run Keyword If" library="BuiltIn">
<doc>Runs the given keyword with the given arguments, if ``condition`` is true.</doc>
<arguments>
<arg>'${apiverb}' == 'create' and '${apiName}' == 'namespaces'</arg>
<arg>runTestAPIpost</arg>
<arg>${apiName}</arg>
</arguments>
<status status="PASS" starttime="20171117 17:48:10.330" endtime="20171117 17:48:10.330"></status>
</kw>
<status status="PASS" starttime="20171117 17:48:10.329" endtime="20171117 17:48:10.331"></status>
</kw>
<status status="PASS" starttime="20171117 17:48:10.310" endtime="20171117 17:48:10.331"></status>
</kw>
<status status="PASS" starttime="20171117 17:48:10.310" endtime="20171117 17:48:10.331"></status>
</kw>
<status status="PASS" starttime="20171117 17:48:10.308" endtime="20171117 17:48:10.331"></status>
</kw>
<kw name="${apiDict} = {'name': 'limitranges', 'singularName': '', 'namespaced': True, 'kind': 'LimitRange', 'verbs': ['create', 'delete', 'deletecollection', 'get', 'list', 'patch', 'update', 'watch'], 'shortNames': ['limi..." type="foritem">
<kw name="Get From Dictionary" library="Collections">
<doc>Returns a value from the given ``dictionary`` based on the given ``key``.</doc>
<arguments>
<arg>${apiDict}</arg>
<arg>name</arg>
</arguments>
<assign>
<var>${apiName}</var>
</assign>
<msg timestamp="20171117 17:48:10.331" level="INFO">${apiName} = limitranges</msg>
<status status="PASS" starttime="20171117 17:48:10.331" endtime="20171117 17:48:10.331"></status>
</kw>
<kw name="List Should Contain Value" library="Collections">
<doc>Fails if the ``value`` is not found from ``list``.</doc>
<arguments>
<arg>${apiDict}</arg>
<arg>verbs</arg>
</arguments>
<status status="PASS" starttime="20171117 17:48:10.332" endtime="20171117 17:48:10.332"></status>
</kw>
<kw name="Get From Dictionary" library="Collections">
<doc>Returns a value from the given ``dictionary`` based on the given ``key``.</doc>
<arguments>
<arg>${apiDict}</arg>
<arg>verbs</arg>
</arguments>
<assign>
<var>${apiVerbs}</var>
</assign>
<msg timestamp="20171117 17:48:10.332" level="INFO">${apiVerbs} = ['create', 'delete', 'deletecollection', 'get', 'list', 'patch', 'update', 'watch']</msg>
<status status="PASS" starttime="20171117 17:48:10.332" endtime="20171117 17:48:10.333"></status>
</kw>
<kw name="Log List" library="Collections">
<doc>Logs the length and contents of the ``list`` using given ``level``.</doc>
<arguments>
<arg>${apiVerbs}</arg>
</arguments>
<msg timestamp="20171117 17:48:10.333" level="INFO">List length is 8 and it contains following items:
0: create
1: delete
2: deletecollection
3: get
4: list
5: patch
6: update
7: watch</msg>
<status status="PASS" starttime="20171117 17:48:10.333" endtime="20171117 17:48:10.333"></status>
</kw>
<kw name="GetListofapiVerbs">
<arguments>
<arg>${apiVerbs}</arg>
<arg>${apiName}</arg>
</arguments>
<kw name="${apiverb} IN [ @{apiVerbs} ]" type="for">
<kw name="${apiverb} = create" type="foritem">
<kw name="Run Keyword If" library="BuiltIn">
<doc>Runs the given keyword with the given arguments, if ``condition`` is true.</doc>
<arguments>
<arg>'${apiverb}' == 'get'</arg>
<arg>runTestAPIget</arg>
<arg>${apiName}</arg>
</arguments>
<status status="PASS" starttime="20171117 17:48:10.334" endtime="20171117 17:48:10.334"></status>
</kw>
<kw name="Run Keyword If" library="BuiltIn">
<doc>Runs the given keyword with the given arguments, if ``condition`` is true.</doc>
<arguments>
<arg>'${apiverb}' == 'create' and '${apiName}' == 'namespaces'</arg>
<arg>runTestAPIpost</arg>
<arg>${apiName}</arg>
</arguments>
<status status="PASS" starttime="20171117 17:48:10.335" endtime="20171117 17:48:10.335"></status>
</kw>
<status status="PASS" starttime="20171117 17:48:10.334" endtime="20171117 17:48:10.335"></status>
</kw>
<kw name="${apiverb} = delete" type="foritem">
<kw name="Run Keyword If" library="BuiltIn">
<doc>Runs the given keyword with the given arguments, if ``condition`` is true.</doc>
<arguments>
<arg>'${apiverb}' == 'get'</arg>
<arg>runTestAPIget</arg>
<arg>${apiName}</arg>
</arguments>
<status status="PASS" starttime="20171117 17:48:10.335" endtime="20171117 17:48:10.336"></status>
</kw>
<kw name="Run Keyword If" library="BuiltIn">
<doc>Runs the given keyword with the given arguments, if ``condition`` is true.</doc>
<arguments>
<arg>'${apiverb}' == 'create' and '${apiName}' == 'namespaces'</arg>
<arg>runTestAPIpost</arg>
<arg>${apiName}</arg>
</arguments>
<status status="PASS" starttime="20171117 17:48:10.336" endtime="20171117 17:48:10.336"></status>
</kw>
<status status="PASS" starttime="20171117 17:48:10.335" endtime="20171117 17:48:10.336"></status>
</kw>
<kw name="${apiverb} = deletecollection" type="foritem">
<kw name="Run Keyword If" library="BuiltIn">
<doc>Runs the given keyword with the given arguments, if ``condition`` is true.</doc>
<arguments>
<arg>'${apiverb}' == 'get'</arg>
<arg>runTestAPIget</arg>
<arg>${apiName}</arg>
</arguments>
<status status="PASS" starttime="20171117 17:48:10.337" endtime="20171117 17:48:10.337"></status>
</kw>
<kw name="Run Keyword If" library="BuiltIn">
<doc>Runs the given keyword with the given arguments, if ``condition`` is true.</doc>
<arguments>
<arg>'${apiverb}' == 'create' and '${apiName}' == 'namespaces'</arg>
<arg>runTestAPIpost</arg>
<arg>${apiName}</arg>
</arguments>
<status status="PASS" starttime="20171117 17:48:10.337" endtime="20171117 17:48:10.338"></status>
</kw>
<status status="PASS" starttime="20171117 17:48:10.337" endtime="20171117 17:48:10.338"></status>
</kw>
<kw name="${apiverb} = get" type="foritem">
<kw name="Run Keyword If" library="BuiltIn">
<doc>Runs the given keyword with the given arguments, if ``condition`` is true.</doc>
<arguments>
<arg>'${apiverb}' == 'get'</arg>
<arg>runTestAPIget</arg>
<arg>${apiName}</arg>
</arguments>
<kw name="runTestAPIget">
<tags>
<tag>limitranges</tag>
</tags>
<arguments>
<arg>${apiName}</arg>
</arguments>
<kw name="Create Session" library="RequestsLibrary">
<doc>Create Session: create a HTTP session to a server</doc>
<arguments>
<arg>kubernetes</arg>
<arg>${API_ENDPOINT}</arg>
</arguments>
<msg timestamp="20171117 17:48:10.339" level="INFO">Creating Session using : alias=kubernetes, url=http://127.0.0.1:8080, headers={},                     cookies=None, auth=None, timeout=None, proxies=None, verify=False,                     debug=0 </msg>
<status status="PASS" starttime="20171117 17:48:10.339" endtime="20171117 17:48:10.340"></status>
</kw>
<kw name="Get Request" library="RequestsLibrary">
<doc>Send a GET request on the session object found using the</doc>
<arguments>
<arg>kubernetes</arg>
<arg>/api/v1/${apiName}</arg>
</arguments>
<assign>
<var>${resp}</var>
</assign>
<msg timestamp="20171117 17:48:10.344" level="INFO">Get Request using : alias=kubernetes, uri=/api/v1/limitranges, headers=None json=None</msg>
<msg timestamp="20171117 17:48:10.344" level="INFO">${resp} = &lt;Response [200]&gt;</msg>
<status status="PASS" starttime="20171117 17:48:10.340" endtime="20171117 17:48:10.344"></status>
</kw>
<kw name="Set Variable" library="BuiltIn">
<doc>Returns the given values which can then be assigned to a variables.</doc>
<arguments>
<arg>${resp.json()}</arg>
</arguments>
<assign>
<var>${json}</var>
</assign>
<msg timestamp="20171117 17:48:10.345" level="INFO">${json} = {'kind': 'LimitRangeList', 'apiVersion': 'v1', 'metadata': {'selfLink': '/api/v1/limitranges', 'resourceVersion': '344896'}, 'items': []}</msg>
<status status="PASS" starttime="20171117 17:48:10.345" endtime="20171117 17:48:10.345"></status>
</kw>
<kw name="Log" library="BuiltIn">
<doc>Logs the given message with the given level.</doc>
<arguments>
<arg>${json}</arg>
</arguments>
<msg timestamp="20171117 17:48:10.346" level="INFO">{'kind': 'LimitRangeList', 'apiVersion': 'v1', 'metadata': {'selfLink': '/api/v1/limitranges', 'resourceVersion': '344896'}, 'items': []}</msg>
<status status="PASS" starttime="20171117 17:48:10.345" endtime="20171117 17:48:10.346"></status>
</kw>
<status status="PASS" starttime="20171117 17:48:10.339" endtime="20171117 17:48:10.346"></status>
</kw>
<status status="PASS" starttime="20171117 17:48:10.338" endtime="20171117 17:48:10.346"></status>
</kw>
<kw name="Run Keyword If" library="BuiltIn">
<doc>Runs the given keyword with the given arguments, if ``condition`` is true.</doc>
<arguments>
<arg>'${apiverb}' == 'create' and '${apiName}' == 'namespaces'</arg>
<arg>runTestAPIpost</arg>
<arg>${apiName}</arg>
</arguments>
<status status="PASS" starttime="20171117 17:48:10.346" endtime="20171117 17:48:10.347"></status>
</kw>
<status status="PASS" starttime="20171117 17:48:10.338" endtime="20171117 17:48:10.347"></status>
</kw>
<kw name="${apiverb} = list" type="foritem">
<kw name="Run Keyword If" library="BuiltIn">
<doc>Runs the given keyword with the given arguments, if ``condition`` is true.</doc>
<arguments>
<arg>'${apiverb}' == 'get'</arg>
<arg>runTestAPIget</arg>
<arg>${apiName}</arg>
</arguments>
<status status="PASS" starttime="20171117 17:48:10.347" endtime="20171117 17:48:10.347"></status>
</kw>
<kw name="Run Keyword If" library="BuiltIn">
<doc>Runs the given keyword with the given arguments, if ``condition`` is true.</doc>
<arguments>
<arg>'${apiverb}' == 'create' and '${apiName}' == 'namespaces'</arg>
<arg>runTestAPIpost</arg>
<arg>${apiName}</arg>
</arguments>
<status status="PASS" starttime="20171117 17:48:10.348" endtime="20171117 17:48:10.348"></status>
</kw>
<status status="PASS" starttime="20171117 17:48:10.347" endtime="20171117 17:48:10.348"></status>
</kw>
<kw name="${apiverb} = patch" type="foritem">
<kw name="Run Keyword If" library="BuiltIn">
<doc>Runs the given keyword with the given arguments, if ``condition`` is true.</doc>
<arguments>
<arg>'${apiverb}' == 'get'</arg>
<arg>runTestAPIget</arg>
<arg>${apiName}</arg>
</arguments>
<status status="PASS" starttime="20171117 17:48:10.348" endtime="20171117 17:48:10.349"></status>
</kw>
<kw name="Run Keyword If" library="BuiltIn">
<doc>Runs the given keyword with the given arguments, if ``condition`` is true.</doc>
<arguments>
<arg>'${apiverb}' == 'create' and '${apiName}' == 'namespaces'</arg>
<arg>runTestAPIpost</arg>
<arg>${apiName}</arg>
</arguments>
<status status="PASS" starttime="20171117 17:48:10.349" endtime="20171117 17:48:10.349"></status>
</kw>
<status status="PASS" starttime="20171117 17:48:10.348" endtime="20171117 17:48:10.349"></status>
</kw>
<kw name="${apiverb} = update" type="foritem">
<kw name="Run Keyword If" library="BuiltIn">
<doc>Runs the given keyword with the given arguments, if ``condition`` is true.</doc>
<arguments>
<arg>'${apiverb}' == 'get'</arg>
<arg>runTestAPIget</arg>
<arg>${apiName}</arg>
</arguments>
<status status="PASS" starttime="20171117 17:48:10.350" endtime="20171117 17:48:10.350"></status>
</kw>
<kw name="Run Keyword If" library="BuiltIn">
<doc>Runs the given keyword with the given arguments, if ``condition`` is true.</doc>
<arguments>
<arg>'${apiverb}' == 'create' and '${apiName}' == 'namespaces'</arg>
<arg>runTestAPIpost</arg>
<arg>${apiName}</arg>
</arguments>
<status status="PASS" starttime="20171117 17:48:10.350" endtime="20171117 17:48:10.351"></status>
</kw>
<status status="PASS" starttime="20171117 17:48:10.349" endtime="20171117 17:48:10.351"></status>
</kw>
<kw name="${apiverb} = watch" type="foritem">
<kw name="Run Keyword If" library="BuiltIn">
<doc>Runs the given keyword with the given arguments, if ``condition`` is true.</doc>
<arguments>
<arg>'${apiverb}' == 'get'</arg>
<arg>runTestAPIget</arg>
<arg>${apiName}</arg>
</arguments>
<status status="PASS" starttime="20171117 17:48:10.351" endtime="20171117 17:48:10.351"></status>
</kw>
<kw name="Run Keyword If" library="BuiltIn">
<doc>Runs the given keyword with the given arguments, if ``condition`` is true.</doc>
<arguments>
<arg>'${apiverb}' == 'create' and '${apiName}' == 'namespaces'</arg>
<arg>runTestAPIpost</arg>
<arg>${apiName}</arg>
</arguments>
<status status="PASS" starttime="20171117 17:48:10.352" endtime="20171117 17:48:10.352"></status>
</kw>
<status status="PASS" starttime="20171117 17:48:10.351" endtime="20171117 17:48:10.352"></status>
</kw>
<status status="PASS" starttime="20171117 17:48:10.334" endtime="20171117 17:48:10.352"></status>
</kw>
<status status="PASS" starttime="20171117 17:48:10.333" endtime="20171117 17:48:10.352"></status>
</kw>
<status status="PASS" starttime="20171117 17:48:10.331" endtime="20171117 17:48:10.352"></status>
</kw>
[...]
', 'resourceVersion': '6', 'creationTimestamp': '2017-11-14T17:24:36Z', 'labels': {'component': 'apiserver', 'provider': 'kubernetes'}}, 'spec': {'ports': [{'name': 'https', 'protocol': 'TCP', 'port': 443, 'targetPort': 8443}], 'clusterIP': '10.0.0.1', 'type': 'ClusterIP', 'sessionAffinity': 'ClientIP', 'sessionAffinityConfig': {'clientIP': {'timeoutSeconds': 10800}}}, 'status': {'loadBalancer': {}}}, {'metadata': {'name': 'nginx-service', 'namespace': 'default', 'selfLink': '/api/v1/namespaces/default/services/nginx-service', 'uid': '74377abb-cbe5-11e7-b342-5254002b24c6', 'resourceVersion': '342807', 'creationTimestamp': '2017-11-17T22:20:01Z', 'labels': {'name': 'nginx'}}, 'spec': {'ports': [{'protocol': 'TCP', 'port': 80, 'targetPort': 80}], 'selector': {'name': 'nginx'}, 'clusterIP': '10.0.0.53', 'type': 'ClusterIP', 'sessionAffinity': 'None'}, 'status': {'loadBalancer': {}}}, {'metadata': {'name': 'default-http-backend', 'namespace': 'kube-system', 'selfLink': '/api/v1/namespaces/kube-system/services/default-http-backend', 'uid': 'b7f4b006-c960-11e7-b342-5254002b24c6', 'resourceVersion': '112', 'creationTimestamp': '2017-11-14T17:24:49Z', 'labels': {'addonmanager.kubernetes.io/mode': 'Reconcile', 'app': 'default-http-backend'}, 'annotations': {'kubectl.kubernetes.io/last-applied-configuration': '{"apiVersion":"v1","kind":"Service","metadata":{"annotations":{},"labels":{"addonmanager.kubernetes.io/mode":"Reconcile","app":"default-http-backend"},"name":"default-http-backend","namespace":"kube-system"},"spec":{"ports":[{"nodePort":30001,"port":80,"targetPort":8080}],"selector":{"app":"default-http-backend"},"type":"NodePort"}}\n'}}, 'spec': {'ports': [{'protocol': 'TCP', 'port': 80, 'targetPort': 8080, 'nodePort': 30001}], 'selector': {'app': 'default-http-backend'}, 'clusterIP': '10.0.0.54', 'type': 'NodePort', 'sessionAffinity': 'None', 'externalTrafficPolicy': 'Cluster'}, 'status': {'loadBalancer': {}}}, {'metadata': {'name': 'kube-dns', 'namespace': 'kube-system', 'selfLink': '/api/v1/namespaces/kube-system/services/kube-dns', 'uid': 'b814dc7b-c960-11e7-b342-5254002b24c6', 'resourceVersion': '128', 'creationTimestamp': '2017-11-14T17:24:50Z', 'labels': {'addonmanager.kubernetes.io/mode': 'Reconcile', 'k8s-app': 'kube-dns', 'kubernetes.io/name': 'KubeDNS'}, 'annotations': {'kubectl.kubernetes.io/last-applied-configuration': '{"apiVersion":"v1","kind":"Service","metadata":{"annotations":{},"labels":{"addonmanager.kubernetes.io/mode":"Reconcile","k8s-app":"kube-dns","kubernetes.io/name":"KubeDNS"},"name":"kube-dns","namespace":"kube-system"},"spec":{"clusterIP":"10.0.0.10","ports":[{"name":"dns","port":53,"protocol":"UDP"},{"name":"dns-tcp","port":53,"protocol":"TCP"}],"selector":{"k8s-app":"kube-dns"}}}\n'}}, 'spec': {'ports': [{'name': 'dns', 'protocol': 'UDP', 'port': 53, 'targetPort': 53}, {'name': 'dns-tcp', 'protocol': 'TCP', 'port': 53, 'targetPort': 53}], 'selector': {'k8s-app': 'kube-dns'}, 'clusterIP': '10.0.0.10', 'type': 'ClusterIP', 'sessionAffinity': 'None'}, 'status': {'loadBalancer': {}}}, {'metadata': {'name': 'kubernetes-dashboard', 'namespace': 'kube-system', 'selfLink': '/api/v1/namespaces/kube-system/services/kubernetes-dashboard', 'uid': 'b7c01bc3-c960-11e7-b342-5254002b24c6', 'resourceVersion': '90', 'creationTimestamp': '2017-11-14T17:24:49Z', 'labels': {'addonmanager.kubernetes.io/mode': 'Reconcile', 'app': 'kubernetes-dashboard', 'kubernetes.io/minikube-addons': 'dashboard', 'kubernetes.io/minikube-addons-endpoint': 'dashboard'}, 'annotations': {'kubectl.kubernetes.io/last-applied-configuration': '{"apiVersion":"v1","kind":"Service","metadata":{"annotations":{},"labels":{"addonmanager.kubernetes.io/mode":"Reconcile","app":"kubernetes-dashboard","kubernetes.io/minikube-addons":"dashboard","kubernetes.io/minikube-addons-endpoint":"dashboard"},"name":"kubernetes-dashboard","namespace":"kube-system"},"spec":{"ports":[{"nodePort":30000,"port":80,"targetPort":9090}],"selector":{"app":"kubernetes-dashboard"},"type":"NodePort"}}\n'}}, 'spec': {'ports': [{'protocol': 'TCP', 'port': 80, 'targetPort': 9090, 'nodePort': 30000}], 'selector': {'app': 'kubernetes-dashboard'}, 'clusterIP': '10.0.0.92', 'type': 'NodePort', 'sessionAffinity': 'None', 'externalTrafficPolicy': 'Cluster'}, 'status': {'loadBalancer': {}}}]}</msg>
<status status="PASS" starttime="20171117 17:48:10.781" endtime="20171117 17:48:10.781"></status>
</kw>
<status status="PASS" starttime="20171117 17:48:10.773" endtime="20171117 17:48:10.782"></status>
</kw>
<status status="PASS" starttime="20171117 17:48:10.773" endtime="20171117 17:48:10.782"></status>
</kw>
<kw name="Run Keyword If" library="BuiltIn">
<doc>Runs the given keyword with the given arguments, if ``condition`` is true.</doc>
<arguments>
<arg>'${apiverb}' == 'create' and '${apiName}' == 'namespaces'</arg>
<arg>runTestAPIpost</arg>
<arg>${apiName}</arg>
</arguments>
<status status="PASS" starttime="20171117 17:48:10.782" endtime="20171117 17:48:10.782"></status>
</kw>
<status status="PASS" starttime="20171117 17:48:10.773" endtime="20171117 17:48:10.782"></status>
</kw>
<kw name="${apiverb} = list" type="foritem">
<kw name="Run Keyword If" library="BuiltIn">
<doc>Runs the given keyword with the given arguments, if ``condition`` is true.</doc>
<arguments>
<arg>'${apiverb}' == 'get'</arg>
<arg>runTestAPIget</arg>
<arg>${apiName}</arg>
</arguments>
<status status="PASS" starttime="20171117 17:48:10.783" endtime="20171117 17:48:10.783"></status>
</kw>
<kw name="Run Keyword If" library="BuiltIn">
<doc>Runs the given keyword with the given arguments, if ``condition`` is true.</doc>
<arguments>
<arg>'${apiverb}' == 'create' and '${apiName}' == 'namespaces'</arg>
<arg>runTestAPIpost</arg>
<arg>${apiName}</arg>
</arguments>
<status status="PASS" starttime="20171117 17:48:10.783" endtime="20171117 17:48:10.784"></status>
</kw>
<status status="PASS" starttime="20171117 17:48:10.783" endtime="20171117 17:48:10.784"></status>
</kw>
<kw name="${apiverb} = patch" type="foritem">
<kw name="Run Keyword If" library="BuiltIn">
<doc>Runs the given keyword with the given arguments, if ``condition`` is true.</doc>
<arguments>
<arg>'${apiverb}' == 'get'</arg>
<arg>runTestAPIget</arg>
<arg>${apiName}</arg>
</arguments>
<status status="PASS" starttime="20171117 17:48:10.784" endtime="20171117 17:48:10.784"></status>
</kw>
<kw name="Run Keyword If" library="BuiltIn">
<doc>Runs the given keyword with the given arguments, if ``condition`` is true.</doc>
<arguments>
<arg>'${apiverb}' == 'create' and '${apiName}' == 'namespaces'</arg>
<arg>runTestAPIpost</arg>
<arg>${apiName}</arg>
</arguments>
<status status="PASS" starttime="20171117 17:48:10.785" endtime="20171117 17:48:10.785"></status>
</kw>
<status status="PASS" starttime="20171117 17:48:10.784" endtime="20171117 17:48:10.785"></status>
</kw>
<kw name="${apiverb} = proxy" type="foritem">
<kw name="Run Keyword If" library="BuiltIn">
<doc>Runs the given keyword with the given arguments, if ``condition`` is true.</doc>
<arguments>
<arg>'${apiverb}' == 'get'</arg>
<arg>runTestAPIget</arg>
<arg>${apiName}</arg>
</arguments>
<status status="PASS" starttime="20171117 17:48:10.785" endtime="20171117 17:48:10.786"></status>
</kw>
<kw name="Run Keyword If" library="BuiltIn">
<doc>Runs the given keyword with the given arguments, if ``condition`` is true.</doc>
<arguments>
<arg>'${apiverb}' == 'create' and '${apiName}' == 'namespaces'</arg>
<arg>runTestAPIpost</arg>
<arg>${apiName}</arg>
</arguments>
<status status="PASS" starttime="20171117 17:48:10.786" endtime="20171117 17:48:10.786"></status>
</kw>
<status status="PASS" starttime="20171117 17:48:10.785" endtime="20171117 17:48:10.786"></status>
</kw>
<kw name="${apiverb} = update" type="foritem">
<kw name="Run Keyword If" library="BuiltIn">
<doc>Runs the given keyword with the given arguments, if ``condition`` is true.</doc>
<arguments>
<arg>'${apiverb}' == 'get'</arg>
<arg>runTestAPIget</arg>
<arg>${apiName}</arg>
</arguments>
<status status="PASS" starttime="20171117 17:48:10.787" endtime="20171117 17:48:10.787"></status>
</kw>
<kw name="Run Keyword If" library="BuiltIn">
<doc>Runs the given keyword with the given arguments, if ``condition`` is true.</doc>
<arguments>
<arg>'${apiverb}' == 'create' and '${apiName}' == 'namespaces'</arg>
<arg>runTestAPIpost</arg>
<arg>${apiName}</arg>
</arguments>
<status status="PASS" starttime="20171117 17:48:10.787" endtime="20171117 17:48:10.788"></status>
</kw>
<status status="PASS" starttime="20171117 17:48:10.786" endtime="20171117 17:48:10.788"></status>
</kw>
<kw name="${apiverb} = watch" type="foritem">
<kw name="Run Keyword If" library="BuiltIn">
<doc>Runs the given keyword with the given arguments, if ``condition`` is true.</doc>
<arguments>
<arg>'${apiverb}' == 'get'</arg>
<arg>runTestAPIget</arg>
<arg>${apiName}</arg>
</arguments>
<status status="PASS" starttime="20171117 17:48:10.788" endtime="20171117 17:48:10.788"></status>
</kw>
<kw name="Run Keyword If" library="BuiltIn">
<doc>Runs the given keyword with the given arguments, if ``condition`` is true.</doc>
<arguments>
<arg>'${apiverb}' == 'create' and '${apiName}' == 'namespaces'</arg>
<arg>runTestAPIpost</arg>
<arg>${apiName}</arg>
</arguments>
<status status="PASS" starttime="20171117 17:48:10.789" endtime="20171117 17:48:10.789"></status>
</kw>
<status status="PASS" starttime="20171117 17:48:10.788" endtime="20171117 17:48:10.789"></status>
</kw>
<status status="PASS" starttime="20171117 17:48:10.770" endtime="20171117 17:48:10.789"></status>
</kw>
<status status="PASS" starttime="20171117 17:48:10.769" endtime="20171117 17:48:10.789"></status>
</kw>
<status status="PASS" starttime="20171117 17:48:10.767" endtime="20171117 17:48:10.789"></status>
</kw>
<kw name="${apiDict} = {'name': 'services/proxy', 'singularName': '', 'namespaced': True, 'kind': 'Service', 'verbs': []}" type="foritem">
<kw name="Get From Dictionary" library="Collections">
<doc>Returns a value from the given ``dictionary`` based on the given ``key``.</doc>
<arguments>
<arg>${apiDict}</arg>
<arg>name</arg>
</arguments>
<assign>
<var>${apiName}</var>
</assign>
<msg timestamp="20171117 17:48:10.790" level="INFO">${apiName} = services/proxy</msg>
<status status="PASS" starttime="20171117 17:48:10.790" endtime="20171117 17:48:10.790"></status>
</kw>
<kw name="List Should Contain Value" library="Collections">
<doc>Fails if the ``value`` is not found from ``list``.</doc>
<arguments>
<arg>${apiDict}</arg>
<arg>verbs</arg>
</arguments>
<status status="PASS" starttime="20171117 17:48:10.790" endtime="20171117 17:48:10.790"></status>
</kw>
<kw name="Get From Dictionary" library="Collections">
<doc>Returns a value from the given ``dictionary`` based on the given ``key``.</doc>
<arguments>
<arg>${apiDict}</arg>
<arg>verbs</arg>
</arguments>
<assign>
<var>${apiVerbs}</var>
</assign>
<msg timestamp="20171117 17:48:10.791" level="INFO">${apiVerbs} = []</msg>
<status status="PASS" starttime="20171117 17:48:10.791" endtime="20171117 17:48:10.791"></status>
</kw>
<kw name="Log List" library="Collections">
<doc>Logs the length and contents of the ``list`` using given ``level``.</doc>
<arguments>
<arg>${apiVerbs}</arg>
</arguments>
<msg timestamp="20171117 17:48:10.791" level="INFO">List is empty.</msg>
<status status="PASS" starttime="20171117 17:48:10.791" endtime="20171117 17:48:10.791"></status>
</kw>
<kw name="GetListofapiVerbs">
<arguments>
<arg>${apiVerbs}</arg>
<arg>${apiName}</arg>
</arguments>
<kw name="${apiverb} IN [ @{apiVerbs} ]" type="for">
<status status="PASS" starttime="20171117 17:48:10.792" endtime="20171117 17:48:10.792"></status>
</kw>
<status status="PASS" starttime="20171117 17:48:10.792" endtime="20171117 17:48:10.792"></status>
</kw>
<status status="PASS" starttime="20171117 17:48:10.789" endtime="20171117 17:48:10.792"></status>
</kw>
<kw name="${apiDict} = {'name': 'services/status', 'singularName': '', 'namespaced': True, 'kind': 'Service', 'verbs': ['get', 'patch', 'update']}" type="foritem">
<kw name="Get From Dictionary" library="Collections">
<doc>Returns a value from the given ``dictionary`` based on the given ``key``.</doc>
<arguments>
<arg>${apiDict}</arg>
<arg>name</arg>
</arguments>
<assign>
<var>${apiName}</var>
</assign>
<msg timestamp="20171117 17:48:10.793" level="INFO">${apiName} = services/status</msg>
<status status="PASS" starttime="20171117 17:48:10.793" endtime="20171117 17:48:10.793"></status>
</kw>
<kw name="List Should Contain Value" library="Collections">
<doc>Fails if the ``value`` is not found from ``list``.</doc>
<arguments>
<arg>${apiDict}</arg>
<arg>verbs</arg>
</arguments>
<status status="PASS" starttime="20171117 17:48:10.793" endtime="20171117 17:48:10.794"></status>
</kw>
<kw name="Get From Dictionary" library="Collections">
<doc>Returns a value from the given ``dictionary`` based on the given ``key``.</doc>
<arguments>
<arg>${apiDict}</arg>
<arg>verbs</arg>
</arguments>
<assign>
<var>${apiVerbs}</var>
</assign>
<msg timestamp="20171117 17:48:10.794" level="INFO">${apiVerbs} = ['get', 'patch', 'update']</msg>
<status status="PASS" starttime="20171117 17:48:10.794" endtime="20171117 17:48:10.794"></status>
</kw>
<kw name="Log List" library="Collections">
<doc>Logs the length and contents of the ``list`` using given ``level``.</doc>
<arguments>
<arg>${apiVerbs}</arg>
</arguments>
<msg timestamp="20171117 17:48:10.795" level="INFO">List length is 3 and it contains following items:
0: get
1: patch
2: update</msg>
<status status="PASS" starttime="20171117 17:48:10.795" endtime="20171117 17:48:10.795"></status>
</kw>
<kw name="GetListofapiVerbs">
<arguments>
<arg>${apiVerbs}</arg>
<arg>${apiName}</arg>
</arguments>
<kw name="${apiverb} IN [ @{apiVerbs} ]" type="for">
<kw name="${apiverb} = get" type="foritem">
<kw name="Run Keyword If" library="BuiltIn">
<doc>Runs the given keyword with the given arguments, if ``condition`` is true.</doc>
<arguments>
<arg>'${apiverb}' == 'get'</arg>
<arg>runTestAPIget</arg>
<arg>${apiName}</arg>
</arguments>
<kw name="runTestAPIget">
<tags>
<tag>services/status</tag>
</tags>
<arguments>
<arg>${apiName}</arg>
</arguments>
<kw name="Create Session" library="RequestsLibrary">
<doc>Create Session: create a HTTP session to a server</doc>
<arguments>
<arg>kubernetes</arg>
<arg>${API_ENDPOINT}</arg>
</arguments>
<msg timestamp="20171117 17:48:10.797" level="INFO">Creating Session using : alias=kubernetes, url=http://127.0.0.1:8080, headers={},                     cookies=None, auth=None, timeout=None, proxies=None, verify=False,                     debug=0 </msg>
<status status="PASS" starttime="20171117 17:48:10.797" endtime="20171117 17:48:10.798"></status>
</kw>
<kw name="Get Request" library="RequestsLibrary">
<doc>Send a GET request on the session object found using the</doc>
<arguments>
<arg>kubernetes</arg>
<arg>/api/v1/${apiName}</arg>
</arguments>
<assign>
<var>${resp}</var>
</assign>
<msg timestamp="20171117 17:48:10.801" level="INFO">Get Request using : alias=kubernetes, uri=/api/v1/services/status, headers=None json=None</msg>
<msg timestamp="20171117 17:48:10.802" level="INFO">${resp} = &lt;Response [404]&gt;</msg>
<status status="PASS" starttime="20171117 17:48:10.798" endtime="20171117 17:48:10.802"></status>
</kw>
<kw name="Set Variable" library="BuiltIn">
<doc>Returns the given values which can then be assigned to a variables.</doc>
<arguments>
<arg>${resp.json()}</arg>
</arguments>
<assign>
<var>${json}</var>
</assign>
<msg timestamp="20171117 17:48:10.802" level="INFO">${json} = {'kind': 'Status', 'apiVersion': 'v1', 'metadata': {}, 'status': 'Failure', 'message': 'the server could not find the requested resource', 'reason': 'NotFound', 'details': {}, 'code': 404}</msg>
<status status="PASS" starttime="20171117 17:48:10.802" endtime="20171117 17:48:10.802"></status>
</kw>
<kw name="Log" library="BuiltIn">
<doc>Logs the given message with the given level.</doc>
<arguments>
<arg>${json}</arg>
</arguments>
<msg timestamp="20171117 17:48:10.803" level="INFO">{'kind': 'Status', 'apiVersion': 'v1', 'metadata': {}, 'status': 'Failure', 'message': 'the server could not find the requested resource', 'reason': 'NotFound', 'details': {}, 'code': 404}</msg>
<status status="PASS" starttime="20171117 17:48:10.803" endtime="20171117 17:48:10.803"></status>
</kw>
<status status="PASS" starttime="20171117 17:48:10.796" endtime="20171117 17:48:10.803"></status>
</kw>
<status status="PASS" starttime="20171117 17:48:10.796" endtime="20171117 17:48:10.803"></status>
</kw>
<kw name="Run Keyword If" library="BuiltIn">
<doc>Runs the given keyword with the given arguments, if ``condition`` is true.</doc>
<arguments>
<arg>'${apiverb}' == 'create' and '${apiName}' == 'namespaces'</arg>
<arg>runTestAPIpost</arg>
<arg>${apiName}</arg>
</arguments>
<status status="PASS" starttime="20171117 17:48:10.803" endtime="20171117 17:48:10.804"></status>
</kw>
<status status="PASS" starttime="20171117 17:48:10.796" endtime="20171117 17:48:10.804"></status>
</kw>
<kw name="${apiverb} = patch" type="foritem">
<kw name="Run Keyword If" library="BuiltIn">
<doc>Runs the given keyword with the given arguments, if ``condition`` is true.</doc>
<arguments>
<arg>'${apiverb}' == 'get'</arg>
<arg>runTestAPIget</arg>
<arg>${apiName}</arg>
</arguments>
<status status="PASS" starttime="20171117 17:48:10.804" endtime="20171117 17:48:10.805"></status>
</kw>
<kw name="Run Keyword If" library="BuiltIn">
<doc>Runs the given keyword with the given arguments, if ``condition`` is true.</doc>
<arguments>
<arg>'${apiverb}' == 'create' and '${apiName}' == 'namespaces'</arg>
<arg>runTestAPIpost</arg>
<arg>${apiName}</arg>
</arguments>
<status status="PASS" starttime="20171117 17:48:10.805" endtime="20171117 17:48:10.805"></status>
</kw>
<status status="PASS" starttime="20171117 17:48:10.804" endtime="20171117 17:48:10.805"></status>
</kw>
<kw name="${apiverb} = update" type="foritem">
<kw name="Run Keyword If" library="BuiltIn">
<doc>Runs the given keyword with the given arguments, if ``condition`` is true.</doc>
<arguments>
<arg>'${apiverb}' == 'get'</arg>
<arg>runTestAPIget</arg>
<arg>${apiName}</arg>
</arguments>
<status status="PASS" starttime="20171117 17:48:10.806" endtime="20171117 17:48:10.806"></status>
</kw>
<kw name="Run Keyword If" library="BuiltIn">
<doc>Runs the given keyword with the given arguments, if ``condition`` is true.</doc>
<arguments>
<arg>'${apiverb}' == 'create' and '${apiName}' == 'namespaces'</arg>
<arg>runTestAPIpost</arg>
<arg>${apiName}</arg>
</arguments>
<status status="PASS" starttime="20171117 17:48:10.806" endtime="20171117 17:48:10.806"></status>
</kw>
<status status="PASS" starttime="20171117 17:48:10.805" endtime="20171117 17:48:10.807"></status>
</kw>
<status status="PASS" starttime="20171117 17:48:10.796" endtime="20171117 17:48:10.807"></status>
</kw>
<status status="PASS" starttime="20171117 17:48:10.795" endtime="20171117 17:48:10.807"></status>
</kw>
<status status="PASS" starttime="20171117 17:48:10.793" endtime="20171117 17:48:10.807"></status>
</kw>
<status status="PASS" starttime="20171117 17:48:10.238" endtime="20171117 17:48:10.807"></status>
</kw>
<doc>api v1</doc>
<status status="PASS" starttime="20171117 17:48:10.223" endtime="20171117 17:48:10.807" critical="yes"></status>
</test>
<kw name="Delete All Sessions" library="RequestsLibrary" type="teardown">
<doc>Removes all the session objects</doc>
<msg timestamp="20171117 17:48:10.808" level="INFO">Delete All Sessions</msg>
<status status="PASS" starttime="20171117 17:48:10.808" endtime="20171117 17:48:10.810"></status>
</kw>
<doc>REST API kubernetes.</doc>
<status status="PASS" starttime="20171117 17:48:10.009" endtime="20171117 17:48:10.810"></status>
</suite>
<statistics>
<total>
<stat pass="1" fail="0">Critical Tests</stat>
<stat pass="1" fail="0">All Tests</stat>
</total>
<tag>
</tag>
<suite>
<stat pass="1" fail="0" id="s1" name="Kuberobot">Kuberobot</stat>
</suite>
</statistics>
<errors>
</errors>
</robot>
