<?xml version="1.0" encoding="UTF-8"?>
<robot generator="Robot 3.0.2 (Python 3.6.2 on linux)" generated="20171117 17:10:34.750">
<suite id="s1" name="Kuberobot" source="/home/kuberobot/kuberobot.robot">
<test id="s1-t1" name="Get api v1">
<kw name="Create Session" library="RequestsLibrary">
<doc>Create Session: create a HTTP session to a server</doc>
<arguments>
<arg>kubernetes</arg>
<arg>${API_ENDPOINT}</arg>
</arguments>
<msg timestamp="20171117 17:10:34.966" level="INFO">Creating Session using : alias=kubernetes, url=http://127.0.0.1:8080, headers={},                     cookies=None, auth=None, timeout=None, proxies=None, verify=False,                     debug=0 </msg>
<status status="PASS" starttime="20171117 17:10:34.965" endtime="20171117 17:10:34.966"></status>
</kw>
<kw name="Get Request" library="RequestsLibrary">
<doc>Send a GET request on the session object found using the</doc>
<arguments>
<arg>kubernetes</arg>
<arg>/api/v1</arg>
</arguments>
<assign>
<var>${resp}</var>
</assign>
<msg timestamp="20171117 17:10:34.973" level="INFO">Get Request using : alias=kubernetes, uri=/api/v1, headers=None json=None</msg>
<msg timestamp="20171117 17:10:34.973" level="INFO">${resp} = &lt;Response [200]&gt;</msg>
<status status="PASS" starttime="20171117 17:10:34.967" endtime="20171117 17:10:34.973"></status>
</kw>
<kw name="Should Be Equal As Strings" library="BuiltIn">
<doc>Fails if objects are unequal after converting them to strings.</doc>
<arguments>
<arg>${resp.status_code}</arg>
<arg>200</arg>
</arguments>
<msg timestamp="20171117 17:10:34.974" level="INFO">Argument types are:
&lt;class 'int'&gt;
&lt;type 'unicode'&gt;</msg>
<status status="PASS" starttime="20171117 17:10:34.973" endtime="20171117 17:10:34.974"></status>
</kw>
<kw name="Set Variable" library="BuiltIn">
<doc>Returns the given values which can then be assigned to a variables.</doc>
<arguments>
<arg>${resp.json()}</arg>
</arguments>
<assign>
<var>${json}</var>
</assign>
<msg timestamp="20171117 17:10:34.975" level="INFO">${json} = {'kind': 'APIResourceList', 'groupVersion': 'v1', 'resources': [{'name': 'bindings', 'singularName': '', 'namespaced': True, 'kind': 'Binding', 'verbs': ['create']}, {'name': 'componentstatuses', 'sin...</msg>
<status status="PASS" starttime="20171117 17:10:34.974" endtime="20171117 17:10:34.975"></status>
</kw>
<kw name="Log" library="BuiltIn">
<doc>Logs the given message with the given level.</doc>
<arguments>
<arg>${json}</arg>
</arguments>
<msg timestamp="20171117 17:10:34.975" level="INFO">{'kind': 'APIResourceList', 'groupVersion': 'v1', 'resources': [{'name': 'bindings', 'singularName': '', 'namespaced': True, 'kind': 'Binding', 'verbs': ['create']}, {'name': 'componentstatuses', 'singularName': '', 'namespaced': False, 'kind': 'ComponentStatus', 'verbs': ['get', 'list'], 'shortNames': ['cs']}, {'name': 'configmaps', 'singularName': '', 'namespaced': True, 'kind': 'ConfigMap', 'verbs': ['create', 'delete', 'deletecollection', 'get', 'list', 'patch', 'update', 'watch'], 'shortNames': ['cm']}, {'name': 'endpoints', 'singularName': '', 'namespaced': True, 'kind': 'Endpoints', 'verbs': ['create', 'delete', 'deletecollection', 'get', 'list', 'patch', 'update', 'watch'], 'shortNames': ['ep']}, {'name': 'events', 'singularName': '', 'namespaced': True, 'kind': 'Event', 'verbs': ['create', 'delete', 'deletecollection', 'get', 'list', 'patch', 'update', 'watch'], 'shortNames': ['ev']}, {'name': 'limitranges', 'singularName': '', 'namespaced': True, 'kind': 'LimitRange', 'verbs': ['create', 'delete', 'deletecollection', 'get', 'list', 'patch', 'update', 'watch'], 'shortNames': ['limits']}, {'name': 'namespaces', 'singularName': '', 'namespaced': False, 'kind': 'Namespace', 'verbs': ['create', 'delete', 'get', 'list', 'patch', 'update', 'watch'], 'shortNames': ['ns']}, {'name': 'namespaces/finalize', 'singularName': '', 'namespaced': False, 'kind': 'Namespace', 'verbs': ['update']}, {'name': 'namespaces/status', 'singularName': '', 'namespaced': False, 'kind': 'Namespace', 'verbs': ['get', 'patch', 'update']}, {'name': 'nodes', 'singularName': '', 'namespaced': False, 'kind': 'Node', 'verbs': ['create', 'delete', 'deletecollection', 'get', 'list', 'patch', 'proxy', 'update', 'watch'], 'shortNames': ['no']}, {'name': 'nodes/proxy', 'singularName': '', 'namespaced': False, 'kind': 'Node', 'verbs': []}, {'name': 'nodes/status', 'singularName': '', 'namespaced': False, 'kind': 'Node', 'verbs': ['get', 'patch', 'update']}, {'name': 'persistentvolumeclaims', 'singularName': '', 'namespaced': True, 'kind': 'PersistentVolumeClaim', 'verbs': ['create', 'delete', 'deletecollection', 'get', 'list', 'patch', 'update', 'watch'], 'shortNames': ['pvc']}, {'name': 'persistentvolumeclaims/status', 'singularName': '', 'namespaced': True, 'kind': 'PersistentVolumeClaim', 'verbs': ['get', 'patch', 'update']}, {'name': 'persistentvolumes', 'singularName': '', 'namespaced': False, 'kind': 'PersistentVolume', 'verbs': ['create', 'delete', 'deletecollection', 'get', 'list', 'patch', 'update', 'watch'], 'shortNames': ['pv']}, {'name': 'persistentvolumes/status', 'singularName': '', 'namespaced': False, 'kind': 'PersistentVolume', 'verbs': ['get', 'patch', 'update']}, {'name': 'pods', 'singularName': '', 'namespaced': True, 'kind': 'Pod', 'verbs': ['create', 'delete', 'deletecollection', 'get', 'list', 'patch', 'proxy', 'update', 'watch'], 'shortNames': ['po'], 'categories': ['all']}, {'name': 'pods/attach', 'singularName': '', 'namespaced': True, 'kind': 'Pod', 'verbs': []}, {'name': 'pods/binding', 'singularName': '', 'namespaced': True, 'kind': 'Binding', 'verbs': ['create']}, {'name': 'pods/eviction', 'singularName': '', 'namespaced': True, 'kind': 'Eviction', 'verbs': ['create']}, {'name': 'pods/exec', 'singularName': '', 'namespaced': True, 'kind': 'Pod', 'verbs': []}, {'name': 'pods/log', 'singularName': '', 'namespaced': True, 'kind': 'Pod', 'verbs': ['get']}, {'name': 'pods/portforward', 'singularName': '', 'namespaced': True, 'kind': 'Pod', 'verbs': []}, {'name': 'pods/proxy', 'singularName': '', 'namespaced': True, 'kind': 'Pod', 'verbs': []}, {'name': 'pods/status', 'singularName': '', 'namespaced': True, 'kind': 'Pod', 'verbs': ['get', 'patch', 'update']}, {'name': 'podtemplates', 'singularName': '', 'namespaced': True, 'kind': 'PodTemplate', 'verbs': ['create', 'delete', 'deletecollection', 'get', 'list', 'patch', 'update', 'watch']}, {'name': 'replicationcontrollers', 'singularName': '', 'namespaced': True, 'kind': 'ReplicationController', 'verbs': ['create', 'delete', 'deletecollection', 'get', 'list', 'patch', 'update', 'watch'], 'shortNames': ['rc'], 'categories': ['all']}, {'name': 'replicationcontrollers/scale', 'singularName': '', 'namespaced': True, 'group': 'autoscaling', 'version': 'v1', 'kind': 'Scale', 'verbs': ['get', 'patch', 'update']}, {'name': 'replicationcontrollers/status', 'singularName': '', 'namespaced': True, 'kind': 'ReplicationController', 'verbs': ['get', 'patch', 'update']}, {'name': 'resourcequotas', 'singularName': '', 'namespaced': True, 'kind': 'ResourceQuota', 'verbs': ['create', 'delete', 'deletecollection', 'get', 'list', 'patch', 'update', 'watch'], 'shortNames': ['quota']}, {'name': 'resourcequotas/status', 'singularName': '', 'namespaced': True, 'kind': 'ResourceQuota', 'verbs': ['get', 'patch', 'update']}, {'name': 'secrets', 'singularName': '', 'namespaced': True, 'kind': 'Secret', 'verbs': ['create', 'delete', 'deletecollection', 'get', 'list', 'patch', 'update', 'watch']}, {'name': 'serviceaccounts', 'singularName': '', 'namespaced': True, 'kind': 'ServiceAccount', 'verbs': ['create', 'delete', 'deletecollection', 'get', 'list', 'patch', 'update', 'watch'], 'shortNames': ['sa']}, {'name': 'services', 'singularName': '', 'namespaced': True, 'kind': 'Service', 'verbs': ['create', 'delete', 'get', 'list', 'patch', 'proxy', 'update', 'watch'], 'shortNames': ['svc'], 'categories': ['all']}, {'name': 'services/proxy', 'singularName': '', 'namespaced': True, 'kind': 'Service', 'verbs': []}, {'name': 'services/status', 'singularName': '', 'namespaced': True, 'kind': 'Service', 'verbs': ['get', 'patch', 'update']}]}</msg>
<status status="PASS" starttime="20171117 17:10:34.975" endtime="20171117 17:10:34.976"></status>
</kw>
<kw name="Get From Dictionary" library="Collections">
<doc>Returns a value from the given ``dictionary`` based on the given ``key``.</doc>
<arguments>
<arg>${json}</arg>
<arg>kind</arg>
</arguments>
<assign>
<var>${kind}</var>
</assign>
<msg timestamp="20171117 17:10:34.976" level="INFO">${kind} = APIResourceList</msg>
<status status="PASS" starttime="20171117 17:10:34.976" endtime="20171117 17:10:34.976"></status>
</kw>
<kw name="Should Be Equal" library="BuiltIn">
<doc>Fails if the given objects are unequal.</doc>
<arguments>
<arg>${kind}</arg>
<arg>APIResourceList</arg>
</arguments>
<status status="PASS" starttime="20171117 17:10:34.976" endtime="20171117 17:10:34.977"></status>
</kw>
<kw name="Get From Dictionary" library="Collections">
<doc>Returns a value from the given ``dictionary`` based on the given ``key``.</doc>
<arguments>
<arg>${json}</arg>
<arg>resources</arg>
</arguments>
<assign>
<var>${resources}</var>
</assign>
<msg timestamp="20171117 17:10:34.978" level="INFO">${resources} = [{'name': 'bindings', 'singularName': '', 'namespaced': True, 'kind': 'Binding', 'verbs': ['create']}, {'name': 'componentstatuses', 'singularName': '', 'namespaced': False, 'kind': 'ComponentStatus',...</msg>
<status status="PASS" starttime="20171117 17:10:34.977" endtime="20171117 17:10:34.978"></status>
</kw>
<kw name="${apiDict} IN [ @{resources} ]" type="for">
<kw name="${apiDict} = {'name': 'bindings', 'singularName': '', 'namespaced': True, 'kind': 'Binding', 'verbs': ['create']}" type="foritem">
<kw name="Get From Dictionary" library="Collections">
<doc>Returns a value from the given ``dictionary`` based on the given ``key``.</doc>
<arguments>
<arg>${apiDict}</arg>
<arg>name</arg>
</arguments>
<assign>
<var>${apiName}</var>
</assign>
<msg timestamp="20171117 17:10:34.978" level="INFO">${apiName} = bindings</msg>
<status status="PASS" starttime="20171117 17:10:34.978" endtime="20171117 17:10:34.979"></status>
</kw>
<kw name="List Should Contain Value" library="Collections">
<doc>Fails if the ``value`` is not found from ``list``.</doc>
<arguments>
<arg>${apiDict}</arg>
<arg>verbs</arg>
</arguments>
<status status="PASS" starttime="20171117 17:10:34.979" endtime="20171117 17:10:34.979"></status>
</kw>
<kw name="Get From Dictionary" library="Collections">
<doc>Returns a value from the given ``dictionary`` based on the given ``key``.</doc>
<arguments>
<arg>${apiDict}</arg>
<arg>verbs</arg>
</arguments>
<assign>
<var>${apiVerbs}</var>
</assign>
<msg timestamp="20171117 17:10:34.980" level="INFO">${apiVerbs} = ['create']</msg>
<status status="PASS" starttime="20171117 17:10:34.979" endtime="20171117 17:10:34.980"></status>
</kw>
<kw name="Log List" library="Collections">
<doc>Logs the length and contents of the ``list`` using given ``level``.</doc>
<arguments>
<arg>${apiVerbs}</arg>
</arguments>
<msg timestamp="20171117 17:10:34.980" level="INFO">List has one item:
create</msg>
<status status="PASS" starttime="20171117 17:10:34.980" endtime="20171117 17:10:34.980"></status>
</kw>
<kw name="GetListofVerbs">
<arguments>
<arg>${apiVerbs}</arg>
<arg>${apiName}</arg>
</arguments>
<kw name="${apiverb} IN [ @{apiVerbs} ]" type="for">
<kw name="${apiverb} = create" type="foritem">
<kw name="Run Keyword If" library="BuiltIn">
<doc>Runs the given keyword with the given arguments, if ``condition`` is true.</doc>
<arguments>
<arg>'${apiverb}' == 'get'</arg>
<arg>runTestAPIget</arg>
<arg>${apiName}</arg>
</arguments>
<status status="PASS" starttime="20171117 17:10:34.981" endtime="20171117 17:10:34.981"></status>
</kw>
<kw name="Run Keyword If" library="BuiltIn">
<doc>Runs the given keyword with the given arguments, if ``condition`` is true.</doc>
<arguments>
<arg>'${apiverb}' == 'create' and '${apiName}' == 'namespaces'</arg>
<arg>runTestAPIpost</arg>
<arg>${apiName}</arg>
</arguments>
<status status="PASS" starttime="20171117 17:10:34.982" endtime="20171117 17:10:34.982"></status>
</kw>
<status status="PASS" starttime="20171117 17:10:34.981" endtime="20171117 17:10:34.982"></status>
</kw>
<status status="PASS" starttime="20171117 17:10:34.981" endtime="20171117 17:10:34.982"></status>
</kw>
<status status="PASS" starttime="20171117 17:10:34.980" endtime="20171117 17:10:34.982"></status>
</kw>
<status status="PASS" starttime="20171117 17:10:34.978" endtime="20171117 17:10:34.982"></status>
</kw>
<kw name="${apiDict} = {'name': 'componentstatuses', 'singularName': '', 'namespaced': False, 'kind': 'ComponentStatus', 'verbs': ['get', 'list'], 'shortNames': ['cs']}" type="foritem">
<kw name="Get From Dictionary" library="Collections">
<doc>Returns a value from the given ``dictionary`` based on the given ``key``.</doc>
<arguments>
<arg>${apiDict}</arg>
<arg>name</arg>
</arguments>
<assign>
<var>${apiName}</var>
</assign>
<msg timestamp="20171117 17:10:34.983" level="INFO">${apiName} = componentstatuses</msg>
<status status="PASS" starttime="20171117 17:10:34.983" endtime="20171117 17:10:34.983"></status>
</kw>
<kw name="List Should Contain Value" library="Collections">
<doc>Fails if the ``value`` is not found from ``list``.</doc>
<arguments>
<arg>${apiDict}</arg>
<arg>verbs</arg>
</arguments>
<status status="PASS" starttime="20171117 17:10:34.983" endtime="20171117 17:10:34.984"></status>
</kw>
<kw name="Get From Dictionary" library="Collections">
<doc>Returns a value from the given ``dictionary`` based on the given ``key``.</doc>
<arguments>
<arg>${apiDict}</arg>
<arg>verbs</arg>
</arguments>
<assign>
<var>${apiVerbs}</var>
</assign>
<msg timestamp="20171117 17:10:34.984" level="INFO">${apiVerbs} = ['get', 'list']</msg>
<status status="PASS" starttime="20171117 17:10:34.984" endtime="20171117 17:10:34.984"></status>
</kw>
<kw name="Log List" library="Collections">
<doc>Logs the length and contents of the ``list`` using given ``level``.</doc>
<arguments>
<arg>${apiVerbs}</arg>
</arguments>
<msg timestamp="20171117 17:10:34.984" level="INFO">List length is 2 and it contains following items:
0: get
1: list</msg>
<status status="PASS" starttime="20171117 17:10:34.984" endtime="20171117 17:10:34.985"></status>
</kw>
<kw name="GetListofVerbs">
<arguments>
<arg>${apiVerbs}</arg>
<arg>${apiName}</arg>
</arguments>
<kw name="${apiverb} IN [ @{apiVerbs} ]" type="for">
<kw name="${apiverb} = get" type="foritem">
<kw name="Run Keyword If" library="BuiltIn">
<doc>Runs the given keyword with the given arguments, if ``condition`` is true.</doc>
<arguments>
<arg>'${apiverb}' == 'get'</arg>
<arg>runTestAPIget</arg>
<arg>${apiName}</arg>
</arguments>
<kw name="runTestAPIget">
<tags>
<tag>componentstatuses</tag>
</tags>
<arguments>
<arg>${apiName}</arg>
</arguments>
<kw name="Create Session" library="RequestsLibrary">
<doc>Create Session: create a HTTP session to a server</doc>
<arguments>
<arg>kubernetes</arg>
<arg>${API_ENDPOINT}</arg>
</arguments>
<msg timestamp="20171117 17:10:34.987" level="INFO">Creating Session using : alias=kubernetes, url=http://127.0.0.1:8080, headers={},                     cookies=None, auth=None, timeout=None, proxies=None, verify=False,                     debug=0 </msg>
<status status="PASS" starttime="20171117 17:10:34.987" endtime="20171117 17:10:34.987"></status>
</kw>
<kw name="Get Request" library="RequestsLibrary">
<doc>Send a GET request on the session object found using the</doc>
<arguments>
<arg>kubernetes</arg>
<arg>/api/v1/${apiName}</arg>
</arguments>
<assign>
<var>${resp}</var>
</assign>
<msg timestamp="20171117 17:10:34.993" level="INFO">Get Request using : alias=kubernetes, uri=/api/v1/componentstatuses, headers=None json=None</msg>
<msg timestamp="20171117 17:10:34.994" level="INFO">${resp} = &lt;Response [200]&gt;</msg>
<status status="PASS" starttime="20171117 17:10:34.987" endtime="20171117 17:10:34.994"></status>
</kw>
<kw name="Set Variable" library="BuiltIn">
<doc>Returns the given values which can then be assigned to a variables.</doc>
<arguments>
<arg>${resp.json()}</arg>
</arguments>
<assign>
<var>${json}</var>
</assign>
<msg timestamp="20171117 17:10:34.994" level="INFO">${json} = {'kind': 'ComponentStatusList', 'apiVersion': 'v1', 'metadata': {'selfLink': '/api/v1/componentstatuses'}, 'items': [{'metadata': {'name': 'controller-manager', 'selfLink': '/api/v1/componentstatuses/...</msg>
<status status="PASS" starttime="20171117 17:10:34.994" endtime="20171117 17:10:34.994"></status>
</kw>
<kw name="Log" library="BuiltIn">
<doc>Logs the given message with the given level.</doc>
<arguments>
<arg>${json}</arg>
</arguments>
<msg timestamp="20171117 17:10:34.995" level="INFO">{'kind': 'ComponentStatusList', 'apiVersion': 'v1', 'metadata': {'selfLink': '/api/v1/componentstatuses'}, 'items': [{'metadata': {'name': 'controller-manager', 'selfLink': '/api/v1/componentstatuses/controller-manager', 'creationTimestamp': None}, 'conditions': [{'type': 'Healthy', 'status': 'True', 'message': 'ok'}]}, {'metadata': {'name': 'etcd-0', 'selfLink': '/api/v1/componentstatuses/etcd-0', 'creationTimestamp': None}, 'conditions': [{'type': 'Healthy', 'status': 'True', 'message': '{"health": "true"}'}]}, {'metadata': {'name': 'scheduler', 'selfLink': '/api/v1/componentstatuses/scheduler', 'creationTimestamp': None}, 'conditions': [{'type': 'Healthy', 'status': 'True', 'message': 'ok'}]}]}</msg>
<status status="PASS" starttime="20171117 17:10:34.995" endtime="20171117 17:10:34.995"></status>
</kw>
<status status="PASS" starttime="20171117 17:10:34.986" endtime="20171117 17:10:34.995"></status>
</kw>
<status status="PASS" starttime="20171117 17:10:34.986" endtime="20171117 17:10:34.995"></status>
</kw>
<kw name="Run Keyword If" library="BuiltIn">
<doc>Runs the given keyword with the given arguments, if ``condition`` is true.</doc>
<arguments>
<arg>'${apiverb}' == 'create' and '${apiName}' == 'namespaces'</arg>
<arg>runTestAPIpost</arg>
<arg>${apiName}</arg>
</arguments>
<status status="PASS" starttime="20171117 17:10:34.996" endtime="20171117 17:10:34.996"></status>
</kw>
<status status="PASS" starttime="20171117 17:10:34.985" endtime="20171117 17:10:34.996"></status>
</kw>
<kw name="${apiverb} = list" type="foritem">
<kw name="Run Keyword If" library="BuiltIn">
<doc>Runs the given keyword with the given arguments, if ``condition`` is true.</doc>
<arguments>
<arg>'${apiverb}' == 'get'</arg>
<arg>runTestAPIget</arg>
<arg>${apiName}</arg>
</arguments>
<status status="PASS" starttime="20171117 17:10:34.996" endtime="20171117 17:10:34.997"></status>
</kw>
<kw name="Run Keyword If" library="BuiltIn">
<doc>Runs the given keyword with the given arguments, if ``condition`` is true.</doc>
<arguments>
<arg>'${apiverb}' == 'create' and '${apiName}' == 'namespaces'</arg>
<arg>runTestAPIpost</arg>
<arg>${apiName}</arg>
</arguments>
<status status="PASS" starttime="20171117 17:10:34.997" endtime="20171117 17:10:34.997"></status>
</kw>
<status status="PASS" starttime="20171117 17:10:34.996" endtime="20171117 17:10:34.997"></status>
</kw>
<status status="PASS" starttime="20171117 17:10:34.985" endtime="20171117 17:10:34.997"></status>
</kw>
<status status="PASS" starttime="20171117 17:10:34.985" endtime="20171117 17:10:34.997"></status>
</kw>
<status status="PASS" starttime="20171117 17:10:34.983" endtime="20171117 17:10:34.998"></status>
</kw>
<kw name="${apiDict} = {'name': 'configmaps', 'singularName': '', 'namespaced': True, 'kind': 'ConfigMap', 'verbs': ['create', 'delete', 'deletecollection', 'get', 'list', 'patch', 'update', 'watch'], 'shortNames': ['cm']}" type="foritem">
<kw name="Get From Dictionary" library="Collections">
<doc>Returns a value from the given ``dictionary`` based on the given ``key``.</doc>
<arguments>
<arg>${apiDict}</arg>
<arg>name</arg>
</arguments>
<assign>
<var>${apiName}</var>
</assign>
<msg timestamp="20171117 17:10:34.998" level="INFO">${apiName} = configmaps</msg>
<status status="PASS" starttime="20171117 17:10:34.998" endtime="20171117 17:10:34.998"></status>
</kw>
<kw name="List Should Contain Value" library="Collections">
<doc>Fails if the ``value`` is not found from ``list``.</doc>
<arguments>
<arg>${apiDict}</arg>
<arg>verbs</arg>
</arguments>
<status status="PASS" starttime="20171117 17:10:34.998" endtime="20171117 17:10:34.999"></status>
</kw>
<kw name="Get From Dictionary" library="Collections">
<doc>Returns a value from the given ``dictionary`` based on the given ``key``.</doc>
<arguments>
<arg>${apiDict}</arg>
<arg>verbs</arg>
</arguments>
<assign>
<var>${apiVerbs}</var>
</assign>
<msg timestamp="20171117 17:10:34.999" level="INFO">${apiVerbs} = ['create', 'delete', 'deletecollection', 'get', 'list', 'patch', 'update', 'watch']</msg>
<status status="PASS" starttime="20171117 17:10:34.999" endtime="20171117 17:10:34.999"></status>
</kw>
<kw name="Log List" library="Collections">
<doc>Logs the length and contents of the ``list`` using given ``level``.</doc>
<arguments>
<arg>${apiVerbs}</arg>
</arguments>
<msg timestamp="20171117 17:10:35.000" level="INFO">List length is 8 and it contains following items:
0: create
1: delete
2: deletecollection
3: get
4: list
5: patch
6: update
7: watch</msg>
<status status="PASS" starttime="20171117 17:10:34.999" endtime="20171117 17:10:35.000"></status>
</kw>
<kw name="GetListofVerbs">
<arguments>
<arg>${apiVerbs}</arg>
<arg>${apiName}</arg>
</arguments>
<kw name="${apiverb} IN [ @{apiVerbs} ]" type="for">
<kw name="${apiverb} = create" type="foritem">
<kw name="Run Keyword If" library="BuiltIn">
<doc>Runs the given keyword with the given arguments, if ``condition`` is true.</doc>
<arguments>
<arg>'${apiverb}' == 'get'</arg>
<arg>runTestAPIget</arg>
<arg>${apiName}</arg>
</arguments>
<status status="PASS" starttime="20171117 17:10:35.001" endtime="20171117 17:10:35.001"></status>
</kw>
<kw name="Run Keyword If" library="BuiltIn">
<doc>Runs the given keyword with the given arguments, if ``condition`` is true.</doc>
<arguments>
<arg>'${apiverb}' == 'create' and '${apiName}' == 'namespaces'</arg>
<arg>runTestAPIpost</arg>
<arg>${apiName}</arg>
</arguments>
<status status="PASS" starttime="20171117 17:10:35.001" endtime="20171117 17:10:35.002"></status>
</kw>
<status status="PASS" starttime="20171117 17:10:35.000" endtime="20171117 17:10:35.002"></status>
</kw>
<kw name="${apiverb} = delete" type="foritem">
<kw name="Run Keyword If" library="BuiltIn">
<doc>Runs the given keyword with the given arguments, if ``condition`` is true.</doc>
<arguments>
<arg>'${apiverb}' == 'get'</arg>
<arg>runTestAPIget</arg>
<arg>${apiName}</arg>
</arguments>
<status status="PASS" starttime="20171117 17:10:35.002" endtime="20171117 17:10:35.002"></status>
</kw>
<kw name="Run Keyword If" library="BuiltIn">
<doc>Runs the given keyword with the given arguments, if ``condition`` is true.</doc>
<arguments>
<arg>'${apiverb}' == 'create' and '${apiName}' == 'namespaces'</arg>
<arg>runTestAPIpost</arg>
<arg>${apiName}</arg>
</arguments>
<status status="PASS" starttime="20171117 17:10:35.002" endtime="20171117 17:10:35.003"></status>
</kw>
<status status="PASS" starttime="20171117 17:10:35.002" endtime="20171117 17:10:35.003"></status>
</kw>
<kw name="${apiverb} = deletecollection" type="foritem">
<kw name="Run Keyword If" library="BuiltIn">
<doc>Runs the given keyword with the given arguments, if ``condition`` is true.</doc>
<arguments>
<arg>'${apiverb}' == 'get'</arg>
<arg>runTestAPIget</arg>
<arg>${apiName}</arg>
</arguments>
<status status="PASS" starttime="20171117 17:10:35.003" endtime="20171117 17:10:35.004"></status>
</kw>
<kw name="Run Keyword If" library="BuiltIn">
<doc>Runs the given keyword with the given arguments, if ``condition`` is true.</doc>
<arguments>
<arg>'${apiverb}' == 'create' and '${apiName}' == 'namespaces'</arg>
<arg>runTestAPIpost</arg>
<arg>${apiName}</arg>
</arguments>
<status status="PASS" starttime="20171117 17:10:35.004" endtime="20171117 17:10:35.004"></status>
</kw>
<status status="PASS" starttime="20171117 17:10:35.003" endtime="20171117 17:10:35.004"></status>
</kw>
<kw name="${apiverb} = get" type="foritem">
<kw name="Run Keyword If" library="BuiltIn">
<doc>Runs the given keyword with the given arguments, if ``condition`` is true.</doc>
<arguments>
<arg>'${apiverb}' == 'get'</arg>
<arg>runTestAPIget</arg>
<arg>${apiName}</arg>
</arguments>
<kw name="runTestAPIget">
<tags>
<tag>configmaps</tag>
</tags>
<arguments>
<arg>${apiName}</arg>
</arguments>
<kw name="Create Session" library="RequestsLibrary">
<doc>Create Session: create a HTTP session to a server</doc>
<arguments>
<arg>kubernetes</arg>
<arg>${API_ENDPOINT}</arg>
</arguments>
<msg timestamp="20171117 17:10:35.007" level="INFO">Creating Session using : alias=kubernetes, url=http://127.0.0.1:8080, headers={},                     cookies=None, auth=None, timeout=None, proxies=None, verify=False,                     debug=0 </msg>
<status status="PASS" starttime="20171117 17:10:35.006" endtime="20171117 17:10:35.007"></status>
</kw>
<kw name="Get Request" library="RequestsLibrary">
<doc>Send a GET request on the session object found using the</doc>
<arguments>
<arg>kubernetes</arg>
<arg>/api/v1/${apiName}</arg>
</arguments>
<assign>
<var>${resp}</var>
</assign>
<msg timestamp="20171117 17:10:35.012" level="INFO">Get Request using : alias=kubernetes, uri=/api/v1/configmaps, headers=None json=None</msg>
<msg timestamp="20171117 17:10:35.012" level="INFO">${resp} = &lt;Response [200]&gt;</msg>
<status status="PASS" starttime="20171117 17:10:35.007" endtime="20171117 17:10:35.012"></status>
</kw>
<kw name="Set Variable" library="BuiltIn">
<doc>Returns the given values which can then be assigned to a variables.</doc>
<arguments>
<arg>${resp.json()}</arg>
</arguments>
<assign>
<var>${json}</var>
</assign>
<msg timestamp="20171117 17:10:35.013" level="INFO">${json} = {'kind': 'ConfigMapList', 'apiVersion': 'v1', 'metadata': {'selfLink': '/api/v1/configmaps', 'resourceVersion': '342104'}, 'items': [{'metadata': {'name': 'extension-apiserver-authentication', 'namesp...</msg>
<status status="PASS" starttime="20171117 17:10:35.012" endtime="20171117 17:10:35.013"></status>
</kw>
<kw name="Log" library="BuiltIn">
<doc>Logs the given message with the given level.</doc>
<arguments>
<arg>${json}</arg>
</arguments>
<msg timestamp="20171117 17:10:35.013" level="INFO">{'kind': 'ConfigMapList', 'apiVersion': 'v1', 'metadata': {'selfLink': '/api/v1/configmaps', 'resourceVersion': '342104'}, 'items': [{'metadata': {'name': 'extension-apiserver-authentication', 'namespace': 'kube-system', 'selfLink': '/api/v1/namespaces/kube-system/configmaps/extension-apiserver-authentication', 'uid': 'b0563f3d-c960-11e7-b342-5254002b24c6', 'resourceVersion': '15', 'creationTimestamp': '2017-11-14T17:24:37Z'}, 'data': {'client-ca-file': '-----BEGIN CERTIFICATE-----\nMIIC5zCCAc+gAwIBAgIBATANBgkqhkiG9w0BAQsFADAVMRMwEQYDVQQDEwptaW5p\na3ViZUNBMB4XDTE3MTAzMDIwNDA1NFoXDTI3MTAyODIwNDA1NFowFTETMBEGA1UE\nAxMKbWluaWt1YmVDQTCCASIwDQYJKoZIhvcNAQEBBQADggEPADCCAQoCggEBAKHo\nf1KZ2wXEeSegPBrwFVtEK/bKf15GYJblub1rhTY+legYv/iZjZ2/HpHu4qQauNRx\nEwuepxANGTQeC/KkFOlZ4LjPxXzMZXnYlIMmjcdq2glurF4cIOgbCyVFb6Bat5Ib\nbOX48Ov/KtHlyZ7wcaG7B6puKn4nHIhHULfa3IH77YL1I1u/UOOLfVzlGChjn8dY\nQ+++F7hEJztNzu/66RR6xaaohi0c2e8TvvYb9W2987HJD/AQoAXdUVR6lVOMUShG\n7EBqGr+Ov8Hc/k/WRMDaRK1AtVanaTiDhRtR3iI2ZaY/D1Yz858EZos2r3TUA+Jh\niZsmefNJwG5ZRnn6Wp0CAwEAAaNCMEAwDgYDVR0PAQH/BAQDAgKkMB0GA1UdJQQW\nMBQGCCsGAQUFBwMCBggrBgEFBQcDATAPBgNVHRMBAf8EBTADAQH/MA0GCSqGSIb3\nDQEBCwUAA4IBAQAfDUZW+WG+lFup/ifvsJHyJo6hlZ6vz+A46JHcQnh//iMjAWpO\nv7Lj4SdEGYrxfWqFpDw3CxdUizR7OCWNyd5uR9YJz3+uGIn9p4BN8LltLbOyY0Ad\nhvrYqo1DWldXM3n3xsO9b4hUYopJkk29RGLEog8auDgVfJZuXXbru/OE8kMMdKUG\nphJmX3+BUS83J1JHuH8R0G1qVl4hH3J+CCUDH5oiorkdwg3/fB/Lm6blBWxy5Mxg\nQrXYALmzFyiZxRABq/13nVp0sh57ec/JR6hTj/450Xn+O9/HgOeJBvKWC03uCK9f\nDDPzu3DBR6StbrJXVUnRROHGqANxV2bknRcc\n-----END CERTIFICATE-----\n', 'requestheader-allowed-names': '[]', 'requestheader-client-ca-file': '-----BEGIN CERTIFICATE-----\nMIIC7TCCAdWgAwIBAgIBATANBgkqhkiG9w0BAQsFADAYMRYwFAYDVQQDEw1wcm94\neUNsaWVudENBMB4XDTE3MTAzMDIwNDA1NFoXDTI3MTAyODIwNDA1NFowGDEWMBQG\nA1UEAxMNcHJveHlDbGllbnRDQTCCASIwDQYJKoZIhvcNAQEBBQADggEPADCCAQoC\nggEBAJtgvzrsXrLabJejaJ86icaurNcO0bfVxZTgHVLUUhogCpl5ArmuhcLAk/96\n47KLT1+WprVaDQribXvaAmhElWYLG/rP+2g34EEl/HOflB4Tf1wSTjod01aWh+WA\nhJLC+dVIUqA6iN0s5h2ZbNvtcb5Kc0PEPi5n8x4Opv2ywNTLycQZtfTEMGzGxkSp\n1MKnx3bdxOManb+zrfDxoecsYSvviqYHwtz+TGhczOTuSXU4qrL3lkDglcKprmhe\nFUN/Vlx+A1rhKzp4TyOwj1IZ9Sh/5A+I1kwL441mXOLnJ/P2lIHx0pkA2QUukpY1\nFoG6adIQhWKg9m7qtC2MO4Mix4MCAwEAAaNCMEAwDgYDVR0PAQH/BAQDAgKkMB0G\nA1UdJQQWMBQGCCsGAQUFBwMCBggrBgEFBQcDATAPBgNVHRMBAf8EBTADAQH/MA0G\nCSqGSIb3DQEBCwUAA4IBAQBN31Lt51HALSyrjPT8fX821JBn807d/DYhqMpSW33W\n0bXcbxUVZnkXy+p6u9/GE235dPdO9x/3VlIBjdmEkX6FyWtENsVB72XcDfBkCch7\nB4pASG5gMnywsc+5jxW1scen1gWhx3/ofN+UcaIiB7n73CJWS7DWhbKkk4X2GmkW\nCv4Xg1/2l2nIdTnz5ztGDssDwVm0rxQhRQAuX+PmSfxVhQ38s8TF/tsSWOW7EKsu\nF2V2eCwd1z7YmQKu7COeGTEsheWfws0pBoffFf1csVLvIh8vn+QrwaVhQFoNpch1\nsijrrLY/ei1yZQTYbiTvHUai8ENF9U8j9APqLJ+ANE5a\n-----END CERTIFICATE-----\n', 'requestheader-extra-headers-prefix': '["X-Remote-Extra-"]', 'requestheader-group-headers': '["X-Remote-Group"]', 'requestheader-username-headers': '["X-Remote-User"]'}}, {'metadata': {'name': 'ingress-controller-leader-nginx', 'namespace': 'kube-system', 'selfLink': '/api/v1/namespaces/kube-system/configmaps/ingress-controller-leader-nginx', 'uid': 'd9af41ef-c960-11e7-b342-5254002b24c6', 'resourceVersion': '342098', 'creationTimestamp': '2017-11-14T17:25:46Z', 'annotations': {'control-plane.alpha.kubernetes.io/leader': '{"holderIdentity":"nginx-ingress-controller-s8gnw","leaseDurationSeconds":30,"acquireTime":"2017-11-14T17:25:46Z","renewTime":"2017-11-17T22:10:29Z","leaderTransitions":0}'}}}, {'metadata': {'name': 'kube-dns', 'namespace': 'kube-system', 'selfLink': '/api/v1/namespaces/kube-system/configmaps/kube-dns', 'uid': 'b7054a29-c960-11e7-b342-5254002b24c6', 'resourceVersion': '78', 'creationTimestamp': '2017-11-14T17:24:48Z', 'labels': {'addonmanager.kubernetes.io/mode': 'EnsureExists'}}}, {'metadata': {'name': 'nginx-load-balancer-conf', 'namespace': 'kube-system', 'selfLink': '/api/v1/namespaces/kube-system/configmaps/nginx-load-balancer-conf', 'uid': 'b7ccbc2f-c960-11e7-b342-5254002b24c6', 'resourceVersion': '93', 'creationTimestamp': '2017-11-14T17:24:49Z', 'labels': {'addonmanager.kubernetes.io/mode': 'Reconcile'}, 'annotations': {'kubectl.kubernetes.io/last-applied-configuration': '{"apiVersion":"v1","data":{"map-hash-bucket-size":"128"},"kind":"ConfigMap","metadata":{"annotations":{},"labels":{"addonmanager.kubernetes.io/mode":"Reconcile"},"name":"nginx-load-balancer-conf","namespace":"kube-system"}}\n'}}, 'data': {'map-hash-bucket-size': '128'}}]}</msg>
<status status="PASS" starttime="20171117 17:10:35.013" endtime="20171117 17:10:35.014"></status>
</kw>
<status status="PASS" starttime="20171117 17:10:35.005" endtime="20171117 17:10:35.014"></status>
</kw>
<status status="PASS" starttime="20171117 17:10:35.004" endtime="20171117 17:10:35.014"></status>
</kw>
<kw name="Run Keyword If" library="BuiltIn">
<doc>Runs the given keyword with the given arguments, if ``condition`` is true.</doc>
<arguments>
<arg>'${apiverb}' == 'create' and '${apiName}' == 'namespaces'</arg>
<arg>runTestAPIpost</arg>
<arg>${apiName}</arg>
</arguments>
<status status="PASS" starttime="20171117 17:10:35.014" endtime="20171117 17:10:35.014"></status>
</kw>
<status status="PASS" starttime="20171117 17:10:35.004" endtime="20171117 17:10:35.014"></status>
</kw>
<kw name="${apiverb} = list" type="foritem">
<kw name="Run Keyword If" library="BuiltIn">
<doc>Runs the given keyword with the given arguments, if ``condition`` is true.</doc>
<arguments>
<arg>'${apiverb}' == 'get'</arg>
<arg>runTestAPIget</arg>
<arg>${apiName}</arg>
</arguments>
<status status="PASS" starttime="20171117 17:10:35.015" endtime="20171117 17:10:35.015"></status>
</kw>
<kw name="Run Keyword If" library="BuiltIn">
<doc>Runs the given keyword with the given arguments, if ``condition`` is true.</doc>
<arguments>
<arg>'${apiverb}' == 'create' and '${apiName}' == 'namespaces'</arg>
<arg>runTestAPIpost</arg>
<arg>${apiName}</arg>
</arguments>
<status status="PASS" starttime="20171117 17:10:35.015" endtime="20171117 17:10:35.016"></status>
</kw>
<status status="PASS" starttime="20171117 17:10:35.015" endtime="20171117 17:10:35.016"></status>
</kw>
<kw name="${apiverb} = patch" type="foritem">
<kw name="Run Keyword If" library="BuiltIn">
<doc>Runs the given keyword with the given arguments, if ``condition`` is true.</doc>
<arguments>
<arg>'${apiverb}' == 'get'</arg>
<arg>runTestAPIget</arg>
<arg>${apiName}</arg>
</arguments>
<status status="PASS" starttime="20171117 17:10:35.016" endtime="20171117 17:10:35.016"></status>
</kw>
<kw name="Run Keyword If" library="BuiltIn">
<doc>Runs the given keyword with the given arguments, if ``condition`` is true.</doc>
<arguments>
<arg>'${apiverb}' == 'create' and '${apiName}' == 'namespaces'</arg>
<arg>runTestAPIpost</arg>
<arg>${apiName}</arg>
</arguments>
<status status="PASS" starttime="20171117 17:10:35.017" endtime="20171117 17:10:35.017"></status>
</kw>
<status status="PASS" starttime="20171117 17:10:35.016" endtime="20171117 17:10:35.017"></status>
</kw>
<kw name="${apiverb} = update" type="foritem">
<kw name="Run Keyword If" library="BuiltIn">
<doc>Runs the given keyword with the given arguments, if ``condition`` is true.</doc>
<arguments>
<arg>'${apiverb}' == 'get'</arg>
<arg>runTestAPIget</arg>
<arg>${apiName}</arg>
</arguments>
<status status="PASS" starttime="20171117 17:10:35.017" endtime="20171117 17:10:35.018"></status>
</kw>
<kw name="Run Keyword If" library="BuiltIn">
<doc>Runs the given keyword with the given arguments, if ``condition`` is true.</doc>
<arguments>
<arg>'${apiverb}' == 'create' and '${apiName}' == 'namespaces'</arg>
<arg>runTestAPIpost</arg>
<arg>${apiName}</arg>
</arguments>
<status status="PASS" starttime="20171117 17:10:35.018" endtime="20171117 17:10:35.018"></status>
</kw>
<status status="PASS" starttime="20171117 17:10:35.017" endtime="20171117 17:10:35.018"></status>
</kw>
<kw name="${apiverb} = watch" type="foritem">
<kw name="Run Keyword If" library="BuiltIn">
<doc>Runs the given keyword with the given arguments, if ``condition`` is true.</doc>
<arguments>
<arg>'${apiverb}' == 'get'</arg>
<arg>runTestAPIget</arg>
<arg>${apiName}</arg>
</arguments>
<status status="PASS" starttime="20171117 17:10:35.019" endtime="20171117 17:10:35.019"></status>
</kw>
<kw name="Run Keyword If" library="BuiltIn">
<doc>Runs the given keyword with the given arguments, if ``condition`` is true.</doc>
<arguments>
<arg>'${apiverb}' == 'create' and '${apiName}' == 'namespaces'</arg>
<arg>runTestAPIpost</arg>
<arg>${apiName}</arg>
</arguments>
<status status="PASS" starttime="20171117 17:10:35.019" endtime="20171117 17:10:35.020"></status>
</kw>
<status status="PASS" starttime="20171117 17:10:35.018" endtime="20171117 17:10:35.020"></status>
</kw>
<status status="PASS" starttime="20171117 17:10:35.000" endtime="20171117 17:10:35.020"></status>
</kw>
<status status="PASS" starttime="20171117 17:10:35.000" endtime="20171117 17:10:35.020"></status>
</kw>
<status status="PASS" starttime="20171117 17:10:34.998" endtime="20171117 17:10:35.020"></status>
</kw>
<kw name="${apiDict} = {'name': 'endpoints', 'singularName': '', 'namespaced': True, 'kind': 'Endpoints', 'verbs': ['create', 'delete', 'deletecollection', 'get', 'list', 'patch', 'update', 'watch'], 'shortNames': ['ep']}" type="foritem">
<kw name="Get From Dictionary" library="Collections">
<doc>Returns a value from the given ``dictionary`` based on the given ``key``.</doc>
<arguments>
<arg>${apiDict}</arg>
<arg>name</arg>
</arguments>
<assign>
<var>${apiName}</var>
</assign>
<msg timestamp="20171117 17:10:35.020" level="INFO">${apiName} = endpoints</msg>
<status status="PASS" starttime="20171117 17:10:35.020" endtime="20171117 17:10:35.021"></status>
</kw>
<kw name="List Should Contain Value" library="Collections">
<doc>Fails if the ``value`` is not found from ``list``.</doc>
<arguments>
<arg>${apiDict}</arg>
<arg>verbs</arg>
</arguments>
<status status="PASS" starttime="20171117 17:10:35.021" endtime="20171117 17:10:35.021"></status>
</kw>
<kw name="Get From Dictionary" library="Collections">
<doc>Returns a value from the given ``dictionary`` based on the given ``key``.</doc>
<arguments>
<arg>${apiDict}</arg>
<arg>verbs</arg>
</arguments>
<assign>
<var>${apiVerbs}</var>
</assign>
<msg timestamp="20171117 17:10:35.021" level="INFO">${apiVerbs} = ['create', 'delete', 'deletecollection', 'get', 'list', 'patch', 'update', 'watch']</msg>
<status status="PASS" starttime="20171117 17:10:35.021" endtime="20171117 17:10:35.022"></status>
</kw>
<kw name="Log List" library="Collections">
<doc>Logs the length and contents of the ``list`` using given ``level``.</doc>
<arguments>
<arg>${apiVerbs}</arg>
</arguments>
<msg timestamp="20171117 17:10:35.022" level="INFO">List length is 8 and it contains following items:
0: create
1: delete
2: deletecollection
3: get
4: list
5: patch
6: update
7: watch</msg>
<status status="PASS" starttime="20171117 17:10:35.022" endtime="20171117 17:10:35.022"></status>
</kw>
<kw name="GetListofVerbs">
<arguments>
<arg>${apiVerbs}</arg>
<arg>${apiName}</arg>
</arguments>
<kw name="${apiverb} IN [ @{apiVerbs} ]" type="for">
<kw name="${apiverb} = create" type="foritem">
<kw name="Run Keyword If" library="BuiltIn">
<doc>Runs the given keyword with the given arguments, if ``condition`` is true.</doc>
<arguments>
<arg>'${apiverb}' == 'get'</arg>
<arg>runTestAPIget</arg>
<arg>${apiName}</arg>
</arguments>
<status status="PASS" starttime="20171117 17:10:35.023" endtime="20171117 17:10:35.023"></status>
</kw>
<kw name="Run Keyword If" library="BuiltIn">
<doc>Runs the given keyword with the given arguments, if ``condition`` is true.</doc>
<arguments>
<arg>'${apiverb}' == 'create' and '${apiName}' == 'namespaces'</arg>
<arg>runTestAPIpost</arg>
<arg>${apiName}</arg>
</arguments>
<status status="PASS" starttime="20171117 17:10:35.023" endtime="20171117 17:10:35.024"></status>
</kw>
<status status="PASS" starttime="20171117 17:10:35.023" endtime="20171117 17:10:35.024"></status>
</kw>
<kw name="${apiverb} = delete" type="foritem">
<kw name="Run Keyword If" library="BuiltIn">
<doc>Runs the given keyword with the given arguments, if ``condition`` is true.</doc>
<arguments>
<arg>'${apiverb}' == 'get'</arg>
<arg>runTestAPIget</arg>
<arg>${apiName}</arg>
</arguments>
<status status="PASS" starttime="20171117 17:10:35.024" endtime="20171117 17:10:35.025"></status>
</kw>
<kw name="Run Keyword If" library="BuiltIn">
<doc>Runs the given keyword with the given arguments, if ``condition`` is true.</doc>
<arguments>
<arg>'${apiverb}' == 'create' and '${apiName}' == 'namespaces'</arg>
<arg>runTestAPIpost</arg>
<arg>${apiName}</arg>
</arguments>
<status status="PASS" starttime="20171117 17:10:35.025" endtime="20171117 17:10:35.025"></status>
</kw>
<status status="PASS" starttime="20171117 17:10:35.024" endtime="20171117 17:10:35.025"></status>
</kw>
<kw name="${apiverb} = deletecollection" type="foritem">
<kw name="Run Keyword If" library="BuiltIn">
<doc>Runs the given keyword with the given arguments, if ``condition`` is true.</doc>
<arguments>
<arg>'${apiverb}' == 'get'</arg>
<arg>runTestAPIget</arg>
<arg>${apiName}</arg>
</arguments>
<status status="PASS" starttime="20171117 17:10:35.026" endtime="20171117 17:10:35.026"></status>
</kw>
<kw name="Run Keyword If" library="BuiltIn">
<doc>Runs the given keyword with the given arguments, if ``condition`` is true.</doc>
<arguments>
<arg>'${apiverb}' == 'create' and '${apiName}' == 'namespaces'</arg>
<arg>runTestAPIpost</arg>
<arg>${apiName}</arg>
</arguments>
<status status="PASS" starttime="20171117 17:10:35.026" endtime="20171117 17:10:35.027"></status>
</kw>
<status status="PASS" starttime="20171117 17:10:35.025" endtime="20171117 17:10:35.027"></status>
</kw>
<kw name="${apiverb} = get" type="foritem">
<kw name="Run Keyword If" library="BuiltIn">
<doc>Runs the given keyword with the given arguments, if ``condition`` is true.</doc>
<arguments>
<arg>'${apiverb}' == 'get'</arg>
<arg>runTestAPIget</arg>
<arg>${apiName}</arg>
</arguments>
<kw name="runTestAPIget">
<tags>
<tag>endpoints</tag>
</tags>
<arguments>
<arg>${apiName}</arg>
</arguments>
<kw name="Create Session" library="RequestsLibrary">
<doc>Create Session: create a HTTP session to a server</doc>
<arguments>
<arg>kubernetes</arg>
<arg>${API_ENDPOINT}</arg>
</arguments>
<msg timestamp="20171117 17:10:35.028" level="INFO">Creating Session using : alias=kubernetes, url=http://127.0.0.1:8080, headers={},                     cookies=None, auth=None, timeout=None, proxies=None, verify=False,                     debug=0 </msg>
<status status="PASS" starttime="20171117 17:10:35.028" endtime="20171117 17:10:35.029"></status>
</kw>
<kw name="Get Request" library="RequestsLibrary">
<doc>Send a GET request on the session object found using the</doc>
<arguments>
<arg>kubernetes</arg>
<arg>/api/v1/${apiName}</arg>
</arguments>
<assign>
<var>${resp}</var>
</assign>
<msg timestamp="20171117 17:10:35.033" level="INFO">Get Request using : alias=kubernetes, uri=/api/v1/endpoints, headers=None json=None</msg>
<msg timestamp="20171117 17:10:35.034" level="INFO">${resp} = &lt;Response [200]&gt;</msg>
<status status="PASS" starttime="20171117 17:10:35.029" endtime="20171117 17:10:35.034"></status>
</kw>
<kw name="Set Variable" library="BuiltIn">
<doc>Returns the given values which can then be assigned to a variables.</doc>
<arguments>
<arg>${resp.json()}</arg>
</arguments>
<assign>
<var>${json}</var>
</assign>
<msg timestamp="20171117 17:10:35.035" level="INFO">${json} = {'kind': 'EndpointsList', 'apiVersion': 'v1', 'metadata': {'selfLink': '/api/v1/endpoints', 'resourceVersion': '342104'}, 'items': [{'metadata': {'name': 'hello-minikube', 'namespace': 'default', 'sel...</msg>
<status status="PASS" starttime="20171117 17:10:35.034" endtime="20171117 17:10:35.035"></status>
</kw>
<kw name="Log" library="BuiltIn">
<doc>Logs the given message with the given level.</doc>
<arguments>
<arg>${json}</arg>
</arguments>
<msg timestamp="20171117 17:10:35.035" level="INFO">{'kind': 'EndpointsList', 'apiVersion': 'v1', 'metadata': {'selfLink': '/api/v1/endpoints', 'resourceVersion': '342104'}, 'items': [{'metadata': {'name': 'hello-minikube', 'namespace': 'default', 'selfLink': '/api/v1/namespaces/default/endpoints/hello-minikube', 'uid': '6db508be-c961-11e7-b342-5254002b24c6', 'resourceVersion': '607', 'creationTimestamp': '2017-11-14T17:29:54Z', 'labels': {'run': 'hello-minikube'}}, 'subsets': [{'addresses': [{'ip': '172.17.0.6', 'nodeName': 'minikube', 'targetRef': {'kind': 'Pod', 'namespace': 'default', 'name': 'hello-minikube-5d89cbb865-znjsc', 'uid': '689c1e52-c961-11e7-b342-5254002b24c6', 'resourceVersion': '605'}}], 'ports': [{'port': 8081, 'protocol': 'TCP'}]}]}, {'metadata': {'name': 'kubernetes', 'namespace': 'default', 'selfLink': '/api/v1/namespaces/default/endpoints/kubernetes', 'uid': 'afc12d95-c960-11e7-b342-5254002b24c6', 'resourceVersion': '7', 'creationTimestamp': '2017-11-14T17:24:36Z'}, 'subsets': [{'addresses': [{'ip': '192.168.122.111'}], 'ports': [{'name': 'https', 'port': 8443, 'protocol': 'TCP'}]}]}, {'metadata': {'name': 'default-http-backend', 'namespace': 'kube-system', 'selfLink': '/api/v1/namespaces/kube-system/endpoints/default-http-backend', 'uid': 'b7f5fbbd-c960-11e7-b342-5254002b24c6', 'resourceVersion': '248', 'creationTimestamp': '2017-11-14T17:24:49Z', 'labels': {'addonmanager.kubernetes.io/mode': 'Reconcile', 'app': 'default-http-backend'}}, 'subsets': [{'addresses': [{'ip': '172.17.0.3', 'nodeName': 'minikube', 'targetRef': {'kind': 'Pod', 'namespace': 'kube-system', 'name': 'default-http-backend-vs9l5', 'uid': 'b7dcabb2-c960-11e7-b342-5254002b24c6', 'resourceVersion': '247'}}], 'ports': [{'port': 8080, 'protocol': 'TCP'}]}]}, {'metadata': {'name': 'kube-controller-manager', 'namespace': 'kube-system', 'selfLink': '/api/v1/namespaces/kube-system/endpoints/kube-controller-manager', 'uid': 'b09e7d16-c960-11e7-b342-5254002b24c6', 'resourceVersion': '342103', 'creationTimestamp': '2017-11-14T17:24:37Z', 'annotations': {'control-plane.alpha.kubernetes.io/leader': '{"holderIdentity":"minikube","leaseDurationSeconds":15,"acquireTime":"2017-11-14T17:24:37Z","renewTime":"2017-11-17T22:10:34Z","leaderTransitions":0}'}}, 'subsets': None}, {'metadata': {'name': 'kube-dns', 'namespace': 'kube-system', 'selfLink': '/api/v1/namespaces/kube-system/endpoints/kube-dns', 'uid': 'b81546c9-c960-11e7-b342-5254002b24c6', 'resourceVersion': '184', 'creationTimestamp': '2017-11-14T17:24:50Z', 'labels': {'addonmanager.kubernetes.io/mode': 'Reconcile', 'k8s-app': 'kube-dns', 'kubernetes.io/name': 'KubeDNS'}}, 'subsets': [{'addresses': [{'ip': '172.17.0.5', 'nodeName': 'minikube', 'targetRef': {'kind': 'Pod', 'namespace': 'kube-system', 'name': 'kube-dns-6fc954457d-7gk8n', 'uid': 'b80a582f-c960-11e7-b342-5254002b24c6', 'resourceVersion': '183'}}], 'ports': [{'name': 'dns', 'port': 53, 'protocol': 'UDP'}, {'name': 'dns-tcp', 'port': 53, 'protocol': 'TCP'}]}]}, {'metadata': {'name': 'kube-scheduler', 'namespace': 'kube-system', 'selfLink': '/api/v1/namespaces/kube-system/endpoints/kube-scheduler', 'uid': 'b1af1ccb-c960-11e7-b342-5254002b24c6', 'resourceVersion': '342104', 'creationTimestamp': '2017-11-14T17:24:39Z', 'annotations': {'control-plane.alpha.kubernetes.io/leader': '{"holderIdentity":"minikube","leaseDurationSeconds":15,"acquireTime":"2017-11-14T17:24:39Z","renewTime":"2017-11-17T22:10:34Z","leaderTransitions":0}'}}, 'subsets': None}, {'metadata': {'name': 'kubernetes-dashboard', 'namespace': 'kube-system', 'selfLink': '/api/v1/namespaces/kube-system/endpoints/kubernetes-dashboard', 'uid': 'b7c184bf-c960-11e7-b342-5254002b24c6', 'resourceVersion': '203', 'creationTimestamp': '2017-11-14T17:24:49Z', 'labels': {'addonmanager.kubernetes.io/mode': 'Reconcile', 'app': 'kubernetes-dashboard', 'kubernetes.io/minikube-addons': 'dashboard', 'kubernetes.io/minikube-addons-endpoint': 'dashboard'}}, 'subsets': [{'addresses': [{'ip': '172.17.0.2', 'nodeName': 'minikube', 'targetRef': {'kind': 'Pod', 'namespace': 'kube-system', 'name': 'kubernetes-dashboard-bjlxb', 'uid': 'b7b4005c-c960-11e7-b342-5254002b24c6', 'resourceVersion': '201'}}], 'ports': [{'port': 9090, 'protocol': 'TCP'}]}]}]}</msg>
<status status="PASS" starttime="20171117 17:10:35.035" endtime="20171117 17:10:35.035"></status>
</kw>
<status status="PASS" starttime="20171117 17:10:35.027" endtime="20171117 17:10:35.036"></status>
</kw>
<status status="PASS" starttime="20171117 17:10:35.027" endtime="20171117 17:10:35.036"></status>
</kw>
<kw name="Run Keyword If" library="BuiltIn">
<doc>Runs the given keyword with the given arguments, if ``condition`` is true.</doc>
<arguments>
<arg>'${apiverb}' == 'create' and '${apiName}' == 'namespaces'</arg>
<arg>runTestAPIpost</arg>
<arg>${apiName}</arg>
</arguments>
<status status="PASS" starttime="20171117 17:10:35.036" endtime="20171117 17:10:35.036"></status>
</kw>
<status status="PASS" starttime="20171117 17:10:35.027" endtime="20171117 17:10:35.036"></status>
</kw>
<kw name="${apiverb} = list" type="foritem">
<kw name="Run Keyword If" library="BuiltIn">
<doc>Runs the given keyword with the given arguments, if ``condition`` is true.</doc>
<arguments>
<arg>'${apiverb}' == 'get'</arg>
<arg>runTestAPIget</arg>
<arg>${apiName}</arg>
</arguments>
<status status="PASS" starttime="20171117 17:10:35.037" endtime="20171117 17:10:35.037"></status>
</kw>
<kw name="Run Keyword If" library="BuiltIn">
<doc>Runs the given keyword with the given arguments, if ``condition`` is true.</doc>
<arguments>
<arg>'${apiverb}' == 'create' and '${apiName}' == 'namespaces'</arg>
<arg>runTestAPIpost</arg>
<arg>${apiName}</arg>
</arguments>
<status status="PASS" starttime="20171117 17:10:35.037" endtime="20171117 17:10:35.037"></status>
</kw>
<status status="PASS" starttime="20171117 17:10:35.036" endtime="20171117 17:10:35.038"></status>
</kw>
<kw name="${apiverb} = patch" type="foritem">
<kw name="Run Keyword If" library="BuiltIn">
<doc>Runs the given keyword with the given arguments, if ``condition`` is true.</doc>
<arguments>
<arg>'${apiverb}' == 'get'</arg>
<arg>runTestAPIget</arg>
<arg>${apiName}</arg>
</arguments>
<status status="PASS" starttime="20171117 17:10:35.038" endtime="20171117 17:10:35.038"></status>
</kw>
<kw name="Run Keyword If" library="BuiltIn">
<doc>Runs the given keyword with the given arguments, if ``condition`` is true.</doc>
<arguments>
<arg>'${apiverb}' == 'create' and '${apiName}' == 'namespaces'</arg>
<arg>runTestAPIpost</arg>
<arg>${apiName}</arg>
</arguments>
<status status="PASS" starttime="20171117 17:10:35.038" endtime="20171117 17:10:35.039"></status>
</kw>
<status status="PASS" starttime="20171117 17:10:35.038" endtime="20171117 17:10:35.039"></status>
</kw>
<kw name="${apiverb} = update" type="foritem">
<kw name="Run Keyword If" library="BuiltIn">
<doc>Runs the given keyword with the given arguments, if ``condition`` is true.</doc>
<arguments>
<arg>'${apiverb}' == 'get'</arg>
<arg>runTestAPIget</arg>
<arg>${apiName}</arg>
</arguments>
<status status="PASS" starttime="20171117 17:10:35.039" endtime="20171117 17:10:35.039"></status>
</kw>
<kw name="Run Keyword If" library="BuiltIn">
<doc>Runs the given keyword with the given arguments, if ``condition`` is true.</doc>
<arguments>
<arg>'${apiverb}' == 'create' and '${apiName}' == 'namespaces'</arg>
<arg>runTestAPIpost</arg>
<arg>${apiName}</arg>
</arguments>
<status status="PASS" starttime="20171117 17:10:35.040" endtime="20171117 17:10:35.040"></status>
</kw>
<status status="PASS" starttime="20171117 17:10:35.039" endtime="20171117 17:10:35.040"></status>
</kw>
<kw name="${apiverb} = watch" type="foritem">
<kw name="Run Keyword If" library="BuiltIn">
<doc>Runs the given keyword with the given arguments, if ``condition`` is true.</doc>
<arguments>
<arg>'${apiverb}' == 'get'</arg>
<arg>runTestAPIget</arg>
<arg>${apiName}</arg>
</arguments>
<status status="PASS" starttime="20171117 17:10:35.040" endtime="20171117 17:10:35.041"></status>
</kw>
<kw name="Run Keyword If" library="BuiltIn">
<doc>Runs the given keyword with the given arguments, if ``condition`` is true.</doc>
<arguments>
<arg>'${apiverb}' == 'create' and '${apiName}' == 'namespaces'</arg>
<arg>runTestAPIpost</arg>
<arg>${apiName}</arg>
</arguments>
<status status="PASS" starttime="20171117 17:10:35.041" endtime="20171117 17:10:35.041"></status>
</kw>
<status status="PASS" starttime="20171117 17:10:35.040" endtime="20171117 17:10:35.041"></status>
</kw>
<status status="PASS" starttime="20171117 17:10:35.023" endtime="20171117 17:10:35.041"></status>
</kw>
<status status="PASS" starttime="20171117 17:10:35.022" endtime="20171117 17:10:35.042"></status>
</kw>
<status status="PASS" starttime="20171117 17:10:35.020" endtime="20171117 17:10:35.042"></status>
</kw>
<kw name="${apiDict} = {'name': 'events', 'singularName': '', 'namespaced': True, 'kind': 'Event', 'verbs': ['create', 'delete', 'deletecollection', 'get', 'list', 'patch', 'update', 'watch'], 'shortNames': ['ev']}" type="foritem">
<kw name="Get From Dictionary" library="Collections">
<doc>Returns a value from the given ``dictionary`` based on the given ``key``.</doc>
<arguments>
<arg>${apiDict}</arg>
<arg>name</arg>
</arguments>
<assign>
<var>${apiName}</var>
</assign>
<msg timestamp="20171117 17:10:35.042" level="INFO">${apiName} = events</msg>
<status status="PASS" starttime="20171117 17:10:35.042" endtime="20171117 17:10:35.042"></status>
</kw>
<kw name="List Should Contain Value" library="Collections">
<doc>Fails if the ``value`` is not found from ``list``.</doc>
<arguments>
<arg>${apiDict}</arg>
<arg>verbs</arg>
</arguments>
<status status="PASS" starttime="20171117 17:10:35.042" endtime="20171117 17:10:35.043"></status>
</kw>
<kw name="Get From Dictionary" library="Collections">
<doc>Returns a value from the given ``dictionary`` based on the given ``key``.</doc>
<arguments>
<arg>${apiDict}</arg>
<arg>verbs</arg>
</arguments>
<assign>
<var>${apiVerbs}</var>
</assign>
<msg timestamp="20171117 17:10:35.043" level="INFO">${apiVerbs} = ['create', 'delete', 'deletecollection', 'get', 'list', 'patch', 'update', 'watch']</msg>
<status status="PASS" starttime="20171117 17:10:35.043" endtime="20171117 17:10:35.043"></status>
</kw>
<kw name="Log List" library="Collections">
<doc>Logs the length and contents of the ``list`` using given ``level``.</doc>
<arguments>
<arg>${apiVerbs}</arg>
</arguments>
<msg timestamp="20171117 17:10:35.044" level="INFO">List length is 8 and it contains following items:
0: create
1: delete
2: deletecollection
3: get
4: list
5: patch
6: update
7: watch</msg>
<status status="PASS" starttime="20171117 17:10:35.043" endtime="20171117 17:10:35.044"></status>
</kw>
<kw name="GetListofVerbs">
<arguments>
<arg>${apiVerbs}</arg>
<arg>${apiName}</arg>
</arguments>
<kw name="${apiverb} IN [ @{apiVerbs} ]" type="for">
<kw name="${apiverb} = create" type="foritem">
<kw name="Run Keyword If" library="BuiltIn">
<doc>Runs the given keyword with the given arguments, if ``condition`` is true.</doc>
<arguments>
<arg>'${apiverb}' == 'get'</arg>
<arg>runTestAPIget</arg>
<arg>${apiName}</arg>
</arguments>
<status status="PASS" starttime="20171117 17:10:35.045" endtime="20171117 17:10:35.045"></status>
</kw>
<kw name="Run Keyword If" library="BuiltIn">
<doc>Runs the given keyword with the given arguments, if ``condition`` is true.</doc>
<arguments>
<arg>'${apiverb}' == 'create' and '${apiName}' == 'namespaces'</arg>
<arg>runTestAPIpost</arg>
<arg>${apiName}</arg>
</arguments>
<status status="PASS" starttime="20171117 17:10:35.045" endtime="20171117 17:10:35.046"></status>
</kw>
<status status="PASS" starttime="20171117 17:10:35.045" endtime="20171117 17:10:35.046"></status>
</kw>
<kw name="${apiverb} = delete" type="foritem">
<kw name="Run Keyword If" library="BuiltIn">
<doc>Runs the given keyword with the given arguments, if ``condition`` is true.</doc>
<arguments>
<arg>'${apiverb}' == 'get'</arg>
<arg>runTestAPIget</arg>
<arg>${apiName}</arg>
</arguments>
<status status="PASS" starttime="20171117 17:10:35.046" endtime="20171117 17:10:35.046"></status>
</kw>
<kw name="Run Keyword If" library="BuiltIn">
<doc>Runs the given keyword with the given arguments, if ``condition`` is true.</doc>
<arguments>
<arg>'${apiverb}' == 'create' and '${apiName}' == 'namespaces'</arg>
<arg>runTestAPIpost</arg>
<arg>${apiName}</arg>
</arguments>
<status status="PASS" starttime="20171117 17:10:35.046" endtime="20171117 17:10:35.047"></status>
</kw>
<status status="PASS" starttime="20171117 17:10:35.046" endtime="20171117 17:10:35.047"></status>
</kw>
<kw name="${apiverb} = deletecollection" type="foritem">
<kw name="Run Keyword If" library="BuiltIn">
<doc>Runs the given keyword with the given arguments, if ``condition`` is true.</doc>
<arguments>
<arg>'${apiverb}' == 'get'</arg>
<arg>runTestAPIget</arg>
<arg>${apiName}</arg>
</arguments>
<status status="PASS" starttime="20171117 17:10:35.047" endtime="20171117 17:10:35.048"></status>
</kw>
<kw name="Run Keyword If" library="BuiltIn">
<doc>Runs the given keyword with the given arguments, if ``condition`` is true.</doc>
<arguments>
<arg>'${apiverb}' == 'create' and '${apiName}' == 'namespaces'</arg>
<arg>runTestAPIpost</arg>
<arg>${apiName}</arg>
</arguments>
<status status="PASS" starttime="20171117 17:10:35.048" endtime="20171117 17:10:35.048"></status>
</kw>
<status status="PASS" starttime="20171117 17:10:35.047" endtime="20171117 17:10:35.048"></status>
</kw>
<kw name="${apiverb} = get" type="foritem">
<kw name="Run Keyword If" library="BuiltIn">
<doc>Runs the given keyword with the given arguments, if ``condition`` is true.</doc>
<arguments>
<arg>'${apiverb}' == 'get'</arg>
<arg>runTestAPIget</arg>
<arg>${apiName}</arg>
</arguments>
<kw name="runTestAPIget">
<tags>
<tag>events</tag>
</tags>
<arguments>
<arg>${apiName}</arg>
</arguments>
<kw name="Create Session" library="RequestsLibrary">
<doc>Create Session: create a HTTP session to a server</doc>
<arguments>
<arg>kubernetes</arg>
<arg>${API_ENDPOINT}</arg>
</arguments>
<msg timestamp="20171117 17:10:35.050" level="INFO">Creating Session using : alias=kubernetes, url=http://127.0.0.1:8080, headers={},                     cookies=None, auth=None, timeout=None, proxies=None, verify=False,                     debug=0 </msg>
<status status="PASS" starttime="20171117 17:10:35.049" endtime="20171117 17:10:35.050"></status>
</kw>
<kw name="Get Request" library="RequestsLibrary">
<doc>Send a GET request on the session object found using the</doc>
<arguments>
<arg>kubernetes</arg>
<arg>/api/v1/${apiName}</arg>
</arguments>
<assign>
<var>${resp}</var>
</assign>
<msg timestamp="20171117 17:10:35.055" level="INFO">Get Request using : alias=kubernetes, uri=/api/v1/events, headers=None json=None</msg>
<msg timestamp="20171117 17:10:35.055" level="INFO">${resp} = &lt;Response [200]&gt;</msg>
<status status="PASS" starttime="20171117 17:10:35.050" endtime="20171117 17:10:35.055"></status>
</kw>
<kw name="Set Variable" library="BuiltIn">
<doc>Returns the given values which can then be assigned to a variables.</doc>
<arguments>
<arg>${resp.json()}</arg>
</arguments>
<assign>
<var>${json}</var>
</assign>
<msg timestamp="20171117 17:10:35.056" level="INFO">${json} = {'kind': 'EventList', 'apiVersion': 'v1', 'metadata': {'selfLink': '/api/v1/events', 'resourceVersion': '342104'}, 'items': [{'metadata': {'name': 'minikube.14f703b61a31d50a', 'namespace': 'default', ...</msg>
<status status="PASS" starttime="20171117 17:10:35.055" endtime="20171117 17:10:35.056"></status>
</kw>
<kw name="Log" library="BuiltIn">
<doc>Logs the given message with the given level.</doc>
<arguments>
<arg>${json}</arg>
</arguments>
<msg timestamp="20171117 17:10:35.057" level="INFO">{'kind': 'EventList', 'apiVersion': 'v1', 'metadata': {'selfLink': '/api/v1/events', 'resourceVersion': '342104'}, 'items': [{'metadata': {'name': 'minikube.14f703b61a31d50a', 'namespace': 'default', 'selfLink': '/api/v1/namespaces/default/events/minikube.14f703b61a31d50a', 'uid': 'b27ef947-c960-11e7-b342-5254002b24c6', 'resourceVersion': '342040', 'creationTimestamp': '2017-11-14T17:24:40Z'}, 'involvedObject': {'kind': 'Node', 'name': 'minikube', 'uid': 'minikube'}, 'reason': 'FailedToStartNodeHealthcheck', 'message': 'Failed to start node healthz on 0: listen tcp: address 0: missing port in address', 'source': {'component': 'kube-proxy', 'host': 'minikube'}, 'firstTimestamp': '2017-11-14T17:24:40Z', 'lastTimestamp': '2017-11-17T22:09:42Z', 'count': 4606, 'type': 'Warning'}, {'metadata': {'name': 'nginx.14f7fe155423a8ca', 'namespace': 'default', 'selfLink': '/api/v1/namespaces/default/events/nginx.14f7fe155423a8ca', 'uid': 'a644507d-cbe1-11e7-b342-5254002b24c6', 'resourceVersion': '340777', 'creationTimestamp': '2017-11-17T21:52:47Z'}, 'involvedObject': {'kind': 'Pod', 'namespace': 'default', 'name': 'nginx', 'uid': 'a643664d-cbe1-11e7-b342-5254002b24c6', 'apiVersion': 'v1', 'resourceVersion': '340775'}, 'reason': 'Scheduled', 'message': 'Successfully assigned nginx to minikube', 'source': {'component': 'default-scheduler'}, 'firstTimestamp': '2017-11-17T21:52:47Z', 'lastTimestamp': '2017-11-17T21:52:47Z', 'count': 1, 'type': 'Normal'}, {'metadata': {'name': 'nginx.14f7fe1561a9aa09', 'namespace': 'default', 'selfLink': '/api/v1/namespaces/default/events/nginx.14f7fe1561a9aa09', 'uid': 'a666f407-cbe1-11e7-b342-5254002b24c6', 'resourceVersion': '340779', 'creationTimestamp': '2017-11-17T21:52:47Z'}, 'involvedObject': {'kind': 'Pod', 'namespace': 'default', 'name': 'nginx', 'uid': 'a643664d-cbe1-11e7-b342-5254002b24c6', 'apiVersion': 'v1', 'resourceVersion': '340776'}, 'reason': 'SuccessfulMountVolume', 'message': 'MountVolume.SetUp succeeded for volume "default-token-rpcgf" ', 'source': {'component': 'kubelet', 'host': 'minikube'}, 'firstTimestamp': '2017-11-17T21:52:47Z', 'lastTimestamp': '2017-11-17T21:52:47Z', 'count': 1, 'type': 'Normal'}, {'metadata': {'name': 'nginx.14f7fe157bd08f4f', 'namespace': 'default', 'selfLink': '/api/v1/namespaces/default/events/nginx.14f7fe157bd08f4f', 'uid': 'a6a9f71f-cbe1-11e7-b342-5254002b24c6', 'resourceVersion': '340780', 'creationTimestamp': '2017-11-17T21:52:48Z'}, 'involvedObject': {'kind': 'Pod', 'namespace': 'default', 'name': 'nginx', 'uid': 'a643664d-cbe1-11e7-b342-5254002b24c6', 'apiVersion': 'v1', 'resourceVersion': '340776', 'fieldPath': 'spec.containers{nginx}'}, 'reason': 'Pulling', 'message': 'pulling image "nginx"', 'source': {'component': 'kubelet', 'host': 'minikube'}, 'firstTimestamp': '2017-11-17T21:52:48Z', 'lastTimestamp': '2017-11-17T21:52:48Z', 'count': 1, 'type': 'Normal'}, {'metadata': {'name': 'nginx.14f7fe19109c3d83', 'namespace': 'default', 'selfLink': '/api/v1/namespaces/default/events/nginx.14f7fe19109c3d83', 'uid': 'afd4ee36-cbe1-11e7-b342-5254002b24c6', 'resourceVersion': '340800', 'creationTimestamp': '2017-11-17T21:53:03Z'}, 'involvedObject': {'kind': 'Pod', 'namespace': 'default', 'name': 'nginx', 'uid': 'a643664d-cbe1-11e7-b342-5254002b24c6', 'apiVersion': 'v1', 'resourceVersion': '340776', 'fieldPath': 'spec.containers{nginx}'}, 'reason': 'Pulled', 'message': 'Successfully pulled image "nginx"', 'source': {'component': 'kubelet', 'host': 'minikube'}, 'firstTimestamp': '2017-11-17T21:53:03Z', 'lastTimestamp': '2017-11-17T21:53:03Z', 'count': 1, 'type': 'Normal'}, {'metadata': {'name': 'nginx.14f7fe1913098f04', 'namespace': 'default', 'selfLink': '/api/v1/namespaces/default/events/nginx.14f7fe1913098f04', 'uid': 'afdb1883-cbe1-11e7-b342-5254002b24c6', 'resourceVersion': '340801', 'creationTimestamp': '2017-11-17T21:53:03Z'}, 'involvedObject': {'kind': 'Pod', 'namespace': 'default', 'name': 'nginx', 'uid': 'a643664d-cbe1-11e7-b342-5254002b24c6', 'apiVersion': 'v1', 'resourceVersion': '340776', 'fieldPath': 'spec.containers{nginx}'}, 'reason': 'Created', 'message': 'Created container', 'source': {'component': 'kubelet', 'host': 'minikube'}, 'firstTimestamp': '2017-11-17T21:53:03Z', 'lastTimestamp': '2017-11-17T21:53:03Z', 'count': 1, 'type': 'Normal'}, {'metadata': {'name': 'nginx.14f7fe191898d9fc', 'namespace': 'default', 'selfLink': '/api/v1/namespaces/default/events/nginx.14f7fe191898d9fc', 'uid': 'afe95dc9-cbe1-11e7-b342-5254002b24c6', 'resourceVersion': '340802', 'creationTimestamp': '2017-11-17T21:53:03Z'}, 'involvedObject': {'kind': 'Pod', 'namespace': 'default', 'name': 'nginx', 'uid': 'a643664d-cbe1-11e7-b342-5254002b24c6', 'apiVersion': 'v1', 'resourceVersion': '340776', 'fieldPath': 'spec.containers{nginx}'}, 'reason': 'Started', 'message': 'Started container', 'source': {'component': 'kubelet', 'host': 'minikube'}, 'firstTimestamp': '2017-11-17T21:53:03Z', 'lastTimestamp': '2017-11-17T21:53:03Z', 'count': 1, 'type': 'Normal'}]}</msg>
<status status="PASS" starttime="20171117 17:10:35.056" endtime="20171117 17:10:35.057"></status>
</kw>
<status status="PASS" starttime="20171117 17:10:35.049" endtime="20171117 17:10:35.057"></status>
</kw>
<status status="PASS" starttime="20171117 17:10:35.048" endtime="20171117 17:10:35.057"></status>
</kw>
<kw name="Run Keyword If" library="BuiltIn">
<doc>Runs the given keyword with the given arguments, if ``condition`` is true.</doc>
<arguments>
<arg>'${apiverb}' == 'create' and '${apiName}' == 'namespaces'</arg>
<arg>runTestAPIpost</arg>
<arg>${apiName}</arg>
</arguments>
<status status="PASS" starttime="20171117 17:10:35.057" endtime="20171117 17:10:35.058"></status>
</kw>
<status status="PASS" starttime="20171117 17:10:35.048" endtime="20171117 17:10:35.058"></status>
</kw>
<kw name="${apiverb} = list" type="foritem">
<kw name="Run Keyword If" library="BuiltIn">
<doc>Runs the given keyword with the given arguments, if ``condition`` is true.</doc>
<arguments>
<arg>'${apiverb}' == 'get'</arg>
<arg>runTestAPIget</arg>
<arg>${apiName}</arg>
</arguments>
<status status="PASS" starttime="20171117 17:10:35.058" endtime="20171117 17:10:35.058"></status>
</kw>
<kw name="Run Keyword If" library="BuiltIn">
<doc>Runs the given keyword with the given arguments, if ``condition`` is true.</doc>
<arguments>
<arg>'${apiverb}' == 'create' and '${apiName}' == 'namespaces'</arg>
<arg>runTestAPIpost</arg>
<arg>${apiName}</arg>
</arguments>
<status status="PASS" starttime="20171117 17:10:35.059" endtime="20171117 17:10:35.059"></status>
</kw>
<status status="PASS" starttime="20171117 17:10:35.058" endtime="20171117 17:10:35.059"></status>
</kw>
<kw name="${apiverb} = patch" type="foritem">
<kw name="Run Keyword If" library="BuiltIn">
<doc>Runs the given keyword with the given arguments, if ``condition`` is true.</doc>
<arguments>
<arg>'${apiverb}' == 'get'</arg>
<arg>runTestAPIget</arg>
<arg>${apiName}</arg>
</arguments>
<status status="PASS" starttime="20171117 17:10:35.059" endtime="20171117 17:10:35.060"></status>
</kw>
<kw name="Run Keyword If" library="BuiltIn">
<doc>Runs the given keyword with the given arguments, if ``condition`` is true.</doc>
<arguments>
<arg>'${apiverb}' == 'create' and '${apiName}' == 'namespaces'</arg>
<arg>runTestAPIpost</arg>
<arg>${apiName}</arg>
</arguments>
<status status="PASS" starttime="20171117 17:10:35.060" endtime="20171117 17:10:35.060"></status>
</kw>
<status status="PASS" starttime="20171117 17:10:35.059" endtime="20171117 17:10:35.060"></status>
</kw>
<kw name="${apiverb} = update" type="foritem">
<kw name="Run Keyword If" library="BuiltIn">
<doc>Runs the given keyword with the given arguments, if ``condition`` is true.</doc>
<arguments>
<arg>'${apiverb}' == 'get'</arg>
<arg>runTestAPIget</arg>
<arg>${apiName}</arg>
</arguments>
<status status="PASS" starttime="20171117 17:10:35.061" endtime="20171117 17:10:35.061"></status>
</kw>
<kw name="Run Keyword If" library="BuiltIn">
<doc>Runs the given keyword with the given arguments, if ``condition`` is true.</doc>
<arguments>
<arg>'${apiverb}' == 'create' and '${apiName}' == 'namespaces'</arg>
<arg>runTestAPIpost</arg>
<arg>${apiName}</arg>
</arguments>
<status status="PASS" starttime="20171117 17:10:35.061" endtime="20171117 17:10:35.061"></status>
</kw>
<status status="PASS" starttime="20171117 17:10:35.060" endtime="20171117 17:10:35.061"></status>
</kw>
<kw name="${apiverb} = watch" type="foritem">
<kw name="Run Keyword If" library="BuiltIn">
<doc>Runs the given keyword with the given arguments, if ``condition`` is true.</doc>
<arguments>
<arg>'${apiverb}' == 'get'</arg>
<arg>runTestAPIget</arg>
<arg>${apiName}</arg>
</arguments>
<status status="PASS" starttime="20171117 17:10:35.062" endtime="20171117 17:10:35.062"></status>
</kw>
<kw name="Run Keyword If" library="BuiltIn">
<doc>Runs the given keyword with the given arguments, if ``condition`` is true.</doc>
<arguments>
<arg>'${apiverb}' == 'create' and '${apiName}' == 'namespaces'</arg>
<arg>runTestAPIpost</arg>
<arg>${apiName}</arg>
</arguments>
<status status="PASS" starttime="20171117 17:10:35.062" endtime="20171117 17:10:35.063"></status>
</kw>
<status status="PASS" starttime="20171117 17:10:35.062" endtime="20171117 17:10:35.063"></status>
</kw>
<status status="PASS" starttime="20171117 17:10:35.044" endtime="20171117 17:10:35.063"></status>
</kw>
<status status="PASS" starttime="20171117 17:10:35.044" endtime="20171117 17:10:35.063"></status>
</kw>
<status status="PASS" starttime="20171117 17:10:35.042" endtime="20171117 17:10:35.063"></status>
</kw>
<kw name="${apiDict} = {'name': 'limitranges', 'singularName': '', 'namespaced': True, 'kind': 'LimitRange', 'verbs': ['create', 'delete', 'deletecollection', 'get', 'list', 'patch', 'update', 'watch'], 'shortNames': ['limi..." type="foritem">
<kw name="Get From Dictionary" library="Collections">
<doc>Returns a value from the given ``dictionary`` based on the given ``key``.</doc>
<arguments>
<arg>${apiDict}</arg>
<arg>name</arg>
</arguments>
<assign>
<var>${apiName}</var>
</assign>
<msg timestamp="20171117 17:10:35.064" level="INFO">${apiName} = limitranges</msg>
<status status="PASS" starttime="20171117 17:10:35.063" endtime="20171117 17:10:35.064"></status>
</kw>
<kw name="List Should Contain Value" library="Collections">
<doc>Fails if the ``value`` is not found from ``list``.</doc>
<arguments>
<arg>${apiDict}</arg>
<arg>verbs</arg>
</arguments>
<status status="PASS" starttime="20171117 17:10:35.064" endtime="20171117 17:10:35.064"></status>
</kw>
<kw name="Get From Dictionary" library="Collections">
<doc>Returns a value from the given ``dictionary`` based on the given ``key``.</doc>
<arguments>
<arg>${apiDict}</arg>
<arg>verbs</arg>
</arguments>
<assign>
<var>${apiVerbs}</var>
</assign>
<msg timestamp="20171117 17:10:35.065" level="INFO">${apiVerbs} = ['create', 'delete', 'deletecollection', 'get', 'list', 'patch', 'update', 'watch']</msg>
<status status="PASS" starttime="20171117 17:10:35.064" endtime="20171117 17:10:35.065"></status>
</kw>
<kw name="Log List" library="Collections">
<doc>Logs the length and contents of the ``list`` using given ``level``.</doc>
<arguments>
<arg>${apiVerbs}</arg>
</arguments>
<msg timestamp="20171117 17:10:35.065" level="INFO">List length is 8 and it contains following items:
0: create
1: delete
2: deletecollection
3: get
4: list
5: patch
6: update
7: watch</msg>
<status status="PASS" starttime="20171117 17:10:35.065" endtime="20171117 17:10:35.065"></status>
</kw>
<kw name="GetListofVerbs">
<arguments>
<arg>${apiVerbs}</arg>
<arg>${apiName}</arg>
</arguments>
<kw name="${apiverb} IN [ @{apiVerbs} ]" type="for">
<kw name="${apiverb} = create" type="foritem">
<kw name="Run Keyword If" library="BuiltIn">
<doc>Runs the given keyword with the given arguments, if ``condition`` is true.</doc>
<arguments>
<arg>'${apiverb}' == 'get'</arg>
<arg>runTestAPIget</arg>
<arg>${apiName}</arg>
</arguments>
<status status="PASS" starttime="20171117 17:10:35.066" endtime="20171117 17:10:35.066"></status>
</kw>
<kw name="Run Keyword If" library="BuiltIn">
<doc>Runs the given keyword with the given arguments, if ``condition`` is true.</doc>
<arguments>
<arg>'${apiverb}' == 'create' and '${apiName}' == 'namespaces'</arg>
<arg>runTestAPIpost</arg>
<arg>${apiName}</arg>
</arguments>
<status status="PASS" starttime="20171117 17:10:35.067" endtime="20171117 17:10:35.067"></status>
</kw>
<status status="PASS" starttime="20171117 17:10:35.066" endtime="20171117 17:10:35.067"></status>
</kw>
<kw name="${apiverb} = delete" type="foritem">
<kw name="Run Keyword If" library="BuiltIn">
<doc>Runs the given keyword with the given arguments, if ``condition`` is true.</doc>
<arguments>
<arg>'${apiverb}' == 'get'</arg>
<arg>runTestAPIget</arg>
<arg>${apiName}</arg>
</arguments>
<status status="PASS" starttime="20171117 17:10:35.067" endtime="20171117 17:10:35.068"></status>
</kw>
<kw name="Run Keyword If" library="BuiltIn">
<doc>Runs the given keyword with the given arguments, if ``condition`` is true.</doc>
<arguments>
<arg>'${apiverb}' == 'create' and '${apiName}' == 'namespaces'</arg>
<arg>runTestAPIpost</arg>
<arg>${apiName}</arg>
</arguments>
<status status="PASS" starttime="20171117 17:10:35.068" endtime="20171117 17:10:35.068"></status>
</kw>
<status status="PASS" starttime="20171117 17:10:35.067" endtime="20171117 17:10:35.068"></status>
</kw>
<kw name="${apiverb} = deletecollection" type="foritem">
<kw name="Run Keyword If" library="BuiltIn">
<doc>Runs the given keyword with the given arguments, if ``condition`` is true.</doc>
<arguments>
<arg>'${apiverb}' == 'get'</arg>
<arg>runTestAPIget</arg>
<arg>${apiName}</arg>
</arguments>
<status status="PASS" starttime="20171117 17:10:35.069" endtime="20171117 17:10:35.069"></status>
</kw>
<kw name="Run Keyword If" library="BuiltIn">
<doc>Runs the given keyword with the given arguments, if ``condition`` is true.</doc>
<arguments>
<arg>'${apiverb}' == 'create' and '${apiName}' == 'namespaces'</arg>
<arg>runTestAPIpost</arg>
<arg>${apiName}</arg>
</arguments>
<status status="PASS" starttime="20171117 17:10:35.069" endtime="20171117 17:10:35.069"></status>
</kw>
<status status="PASS" starttime="20171117 17:10:35.068" endtime="20171117 17:10:35.070"></status>
</kw>
<kw name="${apiverb} = get" type="foritem">
<kw name="Run Keyword If" library="BuiltIn">
<doc>Runs the given keyword with the given arguments, if ``condition`` is true.</doc>
<arguments>
<arg>'${apiverb}' == 'get'</arg>
<arg>runTestAPIget</arg>
<arg>${apiName}</arg>
</arguments>
<kw name="runTestAPIget">
<tags>
<tag>limitranges</tag>
</tags>
<arguments>
<arg>${apiName}</arg>
</arguments>
<kw name="Create Session" library="RequestsLibrary">
<doc>Create Session: create a HTTP session to a server</doc>
<arguments>
<arg>kubernetes</arg>
<arg>${API_ENDPOINT}</arg>
</arguments>
<msg timestamp="20171117 17:10:35.071" level="INFO">Creating Session using : alias=kubernetes, url=http://127.0.0.1:8080, headers={},                     cookies=None, auth=None, timeout=None, proxies=None, verify=False,                     debug=0 </msg>
<status status="PASS" starttime="20171117 17:10:35.071" endtime="20171117 17:10:35.071"></status>
</kw>
<kw name="Get Request" library="RequestsLibrary">
<doc>Send a GET request on the session object found using the</doc>
<arguments>
<arg>kubernetes</arg>
<arg>/api/v1/${apiName}</arg>
</arguments>
<assign>
<var>${resp}</var>
</assign>
<msg timestamp="20171117 17:10:35.076" level="INFO">Get Request using : alias=kubernetes, uri=/api/v1/limitranges, headers=None json=None</msg>
<msg timestamp="20171117 17:10:35.076" level="INFO">${resp} = &lt;Response [200]&gt;</msg>
<status status="PASS" starttime="20171117 17:10:35.072" endtime="20171117 17:10:35.076"></status>
</kw>
<kw name="Set Variable" library="BuiltIn">
<doc>Returns the given values which can then be assigned to a variables.</doc>
<arguments>
<arg>${resp.json()}</arg>
</arguments>
<assign>
<var>${json}</var>
</assign>
<msg timestamp="20171117 17:10:35.077" level="INFO">${json} = {'kind': 'LimitRangeList', 'apiVersion': 'v1', 'metadata': {'selfLink': '/api/v1/limitranges', 'resourceVersion': '342104'}, 'items': []}</msg>
<status status="PASS" starttime="20171117 17:10:35.076" endtime="20171117 17:10:35.077"></status>
</kw>
<kw name="Log" library="BuiltIn">
<doc>Logs the given message with the given level.</doc>
<arguments>
<arg>${json}</arg>
</arguments>
<msg timestamp="20171117 17:10:35.077" level="INFO">{'kind': 'LimitRangeList', 'apiVersion': 'v1', 'metadata': {'selfLink': '/api/v1/limitranges', 'resourceVersion': '342104'}, 'items': []}</msg>
<status status="PASS" starttime="20171117 17:10:35.077" endtime="20171117 17:10:35.077"></status>
</kw>
<status status="PASS" starttime="20171117 17:10:35.070" endtime="20171117 17:10:35.078"></status>
</kw>
<status status="PASS" starttime="20171117 17:10:35.070" endtime="20171117 17:10:35.078"></status>
</kw>
<kw name="Run Keyword If" library="BuiltIn">
<doc>Runs the given keyword with the given arguments, if ``condition`` is true.</doc>
<arguments>
<arg>'${apiverb}' == 'create' and '${apiName}' == 'namespaces'</arg>
<arg>runTestAPIpost</arg>
<arg>${apiName}</arg>
</arguments>
<status status="PASS" starttime="20171117 17:10:35.078" endtime="20171117 17:10:35.078"></status>
</kw>
<status status="PASS" starttime="20171117 17:10:35.070" endtime="20171117 17:10:35.078"></status>
</kw>
<kw name="${apiverb} = list" type="foritem">
<kw name="Run Keyword If" library="BuiltIn">
<doc>Runs the given keyword with the given arguments, if ``condition`` is true.</doc>
<arguments>
<arg>'${apiverb}' == 'get'</arg>
<arg>runTestAPIget</arg>
<arg>${apiName}</arg>
</arguments>
<status status="PASS" starttime="20171117 17:10:35.079" endtime="20171117 17:10:35.079"></status>
</kw>
<kw name="Run Keyword If" library="BuiltIn">
<doc>Runs the given keyword with the given arguments, if ``condition`` is true.</doc>
<arguments>
<arg>'${apiverb}' == 'create' and '${apiName}' == 'namespaces'</arg>
<arg>runTestAPIpost</arg>
<arg>${apiName}</arg>
</arguments>
<status status="PASS" starttime="20171117 17:10:35.079" endtime="20171117 17:10:35.079"></status>
</kw>
<status status="PASS" starttime="20171117 17:10:35.078" endtime="20171117 17:10:35.079"></status>
</kw>
<kw name="${apiverb} = patch" type="foritem">
<kw name="Run Keyword If" library="BuiltIn">
<doc>Runs the given keyword with the given arguments, if ``condition`` is true.</doc>
<arguments>
<arg>'${apiverb}' == 'get'</arg>
<arg>runTestAPIget</arg>
<arg>${apiName}</arg>
</arguments>
<status status="PASS" starttime="20171117 17:10:35.080" endtime="20171117 17:10:35.080"></status>
</kw>
<kw name="Run Keyword If" library="BuiltIn">
<doc>Runs the given keyword with the given arguments, if ``condition`` is true.</doc>
<arguments>
<arg>'${apiverb}' == 'create' and '${apiName}' == 'namespaces'</arg>
<arg>runTestAPIpost</arg>
<arg>${apiName}</arg>
</arguments>
<status status="PASS" starttime="20171117 17:10:35.080" endtime="20171117 17:10:35.081"></status>
</kw>
<status status="PASS" starttime="20171117 17:10:35.080" endtime="20171117 17:10:35.081"></status>
</kw>
<kw name="${apiverb} = update" type="foritem">
<kw name="Run Keyword If" library="BuiltIn">
<doc>Runs the given keyword with the given arguments, if ``condition`` is true.</doc>
<arguments>
<arg>'${apiverb}' == 'get'</arg>
<arg>runTestAPIget</arg>
<arg>${apiName}</arg>
</arguments>
<status status="PASS" starttime="20171117 17:10:35.081" endtime="20171117 17:10:35.081"></status>
</kw>
<kw name="Run Keyword If" library="BuiltIn">
<doc>Runs the given keyword with the given arguments, if ``condition`` is true.</doc>
<arguments>
<arg>'${apiverb}' == 'create' and '${apiName}' == 'namespaces'</arg>
<arg>runTestAPIpost</arg>
<arg>${apiName}</arg>
</arguments>
<status status="PASS" starttime="20171117 17:10:35.082" endtime="20171117 17:10:35.082"></status>
</kw>
<status status="PASS" starttime="20171117 17:10:35.081" endtime="20171117 17:10:35.082"></status>
</kw>
<kw name="${apiverb} = watch" type="foritem">
<kw name="Run Keyword If" library="BuiltIn">
<doc>Runs the given keyword with the given arguments, if ``condition`` is true.</doc>
<arguments>
<arg>'${apiverb}' == 'get'</arg>
<arg>runTestAPIget</arg>
<arg>${apiName}</arg>
</arguments>
<status status="PASS" starttime="20171117 17:10:35.082" endtime="20171117 17:10:35.083"></status>
</kw>
<kw name="Run Keyword If" library="BuiltIn">
<doc>Runs the given keyword with the given arguments, if ``condition`` is true.</doc>
<arguments>
<arg>'${apiverb}' == 'create' and '${apiName}' == 'namespaces'</arg>
<arg>runTestAPIpost</arg>
<arg>${apiName}</arg>
</arguments>
<status status="PASS" starttime="20171117 17:10:35.083" endtime="20171117 17:10:35.083"></status>
</kw>
<status status="PASS" starttime="20171117 17:10:35.082" endtime="20171117 17:10:35.083"></status>
</kw>
<status status="PASS" starttime="20171117 17:10:35.066" endtime="20171117 17:10:35.083"></status>
</kw>
<status status="PASS" starttime="20171117 17:10:35.065" endtime="20171117 17:10:35.083"></status>
</kw>
<status status="PASS" starttime="20171117 17:10:35.063" endtime="20171117 17:10:35.083"></status>
</kw>
<kw name="${apiDict} = {'name': 'namespaces', 'singularName': '', 'namespaced': False, 'kind': 'Namespace', 'verbs': ['create', 'delete', 'get', 'list', 'patch', 'update', 'watch'], 'shortNames': ['ns']}" type="foritem">
<kw name="Get From Dictionary" library="Collections">
<doc>Returns a value from the given ``dictionary`` based on the given ``key``.</doc>
<arguments>
<arg>${apiDict}</arg>
<arg>name</arg>
</arguments>
<assign>
<var>${apiName}</var>
</assign>
<msg timestamp="20171117 17:10:35.084" level="INFO">${apiName} = namespaces</msg>
[...]
4T17:29:54Z', 'labels': {'run': 'hello-minikube'}}, 'spec': {'ports': [{'protocol': 'TCP', 'port': 8081, 'targetPort': 8081, 'nodePort': 32321}], 'selector': {'run': 'hello-minikube'}, 'clusterIP': '10.0.0.180', 'type': 'NodePort', 'sessionAffinity': 'None', 'externalTrafficPolicy': 'Cluster'}, 'status': {'loadBalancer': {}}}, {'metadata': {'name': 'kubernetes', 'namespace': 'default', 'selfLink': '/api/v1/namespaces/default/services/kubernetes', 'uid': 'afc0a0df-c960-11e7-b342-5254002b24c6', 'resourceVersion': '6', 'creationTimestamp': '2017-11-14T17:24:36Z', 'labels': {'component': 'apiserver', 'provider': 'kubernetes'}}, 'spec': {'ports': [{'name': 'https', 'protocol': 'TCP', 'port': 443, 'targetPort': 8443}], 'clusterIP': '10.0.0.1', 'type': 'ClusterIP', 'sessionAffinity': 'ClientIP', 'sessionAffinityConfig': {'clientIP': {'timeoutSeconds': 10800}}}, 'status': {'loadBalancer': {}}}, {'metadata': {'name': 'default-http-backend', 'namespace': 'kube-system', 'selfLink': '/api/v1/namespaces/kube-system/services/default-http-backend', 'uid': 'b7f4b006-c960-11e7-b342-5254002b24c6', 'resourceVersion': '112', 'creationTimestamp': '2017-11-14T17:24:49Z', 'labels': {'addonmanager.kubernetes.io/mode': 'Reconcile', 'app': 'default-http-backend'}, 'annotations': {'kubectl.kubernetes.io/last-applied-configuration': '{"apiVersion":"v1","kind":"Service","metadata":{"annotations":{},"labels":{"addonmanager.kubernetes.io/mode":"Reconcile","app":"default-http-backend"},"name":"default-http-backend","namespace":"kube-system"},"spec":{"ports":[{"nodePort":30001,"port":80,"targetPort":8080}],"selector":{"app":"default-http-backend"},"type":"NodePort"}}\n'}}, 'spec': {'ports': [{'protocol': 'TCP', 'port': 80, 'targetPort': 8080, 'nodePort': 30001}], 'selector': {'app': 'default-http-backend'}, 'clusterIP': '10.0.0.54', 'type': 'NodePort', 'sessionAffinity': 'None', 'externalTrafficPolicy': 'Cluster'}, 'status': {'loadBalancer': {}}}, {'metadata': {'name': 'kube-dns', 'namespace': 'kube-system', 'selfLink': '/api/v1/namespaces/kube-system/services/kube-dns', 'uid': 'b814dc7b-c960-11e7-b342-5254002b24c6', 'resourceVersion': '128', 'creationTimestamp': '2017-11-14T17:24:50Z', 'labels': {'addonmanager.kubernetes.io/mode': 'Reconcile', 'k8s-app': 'kube-dns', 'kubernetes.io/name': 'KubeDNS'}, 'annotations': {'kubectl.kubernetes.io/last-applied-configuration': '{"apiVersion":"v1","kind":"Service","metadata":{"annotations":{},"labels":{"addonmanager.kubernetes.io/mode":"Reconcile","k8s-app":"kube-dns","kubernetes.io/name":"KubeDNS"},"name":"kube-dns","namespace":"kube-system"},"spec":{"clusterIP":"10.0.0.10","ports":[{"name":"dns","port":53,"protocol":"UDP"},{"name":"dns-tcp","port":53,"protocol":"TCP"}],"selector":{"k8s-app":"kube-dns"}}}\n'}}, 'spec': {'ports': [{'name': 'dns', 'protocol': 'UDP', 'port': 53, 'targetPort': 53}, {'name': 'dns-tcp', 'protocol': 'TCP', 'port': 53, 'targetPort': 53}], 'selector': {'k8s-app': 'kube-dns'}, 'clusterIP': '10.0.0.10', 'type': 'ClusterIP', 'sessionAffinity': 'None'}, 'status': {'loadBalancer': {}}}, {'metadata': {'name': 'kubernetes-dashboard', 'namespace': 'kube-system', 'selfLink': '/api/v1/namespaces/kube-system/services/kubernetes-dashboard', 'uid': 'b7c01bc3-c960-11e7-b342-5254002b24c6', 'resourceVersion': '90', 'creationTimestamp': '2017-11-14T17:24:49Z', 'labels': {'addonmanager.kubernetes.io/mode': 'Reconcile', 'app': 'kubernetes-dashboard', 'kubernetes.io/minikube-addons': 'dashboard', 'kubernetes.io/minikube-addons-endpoint': 'dashboard'}, 'annotations': {'kubectl.kubernetes.io/last-applied-configuration': '{"apiVersion":"v1","kind":"Service","metadata":{"annotations":{},"labels":{"addonmanager.kubernetes.io/mode":"Reconcile","app":"kubernetes-dashboard","kubernetes.io/minikube-addons":"dashboard","kubernetes.io/minikube-addons-endpoint":"dashboard"},"name":"kubernetes-dashboard","namespace":"kube-system"},"spec":{"ports":[{"nodePort":30000,"port":80,"targetPort":9090}],"selector":{"app":"kubernetes-dashboard"},"type":"NodePort"}}\n'}}, 'spec': {'ports': [{'protocol': 'TCP', 'port': 80, 'targetPort': 9090, 'nodePort': 30000}], 'selector': {'app': 'kubernetes-dashboard'}, 'clusterIP': '10.0.0.92', 'type': 'NodePort', 'sessionAffinity': 'None', 'externalTrafficPolicy': 'Cluster'}, 'status': {'loadBalancer': {}}}]}</msg>
<status status="PASS" starttime="20171117 17:10:35.508" endtime="20171117 17:10:35.509"></status>
</kw>
<status status="PASS" starttime="20171117 17:10:35.500" endtime="20171117 17:10:35.509"></status>
</kw>
<status status="PASS" starttime="20171117 17:10:35.500" endtime="20171117 17:10:35.509"></status>
</kw>
<kw name="Run Keyword If" library="BuiltIn">
<doc>Runs the given keyword with the given arguments, if ``condition`` is true.</doc>
<arguments>
<arg>'${apiverb}' == 'create' and '${apiName}' == 'namespaces'</arg>
<arg>runTestAPIpost</arg>
<arg>${apiName}</arg>
</arguments>
<status status="PASS" starttime="20171117 17:10:35.509" endtime="20171117 17:10:35.510"></status>
</kw>
<status status="PASS" starttime="20171117 17:10:35.500" endtime="20171117 17:10:35.510"></status>
</kw>
<kw name="${apiverb} = list" type="foritem">
<kw name="Run Keyword If" library="BuiltIn">
<doc>Runs the given keyword with the given arguments, if ``condition`` is true.</doc>
<arguments>
<arg>'${apiverb}' == 'get'</arg>
<arg>runTestAPIget</arg>
<arg>${apiName}</arg>
</arguments>
<status status="PASS" starttime="20171117 17:10:35.510" endtime="20171117 17:10:35.510"></status>
</kw>
<kw name="Run Keyword If" library="BuiltIn">
<doc>Runs the given keyword with the given arguments, if ``condition`` is true.</doc>
<arguments>
<arg>'${apiverb}' == 'create' and '${apiName}' == 'namespaces'</arg>
<arg>runTestAPIpost</arg>
<arg>${apiName}</arg>
</arguments>
<status status="PASS" starttime="20171117 17:10:35.511" endtime="20171117 17:10:35.511"></status>
</kw>
<status status="PASS" starttime="20171117 17:10:35.510" endtime="20171117 17:10:35.511"></status>
</kw>
<kw name="${apiverb} = patch" type="foritem">
<kw name="Run Keyword If" library="BuiltIn">
<doc>Runs the given keyword with the given arguments, if ``condition`` is true.</doc>
<arguments>
<arg>'${apiverb}' == 'get'</arg>
<arg>runTestAPIget</arg>
<arg>${apiName}</arg>
</arguments>
<status status="PASS" starttime="20171117 17:10:35.511" endtime="20171117 17:10:35.512"></status>
</kw>
<kw name="Run Keyword If" library="BuiltIn">
<doc>Runs the given keyword with the given arguments, if ``condition`` is true.</doc>
<arguments>
<arg>'${apiverb}' == 'create' and '${apiName}' == 'namespaces'</arg>
<arg>runTestAPIpost</arg>
<arg>${apiName}</arg>
</arguments>
<status status="PASS" starttime="20171117 17:10:35.512" endtime="20171117 17:10:35.512"></status>
</kw>
<status status="PASS" starttime="20171117 17:10:35.511" endtime="20171117 17:10:35.512"></status>
</kw>
<kw name="${apiverb} = proxy" type="foritem">
<kw name="Run Keyword If" library="BuiltIn">
<doc>Runs the given keyword with the given arguments, if ``condition`` is true.</doc>
<arguments>
<arg>'${apiverb}' == 'get'</arg>
<arg>runTestAPIget</arg>
<arg>${apiName}</arg>
</arguments>
<status status="PASS" starttime="20171117 17:10:35.513" endtime="20171117 17:10:35.513"></status>
</kw>
<kw name="Run Keyword If" library="BuiltIn">
<doc>Runs the given keyword with the given arguments, if ``condition`` is true.</doc>
<arguments>
<arg>'${apiverb}' == 'create' and '${apiName}' == 'namespaces'</arg>
<arg>runTestAPIpost</arg>
<arg>${apiName}</arg>
</arguments>
<status status="PASS" starttime="20171117 17:10:35.513" endtime="20171117 17:10:35.514"></status>
</kw>
<status status="PASS" starttime="20171117 17:10:35.513" endtime="20171117 17:10:35.514"></status>
</kw>
<kw name="${apiverb} = update" type="foritem">
<kw name="Run Keyword If" library="BuiltIn">
<doc>Runs the given keyword with the given arguments, if ``condition`` is true.</doc>
<arguments>
<arg>'${apiverb}' == 'get'</arg>
<arg>runTestAPIget</arg>
<arg>${apiName}</arg>
</arguments>
<status status="PASS" starttime="20171117 17:10:35.514" endtime="20171117 17:10:35.514"></status>
</kw>
<kw name="Run Keyword If" library="BuiltIn">
<doc>Runs the given keyword with the given arguments, if ``condition`` is true.</doc>
<arguments>
<arg>'${apiverb}' == 'create' and '${apiName}' == 'namespaces'</arg>
<arg>runTestAPIpost</arg>
<arg>${apiName}</arg>
</arguments>
<status status="PASS" starttime="20171117 17:10:35.515" endtime="20171117 17:10:35.515"></status>
</kw>
<status status="PASS" starttime="20171117 17:10:35.514" endtime="20171117 17:10:35.515"></status>
</kw>
<kw name="${apiverb} = watch" type="foritem">
<kw name="Run Keyword If" library="BuiltIn">
<doc>Runs the given keyword with the given arguments, if ``condition`` is true.</doc>
<arguments>
<arg>'${apiverb}' == 'get'</arg>
<arg>runTestAPIget</arg>
<arg>${apiName}</arg>
</arguments>
<status status="PASS" starttime="20171117 17:10:35.515" endtime="20171117 17:10:35.516"></status>
</kw>
<kw name="Run Keyword If" library="BuiltIn">
<doc>Runs the given keyword with the given arguments, if ``condition`` is true.</doc>
<arguments>
<arg>'${apiverb}' == 'create' and '${apiName}' == 'namespaces'</arg>
<arg>runTestAPIpost</arg>
<arg>${apiName}</arg>
</arguments>
<status status="PASS" starttime="20171117 17:10:35.516" endtime="20171117 17:10:35.516"></status>
</kw>
<status status="PASS" starttime="20171117 17:10:35.515" endtime="20171117 17:10:35.516"></status>
</kw>
<status status="PASS" starttime="20171117 17:10:35.497" endtime="20171117 17:10:35.516"></status>
</kw>
<status status="PASS" starttime="20171117 17:10:35.496" endtime="20171117 17:10:35.517"></status>
</kw>
<status status="PASS" starttime="20171117 17:10:35.494" endtime="20171117 17:10:35.517"></status>
</kw>
<kw name="${apiDict} = {'name': 'services/proxy', 'singularName': '', 'namespaced': True, 'kind': 'Service', 'verbs': []}" type="foritem">
<kw name="Get From Dictionary" library="Collections">
<doc>Returns a value from the given ``dictionary`` based on the given ``key``.</doc>
<arguments>
<arg>${apiDict}</arg>
<arg>name</arg>
</arguments>
<assign>
<var>${apiName}</var>
</assign>
<msg timestamp="20171117 17:10:35.517" level="INFO">${apiName} = services/proxy</msg>
<status status="PASS" starttime="20171117 17:10:35.517" endtime="20171117 17:10:35.517"></status>
</kw>
<kw name="List Should Contain Value" library="Collections">
<doc>Fails if the ``value`` is not found from ``list``.</doc>
<arguments>
<arg>${apiDict}</arg>
<arg>verbs</arg>
</arguments>
<status status="PASS" starttime="20171117 17:10:35.517" endtime="20171117 17:10:35.518"></status>
</kw>
<kw name="Get From Dictionary" library="Collections">
<doc>Returns a value from the given ``dictionary`` based on the given ``key``.</doc>
<arguments>
<arg>${apiDict}</arg>
<arg>verbs</arg>
</arguments>
<assign>
<var>${apiVerbs}</var>
</assign>
<msg timestamp="20171117 17:10:35.518" level="INFO">${apiVerbs} = []</msg>
<status status="PASS" starttime="20171117 17:10:35.518" endtime="20171117 17:10:35.518"></status>
</kw>
<kw name="Log List" library="Collections">
<doc>Logs the length and contents of the ``list`` using given ``level``.</doc>
<arguments>
<arg>${apiVerbs}</arg>
</arguments>
<msg timestamp="20171117 17:10:35.519" level="INFO">List is empty.</msg>
<status status="PASS" starttime="20171117 17:10:35.518" endtime="20171117 17:10:35.519"></status>
</kw>
<kw name="GetListofVerbs">
<arguments>
<arg>${apiVerbs}</arg>
<arg>${apiName}</arg>
</arguments>
<kw name="${apiverb} IN [ @{apiVerbs} ]" type="for">
<status status="PASS" starttime="20171117 17:10:35.519" endtime="20171117 17:10:35.520"></status>
</kw>
<status status="PASS" starttime="20171117 17:10:35.519" endtime="20171117 17:10:35.520"></status>
</kw>
<status status="PASS" starttime="20171117 17:10:35.517" endtime="20171117 17:10:35.520"></status>
</kw>
<kw name="${apiDict} = {'name': 'services/status', 'singularName': '', 'namespaced': True, 'kind': 'Service', 'verbs': ['get', 'patch', 'update']}" type="foritem">
<kw name="Get From Dictionary" library="Collections">
<doc>Returns a value from the given ``dictionary`` based on the given ``key``.</doc>
<arguments>
<arg>${apiDict}</arg>
<arg>name</arg>
</arguments>
<assign>
<var>${apiName}</var>
</assign>
<msg timestamp="20171117 17:10:35.520" level="INFO">${apiName} = services/status</msg>
<status status="PASS" starttime="20171117 17:10:35.520" endtime="20171117 17:10:35.520"></status>
</kw>
<kw name="List Should Contain Value" library="Collections">
<doc>Fails if the ``value`` is not found from ``list``.</doc>
<arguments>
<arg>${apiDict}</arg>
<arg>verbs</arg>
</arguments>
<status status="PASS" starttime="20171117 17:10:35.521" endtime="20171117 17:10:35.521"></status>
</kw>
<kw name="Get From Dictionary" library="Collections">
<doc>Returns a value from the given ``dictionary`` based on the given ``key``.</doc>
<arguments>
<arg>${apiDict}</arg>
<arg>verbs</arg>
</arguments>
<assign>
<var>${apiVerbs}</var>
</assign>
<msg timestamp="20171117 17:10:35.521" level="INFO">${apiVerbs} = ['get', 'patch', 'update']</msg>
<status status="PASS" starttime="20171117 17:10:35.521" endtime="20171117 17:10:35.522"></status>
</kw>
<kw name="Log List" library="Collections">
<doc>Logs the length and contents of the ``list`` using given ``level``.</doc>
<arguments>
<arg>${apiVerbs}</arg>
</arguments>
<msg timestamp="20171117 17:10:35.522" level="INFO">List length is 3 and it contains following items:
0: get
1: patch
2: update</msg>
<status status="PASS" starttime="20171117 17:10:35.522" endtime="20171117 17:10:35.522"></status>
</kw>
<kw name="GetListofVerbs">
<arguments>
<arg>${apiVerbs}</arg>
<arg>${apiName}</arg>
</arguments>
<kw name="${apiverb} IN [ @{apiVerbs} ]" type="for">
<kw name="${apiverb} = get" type="foritem">
<kw name="Run Keyword If" library="BuiltIn">
<doc>Runs the given keyword with the given arguments, if ``condition`` is true.</doc>
<arguments>
<arg>'${apiverb}' == 'get'</arg>
<arg>runTestAPIget</arg>
<arg>${apiName}</arg>
</arguments>
<kw name="runTestAPIget">
<tags>
<tag>services/status</tag>
</tags>
<arguments>
<arg>${apiName}</arg>
</arguments>
<kw name="Create Session" library="RequestsLibrary">
<doc>Create Session: create a HTTP session to a server</doc>
<arguments>
<arg>kubernetes</arg>
<arg>${API_ENDPOINT}</arg>
</arguments>
<msg timestamp="20171117 17:10:35.525" level="INFO">Creating Session using : alias=kubernetes, url=http://127.0.0.1:8080, headers={},                     cookies=None, auth=None, timeout=None, proxies=None, verify=False,                     debug=0 </msg>
<status status="PASS" starttime="20171117 17:10:35.524" endtime="20171117 17:10:35.525"></status>
</kw>
<kw name="Get Request" library="RequestsLibrary">
<doc>Send a GET request on the session object found using the</doc>
<arguments>
<arg>kubernetes</arg>
<arg>/api/v1/${apiName}</arg>
</arguments>
<assign>
<var>${resp}</var>
</assign>
<msg timestamp="20171117 17:10:35.529" level="INFO">Get Request using : alias=kubernetes, uri=/api/v1/services/status, headers=None json=None</msg>
<msg timestamp="20171117 17:10:35.529" level="INFO">${resp} = &lt;Response [404]&gt;</msg>
<status status="PASS" starttime="20171117 17:10:35.525" endtime="20171117 17:10:35.529"></status>
</kw>
<kw name="Set Variable" library="BuiltIn">
<doc>Returns the given values which can then be assigned to a variables.</doc>
<arguments>
<arg>${resp.json()}</arg>
</arguments>
<assign>
<var>${json}</var>
</assign>
<msg timestamp="20171117 17:10:35.530" level="INFO">${json} = {'kind': 'Status', 'apiVersion': 'v1', 'metadata': {}, 'status': 'Failure', 'message': 'the server could not find the requested resource', 'reason': 'NotFound', 'details': {}, 'code': 404}</msg>
<status status="PASS" starttime="20171117 17:10:35.529" endtime="20171117 17:10:35.530"></status>
</kw>
<kw name="Log" library="BuiltIn">
<doc>Logs the given message with the given level.</doc>
<arguments>
<arg>${json}</arg>
</arguments>
<msg timestamp="20171117 17:10:35.530" level="INFO">{'kind': 'Status', 'apiVersion': 'v1', 'metadata': {}, 'status': 'Failure', 'message': 'the server could not find the requested resource', 'reason': 'NotFound', 'details': {}, 'code': 404}</msg>
<status status="PASS" starttime="20171117 17:10:35.530" endtime="20171117 17:10:35.530"></status>
</kw>
<status status="PASS" starttime="20171117 17:10:35.524" endtime="20171117 17:10:35.530"></status>
</kw>
<status status="PASS" starttime="20171117 17:10:35.523" endtime="20171117 17:10:35.530"></status>
</kw>
<kw name="Run Keyword If" library="BuiltIn">
<doc>Runs the given keyword with the given arguments, if ``condition`` is true.</doc>
<arguments>
<arg>'${apiverb}' == 'create' and '${apiName}' == 'namespaces'</arg>
<arg>runTestAPIpost</arg>
<arg>${apiName}</arg>
</arguments>
<status status="PASS" starttime="20171117 17:10:35.531" endtime="20171117 17:10:35.531"></status>
</kw>
<status status="PASS" starttime="20171117 17:10:35.523" endtime="20171117 17:10:35.531"></status>
</kw>
<kw name="${apiverb} = patch" type="foritem">
<kw name="Run Keyword If" library="BuiltIn">
<doc>Runs the given keyword with the given arguments, if ``condition`` is true.</doc>
<arguments>
<arg>'${apiverb}' == 'get'</arg>
<arg>runTestAPIget</arg>
<arg>${apiName}</arg>
</arguments>
<status status="PASS" starttime="20171117 17:10:35.531" endtime="20171117 17:10:35.532"></status>
</kw>
<kw name="Run Keyword If" library="BuiltIn">
<doc>Runs the given keyword with the given arguments, if ``condition`` is true.</doc>
<arguments>
<arg>'${apiverb}' == 'create' and '${apiName}' == 'namespaces'</arg>
<arg>runTestAPIpost</arg>
<arg>${apiName}</arg>
</arguments>
<status status="PASS" starttime="20171117 17:10:35.532" endtime="20171117 17:10:35.532"></status>
</kw>
<status status="PASS" starttime="20171117 17:10:35.531" endtime="20171117 17:10:35.532"></status>
</kw>
<kw name="${apiverb} = update" type="foritem">
<kw name="Run Keyword If" library="BuiltIn">
<doc>Runs the given keyword with the given arguments, if ``condition`` is true.</doc>
<arguments>
<arg>'${apiverb}' == 'get'</arg>
<arg>runTestAPIget</arg>
<arg>${apiName}</arg>
</arguments>
<status status="PASS" starttime="20171117 17:10:35.533" endtime="20171117 17:10:35.533"></status>
</kw>
<kw name="Run Keyword If" library="BuiltIn">
<doc>Runs the given keyword with the given arguments, if ``condition`` is true.</doc>
<arguments>
<arg>'${apiverb}' == 'create' and '${apiName}' == 'namespaces'</arg>
<arg>runTestAPIpost</arg>
<arg>${apiName}</arg>
</arguments>
<status status="PASS" starttime="20171117 17:10:35.533" endtime="20171117 17:10:35.534"></status>
</kw>
<status status="PASS" starttime="20171117 17:10:35.532" endtime="20171117 17:10:35.534"></status>
</kw>
<status status="PASS" starttime="20171117 17:10:35.523" endtime="20171117 17:10:35.534"></status>
</kw>
<status status="PASS" starttime="20171117 17:10:35.522" endtime="20171117 17:10:35.534"></status>
</kw>
<status status="PASS" starttime="20171117 17:10:35.520" endtime="20171117 17:10:35.534"></status>
</kw>
<status status="PASS" starttime="20171117 17:10:34.978" endtime="20171117 17:10:35.534"></status>
</kw>
<doc>api v1</doc>
<status status="PASS" starttime="20171117 17:10:34.965" endtime="20171117 17:10:35.534" critical="yes"></status>
</test>
<kw name="Delete All Sessions" library="RequestsLibrary" type="teardown">
<doc>Removes all the session objects</doc>
<msg timestamp="20171117 17:10:35.535" level="INFO">Delete All Sessions</msg>
<status status="PASS" starttime="20171117 17:10:35.535" endtime="20171117 17:10:35.537"></status>
</kw>
<doc>REST API kubernetes.</doc>
<status status="PASS" starttime="20171117 17:10:34.751" endtime="20171117 17:10:35.538"></status>
</suite>
<statistics>
<total>
<stat pass="1" fail="0">Critical Tests</stat>
<stat pass="1" fail="0">All Tests</stat>
</total>
<tag>
</tag>
<suite>
<stat pass="1" fail="0" id="s1" name="Kuberobot">Kuberobot</stat>
</suite>
</statistics>
<errors>
</errors>
</robot>
