<?xml version="1.0" encoding="UTF-8"?>
<robot generator="Robot 3.0.2 (Python 3.6.2 on linux)" generated="20171117 15:23:16.077">
<suite id="s1" name="Kuberobot" source="/home/kuberobot/kuberobot.robot">
<test id="s1-t1" name="Get api v1">
<kw name="Create Session" library="RequestsLibrary">
<doc>Create Session: create a HTTP session to a server</doc>
<arguments>
<arg>kubernetes</arg>
<arg>${API_ENDPOINT}</arg>
</arguments>
<msg timestamp="20171117 15:23:16.291" level="INFO">Creating Session using : alias=kubernetes, url=http://127.0.0.1:8080, headers={},                     cookies=None, auth=None, timeout=None, proxies=None, verify=False,                     debug=0 </msg>
<status status="PASS" starttime="20171117 15:23:16.291" endtime="20171117 15:23:16.292"></status>
</kw>
<kw name="Get Request" library="RequestsLibrary">
<doc>Send a GET request on the session object found using the</doc>
<arguments>
<arg>kubernetes</arg>
<arg>/api/v1</arg>
</arguments>
<assign>
<var>${resp}</var>
</assign>
<msg timestamp="20171117 15:23:16.300" level="INFO">Get Request using : alias=kubernetes, uri=/api/v1, headers=None json=None</msg>
<msg timestamp="20171117 15:23:16.301" level="INFO">${resp} = &lt;Response [200]&gt;</msg>
<status status="PASS" starttime="20171117 15:23:16.292" endtime="20171117 15:23:16.301"></status>
</kw>
<kw name="Should Be Equal As Strings" library="BuiltIn">
<doc>Fails if objects are unequal after converting them to strings.</doc>
<arguments>
<arg>${resp.status_code}</arg>
<arg>200</arg>
</arguments>
<msg timestamp="20171117 15:23:16.302" level="INFO">Argument types are:
&lt;class 'int'&gt;
&lt;type 'unicode'&gt;</msg>
<status status="PASS" starttime="20171117 15:23:16.301" endtime="20171117 15:23:16.302"></status>
</kw>
<kw name="Set Variable" library="BuiltIn">
<doc>Returns the given values which can then be assigned to a variables.</doc>
<arguments>
<arg>${resp.json()}</arg>
</arguments>
<assign>
<var>${json}</var>
</assign>
<msg timestamp="20171117 15:23:16.303" level="INFO">${json} = {'kind': 'APIResourceList', 'groupVersion': 'v1', 'resources': [{'name': 'bindings', 'singularName': '', 'namespaced': True, 'kind': 'Binding', 'verbs': ['create']}, {'name': 'componentstatuses', 'sin...</msg>
<status status="PASS" starttime="20171117 15:23:16.302" endtime="20171117 15:23:16.303"></status>
</kw>
<kw name="Log" library="BuiltIn">
<doc>Logs the given message with the given level.</doc>
<arguments>
<arg>${json}</arg>
</arguments>
<msg timestamp="20171117 15:23:16.303" level="INFO">{'kind': 'APIResourceList', 'groupVersion': 'v1', 'resources': [{'name': 'bindings', 'singularName': '', 'namespaced': True, 'kind': 'Binding', 'verbs': ['create']}, {'name': 'componentstatuses', 'singularName': '', 'namespaced': False, 'kind': 'ComponentStatus', 'verbs': ['get', 'list'], 'shortNames': ['cs']}, {'name': 'configmaps', 'singularName': '', 'namespaced': True, 'kind': 'ConfigMap', 'verbs': ['create', 'delete', 'deletecollection', 'get', 'list', 'patch', 'update', 'watch'], 'shortNames': ['cm']}, {'name': 'endpoints', 'singularName': '', 'namespaced': True, 'kind': 'Endpoints', 'verbs': ['create', 'delete', 'deletecollection', 'get', 'list', 'patch', 'update', 'watch'], 'shortNames': ['ep']}, {'name': 'events', 'singularName': '', 'namespaced': True, 'kind': 'Event', 'verbs': ['create', 'delete', 'deletecollection', 'get', 'list', 'patch', 'update', 'watch'], 'shortNames': ['ev']}, {'name': 'limitranges', 'singularName': '', 'namespaced': True, 'kind': 'LimitRange', 'verbs': ['create', 'delete', 'deletecollection', 'get', 'list', 'patch', 'update', 'watch'], 'shortNames': ['limits']}, {'name': 'namespaces', 'singularName': '', 'namespaced': False, 'kind': 'Namespace', 'verbs': ['create', 'delete', 'get', 'list', 'patch', 'update', 'watch'], 'shortNames': ['ns']}, {'name': 'namespaces/finalize', 'singularName': '', 'namespaced': False, 'kind': 'Namespace', 'verbs': ['update']}, {'name': 'namespaces/status', 'singularName': '', 'namespaced': False, 'kind': 'Namespace', 'verbs': ['get', 'patch', 'update']}, {'name': 'nodes', 'singularName': '', 'namespaced': False, 'kind': 'Node', 'verbs': ['create', 'delete', 'deletecollection', 'get', 'list', 'patch', 'proxy', 'update', 'watch'], 'shortNames': ['no']}, {'name': 'nodes/proxy', 'singularName': '', 'namespaced': False, 'kind': 'Node', 'verbs': []}, {'name': 'nodes/status', 'singularName': '', 'namespaced': False, 'kind': 'Node', 'verbs': ['get', 'patch', 'update']}, {'name': 'persistentvolumeclaims', 'singularName': '', 'namespaced': True, 'kind': 'PersistentVolumeClaim', 'verbs': ['create', 'delete', 'deletecollection', 'get', 'list', 'patch', 'update', 'watch'], 'shortNames': ['pvc']}, {'name': 'persistentvolumeclaims/status', 'singularName': '', 'namespaced': True, 'kind': 'PersistentVolumeClaim', 'verbs': ['get', 'patch', 'update']}, {'name': 'persistentvolumes', 'singularName': '', 'namespaced': False, 'kind': 'PersistentVolume', 'verbs': ['create', 'delete', 'deletecollection', 'get', 'list', 'patch', 'update', 'watch'], 'shortNames': ['pv']}, {'name': 'persistentvolumes/status', 'singularName': '', 'namespaced': False, 'kind': 'PersistentVolume', 'verbs': ['get', 'patch', 'update']}, {'name': 'pods', 'singularName': '', 'namespaced': True, 'kind': 'Pod', 'verbs': ['create', 'delete', 'deletecollection', 'get', 'list', 'patch', 'proxy', 'update', 'watch'], 'shortNames': ['po'], 'categories': ['all']}, {'name': 'pods/attach', 'singularName': '', 'namespaced': True, 'kind': 'Pod', 'verbs': []}, {'name': 'pods/binding', 'singularName': '', 'namespaced': True, 'kind': 'Binding', 'verbs': ['create']}, {'name': 'pods/eviction', 'singularName': '', 'namespaced': True, 'kind': 'Eviction', 'verbs': ['create']}, {'name': 'pods/exec', 'singularName': '', 'namespaced': True, 'kind': 'Pod', 'verbs': []}, {'name': 'pods/log', 'singularName': '', 'namespaced': True, 'kind': 'Pod', 'verbs': ['get']}, {'name': 'pods/portforward', 'singularName': '', 'namespaced': True, 'kind': 'Pod', 'verbs': []}, {'name': 'pods/proxy', 'singularName': '', 'namespaced': True, 'kind': 'Pod', 'verbs': []}, {'name': 'pods/status', 'singularName': '', 'namespaced': True, 'kind': 'Pod', 'verbs': ['get', 'patch', 'update']}, {'name': 'podtemplates', 'singularName': '', 'namespaced': True, 'kind': 'PodTemplate', 'verbs': ['create', 'delete', 'deletecollection', 'get', 'list', 'patch', 'update', 'watch']}, {'name': 'replicationcontrollers', 'singularName': '', 'namespaced': True, 'kind': 'ReplicationController', 'verbs': ['create', 'delete', 'deletecollection', 'get', 'list', 'patch', 'update', 'watch'], 'shortNames': ['rc'], 'categories': ['all']}, {'name': 'replicationcontrollers/scale', 'singularName': '', 'namespaced': True, 'group': 'autoscaling', 'version': 'v1', 'kind': 'Scale', 'verbs': ['get', 'patch', 'update']}, {'name': 'replicationcontrollers/status', 'singularName': '', 'namespaced': True, 'kind': 'ReplicationController', 'verbs': ['get', 'patch', 'update']}, {'name': 'resourcequotas', 'singularName': '', 'namespaced': True, 'kind': 'ResourceQuota', 'verbs': ['create', 'delete', 'deletecollection', 'get', 'list', 'patch', 'update', 'watch'], 'shortNames': ['quota']}, {'name': 'resourcequotas/status', 'singularName': '', 'namespaced': True, 'kind': 'ResourceQuota', 'verbs': ['get', 'patch', 'update']}, {'name': 'secrets', 'singularName': '', 'namespaced': True, 'kind': 'Secret', 'verbs': ['create', 'delete', 'deletecollection', 'get', 'list', 'patch', 'update', 'watch']}, {'name': 'serviceaccounts', 'singularName': '', 'namespaced': True, 'kind': 'ServiceAccount', 'verbs': ['create', 'delete', 'deletecollection', 'get', 'list', 'patch', 'update', 'watch'], 'shortNames': ['sa']}, {'name': 'services', 'singularName': '', 'namespaced': True, 'kind': 'Service', 'verbs': ['create', 'delete', 'get', 'list', 'patch', 'proxy', 'update', 'watch'], 'shortNames': ['svc'], 'categories': ['all']}, {'name': 'services/proxy', 'singularName': '', 'namespaced': True, 'kind': 'Service', 'verbs': []}, {'name': 'services/status', 'singularName': '', 'namespaced': True, 'kind': 'Service', 'verbs': ['get', 'patch', 'update']}]}</msg>
<status status="PASS" starttime="20171117 15:23:16.303" endtime="20171117 15:23:16.304"></status>
</kw>
<kw name="Get From Dictionary" library="Collections">
<doc>Returns a value from the given ``dictionary`` based on the given ``key``.</doc>
<arguments>
<arg>${json}</arg>
<arg>kind</arg>
</arguments>
<assign>
<var>${kind}</var>
</assign>
<msg timestamp="20171117 15:23:16.304" level="INFO">${kind} = APIResourceList</msg>
<status status="PASS" starttime="20171117 15:23:16.304" endtime="20171117 15:23:16.304"></status>
</kw>
<kw name="Should Be Equal" library="BuiltIn">
<doc>Fails if the given objects are unequal.</doc>
<arguments>
<arg>${kind}</arg>
<arg>APIResourceList</arg>
</arguments>
<status status="PASS" starttime="20171117 15:23:16.304" endtime="20171117 15:23:16.305"></status>
</kw>
<kw name="Get From Dictionary" library="Collections">
<doc>Returns a value from the given ``dictionary`` based on the given ``key``.</doc>
<arguments>
<arg>${json}</arg>
<arg>resources</arg>
</arguments>
<assign>
<var>${resources}</var>
</assign>
<msg timestamp="20171117 15:23:16.306" level="INFO">${resources} = [{'name': 'bindings', 'singularName': '', 'namespaced': True, 'kind': 'Binding', 'verbs': ['create']}, {'name': 'componentstatuses', 'singularName': '', 'namespaced': False, 'kind': 'ComponentStatus',...</msg>
<status status="PASS" starttime="20171117 15:23:16.305" endtime="20171117 15:23:16.306"></status>
</kw>
<kw name="${apiDict} IN [ @{resources} ]" type="for">
<kw name="${apiDict} = {'name': 'bindings', 'singularName': '', 'namespaced': True, 'kind': 'Binding', 'verbs': ['create']}" type="foritem">
<kw name="Get From Dictionary" library="Collections">
<doc>Returns a value from the given ``dictionary`` based on the given ``key``.</doc>
<arguments>
<arg>${apiDict}</arg>
<arg>name</arg>
</arguments>
<assign>
<var>${apiName}</var>
</assign>
<msg timestamp="20171117 15:23:16.307" level="INFO">${apiName} = bindings</msg>
<status status="PASS" starttime="20171117 15:23:16.306" endtime="20171117 15:23:16.307"></status>
</kw>
<kw name="List Should Contain Value" library="Collections">
<doc>Fails if the ``value`` is not found from ``list``.</doc>
<arguments>
<arg>${apiDict}</arg>
<arg>verbs</arg>
</arguments>
<status status="PASS" starttime="20171117 15:23:16.307" endtime="20171117 15:23:16.307"></status>
</kw>
<kw name="Get From Dictionary" library="Collections">
<doc>Returns a value from the given ``dictionary`` based on the given ``key``.</doc>
<arguments>
<arg>${apiDict}</arg>
<arg>verbs</arg>
</arguments>
<assign>
<var>${apiVerbs}</var>
</assign>
<msg timestamp="20171117 15:23:16.308" level="INFO">${apiVerbs} = ['create']</msg>
<status status="PASS" starttime="20171117 15:23:16.307" endtime="20171117 15:23:16.308"></status>
</kw>
<kw name="Log List" library="Collections">
<doc>Logs the length and contents of the ``list`` using given ``level``.</doc>
<arguments>
<arg>${apiVerbs}</arg>
</arguments>
<msg timestamp="20171117 15:23:16.308" level="INFO">List has one item:
create</msg>
<status status="PASS" starttime="20171117 15:23:16.308" endtime="20171117 15:23:16.308"></status>
</kw>
<kw name="GetListofVerbs">
<arguments>
<arg>${apiVerbs}</arg>
<arg>${apiName}</arg>
</arguments>
<kw name="${verb} IN [ @{apiVerbs} ]" type="for">
<kw name="${verb} = create" type="foritem">
<kw name="runTest">
<arguments>
<arg>${apiName}</arg>
</arguments>
<kw name="Create Session" library="RequestsLibrary">
<doc>Create Session: create a HTTP session to a server</doc>
<arguments>
<arg>kubernetes</arg>
<arg>${API_ENDPOINT}</arg>
</arguments>
<msg timestamp="20171117 15:23:16.310" level="INFO">Creating Session using : alias=kubernetes, url=http://127.0.0.1:8080, headers={},                     cookies=None, auth=None, timeout=None, proxies=None, verify=False,                     debug=0 </msg>
<status status="PASS" starttime="20171117 15:23:16.310" endtime="20171117 15:23:16.311"></status>
</kw>
<kw name="Get Request" library="RequestsLibrary">
<doc>Send a GET request on the session object found using the</doc>
<arguments>
<arg>kubernetes</arg>
<arg>/api/v1/${apiName}</arg>
</arguments>
<assign>
<var>${resp}</var>
</assign>
<msg timestamp="20171117 15:23:16.315" level="INFO">Get Request using : alias=kubernetes, uri=/api/v1/bindings, headers=None json=None</msg>
<msg timestamp="20171117 15:23:16.315" level="INFO">${resp} = &lt;Response [404]&gt;</msg>
<status status="PASS" starttime="20171117 15:23:16.311" endtime="20171117 15:23:16.315"></status>
</kw>
<status status="PASS" starttime="20171117 15:23:16.309" endtime="20171117 15:23:16.315"></status>
</kw>
<status status="PASS" starttime="20171117 15:23:16.309" endtime="20171117 15:23:16.315"></status>
</kw>
<status status="PASS" starttime="20171117 15:23:16.309" endtime="20171117 15:23:16.315"></status>
</kw>
<status status="PASS" starttime="20171117 15:23:16.308" endtime="20171117 15:23:16.315"></status>
</kw>
<status status="PASS" starttime="20171117 15:23:16.306" endtime="20171117 15:23:16.315"></status>
</kw>
<kw name="${apiDict} = {'name': 'componentstatuses', 'singularName': '', 'namespaced': False, 'kind': 'ComponentStatus', 'verbs': ['get', 'list'], 'shortNames': ['cs']}" type="foritem">
<kw name="Get From Dictionary" library="Collections">
<doc>Returns a value from the given ``dictionary`` based on the given ``key``.</doc>
<arguments>
<arg>${apiDict}</arg>
<arg>name</arg>
</arguments>
<assign>
<var>${apiName}</var>
</assign>
<msg timestamp="20171117 15:23:16.316" level="INFO">${apiName} = componentstatuses</msg>
<status status="PASS" starttime="20171117 15:23:16.316" endtime="20171117 15:23:16.316"></status>
</kw>
<kw name="List Should Contain Value" library="Collections">
<doc>Fails if the ``value`` is not found from ``list``.</doc>
<arguments>
<arg>${apiDict}</arg>
<arg>verbs</arg>
</arguments>
<status status="PASS" starttime="20171117 15:23:16.316" endtime="20171117 15:23:16.317"></status>
</kw>
<kw name="Get From Dictionary" library="Collections">
<doc>Returns a value from the given ``dictionary`` based on the given ``key``.</doc>
<arguments>
<arg>${apiDict}</arg>
<arg>verbs</arg>
</arguments>
<assign>
<var>${apiVerbs}</var>
</assign>
<msg timestamp="20171117 15:23:16.317" level="INFO">${apiVerbs} = ['get', 'list']</msg>
<status status="PASS" starttime="20171117 15:23:16.317" endtime="20171117 15:23:16.317"></status>
</kw>
<kw name="Log List" library="Collections">
<doc>Logs the length and contents of the ``list`` using given ``level``.</doc>
<arguments>
<arg>${apiVerbs}</arg>
</arguments>
<msg timestamp="20171117 15:23:16.318" level="INFO">List length is 2 and it contains following items:
0: get
1: list</msg>
<status status="PASS" starttime="20171117 15:23:16.317" endtime="20171117 15:23:16.318"></status>
</kw>
<kw name="GetListofVerbs">
<arguments>
<arg>${apiVerbs}</arg>
<arg>${apiName}</arg>
</arguments>
<kw name="${verb} IN [ @{apiVerbs} ]" type="for">
<kw name="${verb} = get" type="foritem">
<kw name="runTest">
<arguments>
<arg>${apiName}</arg>
</arguments>
<kw name="Create Session" library="RequestsLibrary">
<doc>Create Session: create a HTTP session to a server</doc>
<arguments>
<arg>kubernetes</arg>
<arg>${API_ENDPOINT}</arg>
</arguments>
<msg timestamp="20171117 15:23:16.319" level="INFO">Creating Session using : alias=kubernetes, url=http://127.0.0.1:8080, headers={},                     cookies=None, auth=None, timeout=None, proxies=None, verify=False,                     debug=0 </msg>
<status status="PASS" starttime="20171117 15:23:16.319" endtime="20171117 15:23:16.320"></status>
</kw>
<kw name="Get Request" library="RequestsLibrary">
<doc>Send a GET request on the session object found using the</doc>
<arguments>
<arg>kubernetes</arg>
<arg>/api/v1/${apiName}</arg>
</arguments>
<assign>
<var>${resp}</var>
</assign>
<msg timestamp="20171117 15:23:16.325" level="INFO">Get Request using : alias=kubernetes, uri=/api/v1/componentstatuses, headers=None json=None</msg>
<msg timestamp="20171117 15:23:16.326" level="INFO">${resp} = &lt;Response [200]&gt;</msg>
<status status="PASS" starttime="20171117 15:23:16.320" endtime="20171117 15:23:16.326"></status>
</kw>
<status status="PASS" starttime="20171117 15:23:16.319" endtime="20171117 15:23:16.326"></status>
</kw>
<status status="PASS" starttime="20171117 15:23:16.318" endtime="20171117 15:23:16.326"></status>
</kw>
<kw name="${verb} = list" type="foritem">
<kw name="runTest">
<arguments>
<arg>${apiName}</arg>
</arguments>
<kw name="Create Session" library="RequestsLibrary">
<doc>Create Session: create a HTTP session to a server</doc>
<arguments>
<arg>kubernetes</arg>
<arg>${API_ENDPOINT}</arg>
</arguments>
<msg timestamp="20171117 15:23:16.327" level="INFO">Creating Session using : alias=kubernetes, url=http://127.0.0.1:8080, headers={},                     cookies=None, auth=None, timeout=None, proxies=None, verify=False,                     debug=0 </msg>
<status status="PASS" starttime="20171117 15:23:16.327" endtime="20171117 15:23:16.327"></status>
</kw>
<kw name="Get Request" library="RequestsLibrary">
<doc>Send a GET request on the session object found using the</doc>
<arguments>
<arg>kubernetes</arg>
<arg>/api/v1/${apiName}</arg>
</arguments>
<assign>
<var>${resp}</var>
</assign>
<msg timestamp="20171117 15:23:16.333" level="INFO">Get Request using : alias=kubernetes, uri=/api/v1/componentstatuses, headers=None json=None</msg>
<msg timestamp="20171117 15:23:16.334" level="INFO">${resp} = &lt;Response [200]&gt;</msg>
<status status="PASS" starttime="20171117 15:23:16.328" endtime="20171117 15:23:16.334"></status>
</kw>
<status status="PASS" starttime="20171117 15:23:16.326" endtime="20171117 15:23:16.334"></status>
</kw>
<status status="PASS" starttime="20171117 15:23:16.326" endtime="20171117 15:23:16.334"></status>
</kw>
<status status="PASS" starttime="20171117 15:23:16.318" endtime="20171117 15:23:16.334"></status>
</kw>
<status status="PASS" starttime="20171117 15:23:16.318" endtime="20171117 15:23:16.334"></status>
</kw>
<status status="PASS" starttime="20171117 15:23:16.315" endtime="20171117 15:23:16.334"></status>
</kw>
<kw name="${apiDict} = {'name': 'configmaps', 'singularName': '', 'namespaced': True, 'kind': 'ConfigMap', 'verbs': ['create', 'delete', 'deletecollection', 'get', 'list', 'patch', 'update', 'watch'], 'shortNames': ['cm']}" type="foritem">
<kw name="Get From Dictionary" library="Collections">
<doc>Returns a value from the given ``dictionary`` based on the given ``key``.</doc>
<arguments>
<arg>${apiDict}</arg>
<arg>name</arg>
</arguments>
<assign>
<var>${apiName}</var>
</assign>
<msg timestamp="20171117 15:23:16.335" level="INFO">${apiName} = configmaps</msg>
<status status="PASS" starttime="20171117 15:23:16.335" endtime="20171117 15:23:16.335"></status>
</kw>
<kw name="List Should Contain Value" library="Collections">
<doc>Fails if the ``value`` is not found from ``list``.</doc>
<arguments>
<arg>${apiDict}</arg>
<arg>verbs</arg>
</arguments>
<status status="PASS" starttime="20171117 15:23:16.335" endtime="20171117 15:23:16.336"></status>
</kw>
<kw name="Get From Dictionary" library="Collections">
<doc>Returns a value from the given ``dictionary`` based on the given ``key``.</doc>
<arguments>
<arg>${apiDict}</arg>
<arg>verbs</arg>
</arguments>
<assign>
<var>${apiVerbs}</var>
</assign>
<msg timestamp="20171117 15:23:16.336" level="INFO">${apiVerbs} = ['create', 'delete', 'deletecollection', 'get', 'list', 'patch', 'update', 'watch']</msg>
<status status="PASS" starttime="20171117 15:23:16.336" endtime="20171117 15:23:16.336"></status>
</kw>
<kw name="Log List" library="Collections">
<doc>Logs the length and contents of the ``list`` using given ``level``.</doc>
<arguments>
<arg>${apiVerbs}</arg>
</arguments>
<msg timestamp="20171117 15:23:16.337" level="INFO">List length is 8 and it contains following items:
0: create
1: delete
2: deletecollection
3: get
4: list
5: patch
6: update
7: watch</msg>
<status status="PASS" starttime="20171117 15:23:16.336" endtime="20171117 15:23:16.337"></status>
</kw>
<kw name="GetListofVerbs">
<arguments>
<arg>${apiVerbs}</arg>
<arg>${apiName}</arg>
</arguments>
<kw name="${verb} IN [ @{apiVerbs} ]" type="for">
<kw name="${verb} = create" type="foritem">
<kw name="runTest">
<arguments>
<arg>${apiName}</arg>
</arguments>
<kw name="Create Session" library="RequestsLibrary">
<doc>Create Session: create a HTTP session to a server</doc>
<arguments>
<arg>kubernetes</arg>
<arg>${API_ENDPOINT}</arg>
</arguments>
<msg timestamp="20171117 15:23:16.339" level="INFO">Creating Session using : alias=kubernetes, url=http://127.0.0.1:8080, headers={},                     cookies=None, auth=None, timeout=None, proxies=None, verify=False,                     debug=0 </msg>
<status status="PASS" starttime="20171117 15:23:16.338" endtime="20171117 15:23:16.339"></status>
</kw>
<kw name="Get Request" library="RequestsLibrary">
<doc>Send a GET request on the session object found using the</doc>
<arguments>
<arg>kubernetes</arg>
<arg>/api/v1/${apiName}</arg>
</arguments>
<assign>
<var>${resp}</var>
</assign>
<msg timestamp="20171117 15:23:16.346" level="INFO">Get Request using : alias=kubernetes, uri=/api/v1/configmaps, headers=None json=None</msg>
<msg timestamp="20171117 15:23:16.346" level="INFO">${resp} = &lt;Response [200]&gt;</msg>
<status status="PASS" starttime="20171117 15:23:16.339" endtime="20171117 15:23:16.346"></status>
</kw>
<status status="PASS" starttime="20171117 15:23:16.338" endtime="20171117 15:23:16.346"></status>
</kw>
<status status="PASS" starttime="20171117 15:23:16.338" endtime="20171117 15:23:16.346"></status>
</kw>
<kw name="${verb} = delete" type="foritem">
<kw name="runTest">
<arguments>
<arg>${apiName}</arg>
</arguments>
<kw name="Create Session" library="RequestsLibrary">
<doc>Create Session: create a HTTP session to a server</doc>
<arguments>
<arg>kubernetes</arg>
<arg>${API_ENDPOINT}</arg>
</arguments>
<msg timestamp="20171117 15:23:16.347" level="INFO">Creating Session using : alias=kubernetes, url=http://127.0.0.1:8080, headers={},                     cookies=None, auth=None, timeout=None, proxies=None, verify=False,                     debug=0 </msg>
<status status="PASS" starttime="20171117 15:23:16.347" endtime="20171117 15:23:16.348"></status>
</kw>
<kw name="Get Request" library="RequestsLibrary">
<doc>Send a GET request on the session object found using the</doc>
<arguments>
<arg>kubernetes</arg>
<arg>/api/v1/${apiName}</arg>
</arguments>
<assign>
<var>${resp}</var>
</assign>
<msg timestamp="20171117 15:23:16.352" level="INFO">Get Request using : alias=kubernetes, uri=/api/v1/configmaps, headers=None json=None</msg>
<msg timestamp="20171117 15:23:16.353" level="INFO">${resp} = &lt;Response [200]&gt;</msg>
<status status="PASS" starttime="20171117 15:23:16.348" endtime="20171117 15:23:16.353"></status>
</kw>
<status status="PASS" starttime="20171117 15:23:16.346" endtime="20171117 15:23:16.353"></status>
</kw>
<status status="PASS" starttime="20171117 15:23:16.346" endtime="20171117 15:23:16.353"></status>
</kw>
<kw name="${verb} = deletecollection" type="foritem">
<kw name="runTest">
<arguments>
<arg>${apiName}</arg>
</arguments>
<kw name="Create Session" library="RequestsLibrary">
<doc>Create Session: create a HTTP session to a server</doc>
<arguments>
<arg>kubernetes</arg>
<arg>${API_ENDPOINT}</arg>
</arguments>
<msg timestamp="20171117 15:23:16.354" level="INFO">Creating Session using : alias=kubernetes, url=http://127.0.0.1:8080, headers={},                     cookies=None, auth=None, timeout=None, proxies=None, verify=False,                     debug=0 </msg>
<status status="PASS" starttime="20171117 15:23:16.354" endtime="20171117 15:23:16.354"></status>
</kw>
<kw name="Get Request" library="RequestsLibrary">
<doc>Send a GET request on the session object found using the</doc>
<arguments>
<arg>kubernetes</arg>
<arg>/api/v1/${apiName}</arg>
</arguments>
<assign>
<var>${resp}</var>
</assign>
<msg timestamp="20171117 15:23:16.359" level="INFO">Get Request using : alias=kubernetes, uri=/api/v1/configmaps, headers=None json=None</msg>
<msg timestamp="20171117 15:23:16.359" level="INFO">${resp} = &lt;Response [200]&gt;</msg>
<status status="PASS" starttime="20171117 15:23:16.355" endtime="20171117 15:23:16.359"></status>
</kw>
<status status="PASS" starttime="20171117 15:23:16.353" endtime="20171117 15:23:16.360"></status>
</kw>
<status status="PASS" starttime="20171117 15:23:16.353" endtime="20171117 15:23:16.360"></status>
</kw>
<kw name="${verb} = get" type="foritem">
<kw name="runTest">
<arguments>
<arg>${apiName}</arg>
</arguments>
<kw name="Create Session" library="RequestsLibrary">
<doc>Create Session: create a HTTP session to a server</doc>
<arguments>
<arg>kubernetes</arg>
<arg>${API_ENDPOINT}</arg>
</arguments>
<msg timestamp="20171117 15:23:16.361" level="INFO">Creating Session using : alias=kubernetes, url=http://127.0.0.1:8080, headers={},                     cookies=None, auth=None, timeout=None, proxies=None, verify=False,                     debug=0 </msg>
<status status="PASS" starttime="20171117 15:23:16.360" endtime="20171117 15:23:16.361"></status>
</kw>
<kw name="Get Request" library="RequestsLibrary">
<doc>Send a GET request on the session object found using the</doc>
<arguments>
<arg>kubernetes</arg>
<arg>/api/v1/${apiName}</arg>
</arguments>
<assign>
<var>${resp}</var>
</assign>
<msg timestamp="20171117 15:23:16.366" level="INFO">Get Request using : alias=kubernetes, uri=/api/v1/configmaps, headers=None json=None</msg>
<msg timestamp="20171117 15:23:16.366" level="INFO">${resp} = &lt;Response [200]&gt;</msg>
<status status="PASS" starttime="20171117 15:23:16.361" endtime="20171117 15:23:16.366"></status>
</kw>
<status status="PASS" starttime="20171117 15:23:16.360" endtime="20171117 15:23:16.366"></status>
</kw>
<status status="PASS" starttime="20171117 15:23:16.360" endtime="20171117 15:23:16.366"></status>
</kw>
<kw name="${verb} = list" type="foritem">
<kw name="runTest">
<arguments>
<arg>${apiName}</arg>
</arguments>
<kw name="Create Session" library="RequestsLibrary">
<doc>Create Session: create a HTTP session to a server</doc>
<arguments>
<arg>kubernetes</arg>
<arg>${API_ENDPOINT}</arg>
</arguments>
<msg timestamp="20171117 15:23:16.367" level="INFO">Creating Session using : alias=kubernetes, url=http://127.0.0.1:8080, headers={},                     cookies=None, auth=None, timeout=None, proxies=None, verify=False,                     debug=0 </msg>
<status status="PASS" starttime="20171117 15:23:16.367" endtime="20171117 15:23:16.368"></status>
</kw>
<kw name="Get Request" library="RequestsLibrary">
<doc>Send a GET request on the session object found using the</doc>
<arguments>
<arg>kubernetes</arg>
<arg>/api/v1/${apiName}</arg>
</arguments>
<assign>
<var>${resp}</var>
</assign>
<msg timestamp="20171117 15:23:16.372" level="INFO">Get Request using : alias=kubernetes, uri=/api/v1/configmaps, headers=None json=None</msg>
<msg timestamp="20171117 15:23:16.372" level="INFO">${resp} = &lt;Response [200]&gt;</msg>
<status status="PASS" starttime="20171117 15:23:16.368" endtime="20171117 15:23:16.372"></status>
</kw>
<status status="PASS" starttime="20171117 15:23:16.366" endtime="20171117 15:23:16.373"></status>
</kw>
<status status="PASS" starttime="20171117 15:23:16.366" endtime="20171117 15:23:16.373"></status>
</kw>
<kw name="${verb} = patch" type="foritem">
<kw name="runTest">
<arguments>
<arg>${apiName}</arg>
</arguments>
<kw name="Create Session" library="RequestsLibrary">
<doc>Create Session: create a HTTP session to a server</doc>
<arguments>
<arg>kubernetes</arg>
<arg>${API_ENDPOINT}</arg>
</arguments>
<msg timestamp="20171117 15:23:16.374" level="INFO">Creating Session using : alias=kubernetes, url=http://127.0.0.1:8080, headers={},                     cookies=None, auth=None, timeout=None, proxies=None, verify=False,                     debug=0 </msg>
<status status="PASS" starttime="20171117 15:23:16.373" endtime="20171117 15:23:16.374"></status>
</kw>
<kw name="Get Request" library="RequestsLibrary">
<doc>Send a GET request on the session object found using the</doc>
<arguments>
<arg>kubernetes</arg>
<arg>/api/v1/${apiName}</arg>
</arguments>
<assign>
<var>${resp}</var>
</assign>
<msg timestamp="20171117 15:23:16.379" level="INFO">Get Request using : alias=kubernetes, uri=/api/v1/configmaps, headers=None json=None</msg>
<msg timestamp="20171117 15:23:16.379" level="INFO">${resp} = &lt;Response [200]&gt;</msg>
<status status="PASS" starttime="20171117 15:23:16.374" endtime="20171117 15:23:16.379"></status>
</kw>
<status status="PASS" starttime="20171117 15:23:16.373" endtime="20171117 15:23:16.380"></status>
</kw>
<status status="PASS" starttime="20171117 15:23:16.373" endtime="20171117 15:23:16.380"></status>
</kw>
<kw name="${verb} = update" type="foritem">
<kw name="runTest">
<arguments>
<arg>${apiName}</arg>
</arguments>
<kw name="Create Session" library="RequestsLibrary">
<doc>Create Session: create a HTTP session to a server</doc>
<arguments>
<arg>kubernetes</arg>
<arg>${API_ENDPOINT}</arg>
</arguments>
<msg timestamp="20171117 15:23:16.381" level="INFO">Creating Session using : alias=kubernetes, url=http://127.0.0.1:8080, headers={},                     cookies=None, auth=None, timeout=None, proxies=None, verify=False,                     debug=0 </msg>
<status status="PASS" starttime="20171117 15:23:16.380" endtime="20171117 15:23:16.381"></status>
</kw>
<kw name="Get Request" library="RequestsLibrary">
<doc>Send a GET request on the session object found using the</doc>
<arguments>
<arg>kubernetes</arg>
<arg>/api/v1/${apiName}</arg>
</arguments>
<assign>
<var>${resp}</var>
</assign>
<msg timestamp="20171117 15:23:16.385" level="INFO">Get Request using : alias=kubernetes, uri=/api/v1/configmaps, headers=None json=None</msg>
<msg timestamp="20171117 15:23:16.385" level="INFO">${resp} = &lt;Response [200]&gt;</msg>
<status status="PASS" starttime="20171117 15:23:16.381" endtime="20171117 15:23:16.385"></status>
</kw>
<status status="PASS" starttime="20171117 15:23:16.380" endtime="20171117 15:23:16.386"></status>
</kw>
<status status="PASS" starttime="20171117 15:23:16.380" endtime="20171117 15:23:16.386"></status>
</kw>
<kw name="${verb} = watch" type="foritem">
<kw name="runTest">
<arguments>
<arg>${apiName}</arg>
</arguments>
<kw name="Create Session" library="RequestsLibrary">
<doc>Create Session: create a HTTP session to a server</doc>
<arguments>
<arg>kubernetes</arg>
<arg>${API_ENDPOINT}</arg>
</arguments>
<msg timestamp="20171117 15:23:16.387" level="INFO">Creating Session using : alias=kubernetes, url=http://127.0.0.1:8080, headers={},                     cookies=None, auth=None, timeout=None, proxies=None, verify=False,                     debug=0 </msg>
<status status="PASS" starttime="20171117 15:23:16.386" endtime="20171117 15:23:16.387"></status>
</kw>
<kw name="Get Request" library="RequestsLibrary">
<doc>Send a GET request on the session object found using the</doc>
<arguments>
<arg>kubernetes</arg>
<arg>/api/v1/${apiName}</arg>
</arguments>
<assign>
<var>${resp}</var>
</assign>
<msg timestamp="20171117 15:23:16.392" level="INFO">Get Request using : alias=kubernetes, uri=/api/v1/configmaps, headers=None json=None</msg>
<msg timestamp="20171117 15:23:16.392" level="INFO">${resp} = &lt;Response [200]&gt;</msg>
<status status="PASS" starttime="20171117 15:23:16.387" endtime="20171117 15:23:16.392"></status>
</kw>
<status status="PASS" starttime="20171117 15:23:16.386" endtime="20171117 15:23:16.392"></status>
</kw>
<status status="PASS" starttime="20171117 15:23:16.386" endtime="20171117 15:23:16.392"></status>
</kw>
<status status="PASS" starttime="20171117 15:23:16.337" endtime="20171117 15:23:16.392"></status>
</kw>
<status status="PASS" starttime="20171117 15:23:16.337" endtime="20171117 15:23:16.392"></status>
</kw>
<status status="PASS" starttime="20171117 15:23:16.334" endtime="20171117 15:23:16.392"></status>
</kw>
<kw name="${apiDict} = {'name': 'endpoints', 'singularName': '', 'namespaced': True, 'kind': 'Endpoints', 'verbs': ['create', 'delete', 'deletecollection', 'get', 'list', 'patch', 'update', 'watch'], 'shortNames': ['ep']}" type="foritem">
<kw name="Get From Dictionary" library="Collections">
<doc>Returns a value from the given ``dictionary`` based on the given ``key``.</doc>
<arguments>
<arg>${apiDict}</arg>
<arg>name</arg>
</arguments>
<assign>
<var>${apiName}</var>
</assign>
<msg timestamp="20171117 15:23:16.393" level="INFO">${apiName} = endpoints</msg>
<status status="PASS" starttime="20171117 15:23:16.393" endtime="20171117 15:23:16.393"></status>
</kw>
<kw name="List Should Contain Value" library="Collections">
<doc>Fails if the ``value`` is not found from ``list``.</doc>
<arguments>
<arg>${apiDict}</arg>
<arg>verbs</arg>
</arguments>
<status status="PASS" starttime="20171117 15:23:16.393" endtime="20171117 15:23:16.394"></status>
</kw>
<kw name="Get From Dictionary" library="Collections">
<doc>Returns a value from the given ``dictionary`` based on the given ``key``.</doc>
<arguments>
<arg>${apiDict}</arg>
<arg>verbs</arg>
</arguments>
<assign>
<var>${apiVerbs}</var>
</assign>
<msg timestamp="20171117 15:23:16.394" level="INFO">${apiVerbs} = ['create', 'delete', 'deletecollection', 'get', 'list', 'patch', 'update', 'watch']</msg>
<status status="PASS" starttime="20171117 15:23:16.394" endtime="20171117 15:23:16.394"></status>
</kw>
<kw name="Log List" library="Collections">
<doc>Logs the length and contents of the ``list`` using given ``level``.</doc>
<arguments>
<arg>${apiVerbs}</arg>
</arguments>
<msg timestamp="20171117 15:23:16.395" level="INFO">List length is 8 and it contains following items:
0: create
1: delete
2: deletecollection
3: get
4: list
5: patch
6: update
7: watch</msg>
<status status="PASS" starttime="20171117 15:23:16.395" endtime="20171117 15:23:16.395"></status>
</kw>
<kw name="GetListofVerbs">
<arguments>
<arg>${apiVerbs}</arg>
<arg>${apiName}</arg>
</arguments>
<kw name="${verb} IN [ @{apiVerbs} ]" type="for">
<kw name="${verb} = create" type="foritem">
<kw name="runTest">
<arguments>
<arg>${apiName}</arg>
</arguments>
<kw name="Create Session" library="RequestsLibrary">
<doc>Create Session: create a HTTP session to a server</doc>
<arguments>
<arg>kubernetes</arg>
<arg>${API_ENDPOINT}</arg>
</arguments>
<msg timestamp="20171117 15:23:16.397" level="INFO">Creating Session using : alias=kubernetes, url=http://127.0.0.1:8080, headers={},                     cookies=None, auth=None, timeout=None, proxies=None, verify=False,                     debug=0 </msg>
<status status="PASS" starttime="20171117 15:23:16.396" endtime="20171117 15:23:16.397"></status>
</kw>
<kw name="Get Request" library="RequestsLibrary">
<doc>Send a GET request on the session object found using the</doc>
<arguments>
<arg>kubernetes</arg>
<arg>/api/v1/${apiName}</arg>
</arguments>
<assign>
<var>${resp}</var>
</assign>
<msg timestamp="20171117 15:23:16.402" level="INFO">Get Request using : alias=kubernetes, uri=/api/v1/endpoints, headers=None json=None</msg>
<msg timestamp="20171117 15:23:16.402" level="INFO">${resp} = &lt;Response [200]&gt;</msg>
<status status="PASS" starttime="20171117 15:23:16.397" endtime="20171117 15:23:16.402"></status>
</kw>
<status status="PASS" starttime="20171117 15:23:16.396" endtime="20171117 15:23:16.402"></status>
</kw>
<status status="PASS" starttime="20171117 15:23:16.396" endtime="20171117 15:23:16.403"></status>
</kw>
<kw name="${verb} = delete" type="foritem">
<kw name="runTest">
<arguments>
<arg>${apiName}</arg>
</arguments>
<kw name="Create Session" library="RequestsLibrary">
<doc>Create Session: create a HTTP session to a server</doc>
<arguments>
<arg>kubernetes</arg>
<arg>${API_ENDPOINT}</arg>
</arguments>
<msg timestamp="20171117 15:23:16.404" level="INFO">Creating Session using : alias=kubernetes, url=http://127.0.0.1:8080, headers={},                     cookies=None, auth=None, timeout=None, proxies=None, verify=False,                     debug=0 </msg>
<status status="PASS" starttime="20171117 15:23:16.403" endtime="20171117 15:23:16.404"></status>
</kw>
<kw name="Get Request" library="RequestsLibrary">
<doc>Send a GET request on the session object found using the</doc>
<arguments>
<arg>kubernetes</arg>
<arg>/api/v1/${apiName}</arg>
</arguments>
<assign>
<var>${resp}</var>
</assign>
<msg timestamp="20171117 15:23:16.409" level="INFO">Get Request using : alias=kubernetes, uri=/api/v1/endpoints, headers=None json=None</msg>
<msg timestamp="20171117 15:23:16.409" level="INFO">${resp} = &lt;Response [200]&gt;</msg>
<status status="PASS" starttime="20171117 15:23:16.404" endtime="20171117 15:23:16.409"></status>
</kw>
<status status="PASS" starttime="20171117 15:23:16.403" endtime="20171117 15:23:16.409"></status>
</kw>
<status status="PASS" starttime="20171117 15:23:16.403" endtime="20171117 15:23:16.409"></status>
</kw>
<kw name="${verb} = deletecollection" type="foritem">
<kw name="runTest">
<arguments>
<arg>${apiName}</arg>
</arguments>
<kw name="Create Session" library="RequestsLibrary">
<doc>Create Session: create a HTTP session to a server</doc>
<arguments>
<arg>kubernetes</arg>
<arg>${API_ENDPOINT}</arg>
</arguments>
<msg timestamp="20171117 15:23:16.410" level="INFO">Creating Session using : alias=kubernetes, url=http://127.0.0.1:8080, headers={},                     cookies=None, auth=None, timeout=None, proxies=None, verify=False,                     debug=0 </msg>
<status status="PASS" starttime="20171117 15:23:16.410" endtime="20171117 15:23:16.411"></status>
</kw>
<kw name="Get Request" library="RequestsLibrary">
<doc>Send a GET request on the session object found using the</doc>
<arguments>
<arg>kubernetes</arg>
<arg>/api/v1/${apiName}</arg>
</arguments>
<assign>
<var>${resp}</var>
</assign>
<msg timestamp="20171117 15:23:16.415" level="INFO">Get Request using : alias=kubernetes, uri=/api/v1/endpoints, headers=None json=None</msg>
<msg timestamp="20171117 15:23:16.415" level="INFO">${resp} = &lt;Response [200]&gt;</msg>
<status status="PASS" starttime="20171117 15:23:16.411" endtime="20171117 15:23:16.415"></status>
</kw>
<status status="PASS" starttime="20171117 15:23:16.409" endtime="20171117 15:23:16.415"></status>
</kw>
<status status="PASS" starttime="20171117 15:23:16.409" endtime="20171117 15:23:16.415"></status>
</kw>
<kw name="${verb} = get" type="foritem">
<kw name="runTest">
<arguments>
<arg>${apiName}</arg>
</arguments>
<kw name="Create Session" library="RequestsLibrary">
<doc>Create Session: create a HTTP session to a server</doc>
<arguments>
<arg>kubernetes</arg>
<arg>${API_ENDPOINT}</arg>
</arguments>
<msg timestamp="20171117 15:23:16.416" level="INFO">Creating Session using : alias=kubernetes, url=http://127.0.0.1:8080, headers={},                     cookies=None, auth=None, timeout=None, proxies=None, verify=False,                     debug=0 </msg>
<status status="PASS" starttime="20171117 15:23:16.416" endtime="20171117 15:23:16.417"></status>
</kw>
<kw name="Get Request" library="RequestsLibrary">
<doc>Send a GET request on the session object found using the</doc>
<arguments>
<arg>kubernetes</arg>
<arg>/api/v1/${apiName}</arg>
</arguments>
<assign>
<var>${resp}</var>
</assign>
<msg timestamp="20171117 15:23:16.421" level="INFO">Get Request using : alias=kubernetes, uri=/api/v1/endpoints, headers=None json=None</msg>
<msg timestamp="20171117 15:23:16.422" level="INFO">${resp} = &lt;Response [200]&gt;</msg>
<status status="PASS" starttime="20171117 15:23:16.417" endtime="20171117 15:23:16.422"></status>
</kw>
<status status="PASS" starttime="20171117 15:23:16.416" endtime="20171117 15:23:16.422"></status>
</kw>
<status status="PASS" starttime="20171117 15:23:16.415" endtime="20171117 15:23:16.422"></status>
</kw>
<kw name="${verb} = list" type="foritem">
<kw name="runTest">
<arguments>
<arg>${apiName}</arg>
</arguments>
<kw name="Create Session" library="RequestsLibrary">
<doc>Create Session: create a HTTP session to a server</doc>
<arguments>
<arg>kubernetes</arg>
<arg>${API_ENDPOINT}</arg>
</arguments>
<msg timestamp="20171117 15:23:16.423" level="INFO">Creating Session using : alias=kubernetes, url=http://127.0.0.1:8080, headers={},                     cookies=None, auth=None, timeout=None, proxies=None, verify=False,                     debug=0 </msg>
<status status="PASS" starttime="20171117 15:23:16.423" endtime="20171117 15:23:16.424"></status>
</kw>
<kw name="Get Request" library="RequestsLibrary">
<doc>Send a GET request on the session object found using the</doc>
<arguments>
<arg>kubernetes</arg>
<arg>/api/v1/${apiName}</arg>
</arguments>
<assign>
<var>${resp}</var>
</assign>
<msg timestamp="20171117 15:23:16.429" level="INFO">Get Request using : alias=kubernetes, uri=/api/v1/endpoints, headers=None json=None</msg>
<msg timestamp="20171117 15:23:16.429" level="INFO">${resp} = &lt;Response [200]&gt;</msg>
<status status="PASS" starttime="20171117 15:23:16.424" endtime="20171117 15:23:16.429"></status>
</kw>
<status status="PASS" starttime="20171117 15:23:16.422" endtime="20171117 15:23:16.429"></status>
</kw>
<status status="PASS" starttime="20171117 15:23:16.422" endtime="20171117 15:23:16.429"></status>
</kw>
<kw name="${verb} = patch" type="foritem">
<kw name="runTest">
<arguments>
<arg>${apiName}</arg>
</arguments>
<kw name="Create Session" library="RequestsLibrary">
<doc>Create Session: create a HTTP session to a server</doc>
<arguments>
<arg>kubernetes</arg>
<arg>${API_ENDPOINT}</arg>
</arguments>
<msg timestamp="20171117 15:23:16.430" level="INFO">Creating Session using : alias=kubernetes, url=http://127.0.0.1:8080, headers={},                     cookies=None, auth=None, timeout=None, proxies=None, verify=False,                     debug=0 </msg>
<status status="PASS" starttime="20171117 15:23:16.430" endtime="20171117 15:23:16.431"></status>
</kw>
<kw name="Get Request" library="RequestsLibrary">
<doc>Send a GET request on the session object found using the</doc>
<arguments>
<arg>kubernetes</arg>
<arg>/api/v1/${apiName}</arg>
</arguments>
<assign>
<var>${resp}</var>
</assign>
<msg timestamp="20171117 15:23:16.436" level="INFO">Get Request using : alias=kubernetes, uri=/api/v1/endpoints, headers=None json=None</msg>
<msg timestamp="20171117 15:23:16.436" level="INFO">${resp} = &lt;Response [200]&gt;</msg>
<status status="PASS" starttime="20171117 15:23:16.431" endtime="20171117 15:23:16.436"></status>
</kw>
<status status="PASS" starttime="20171117 15:23:16.430" endtime="20171117 15:23:16.436"></status>
</kw>
<status status="PASS" starttime="20171117 15:23:16.429" endtime="20171117 15:23:16.436"></status>
</kw>
<kw name="${verb} = update" type="foritem">
<kw name="runTest">
<arguments>
<arg>${apiName}</arg>
</arguments>
<kw name="Create Session" library="RequestsLibrary">
<doc>Create Session: create a HTTP session to a server</doc>
<arguments>
<arg>kubernetes</arg>
<arg>${API_ENDPOINT}</arg>
</arguments>
<msg timestamp="20171117 15:23:16.437" level="INFO">Creating Session using : alias=kubernetes, url=http://127.0.0.1:8080, headers={},                     cookies=None, auth=None, timeout=None, proxies=None, verify=False,                     debug=0 </msg>
<status status="PASS" starttime="20171117 15:23:16.437" endtime="20171117 15:23:16.437"></status>
</kw>
<kw name="Get Request" library="RequestsLibrary">
<doc>Send a GET request on the session object found using the</doc>
<arguments>
<arg>kubernetes</arg>
<arg>/api/v1/${apiName}</arg>
</arguments>
<assign>
<var>${resp}</var>
</assign>
<msg timestamp="20171117 15:23:16.442" level="INFO">Get Request using : alias=kubernetes, uri=/api/v1/endpoints, headers=None json=None</msg>
<msg timestamp="20171117 15:23:16.442" level="INFO">${resp} = &lt;Response [200]&gt;</msg>
<status status="PASS" starttime="20171117 15:23:16.438" endtime="20171117 15:23:16.442"></status>
</kw>
<status status="PASS" starttime="20171117 15:23:16.436" endtime="20171117 15:23:16.442"></status>
</kw>
<status status="PASS" starttime="20171117 15:23:16.436" endtime="20171117 15:23:16.442"></status>
</kw>
<kw name="${verb} = watch" type="foritem">
<kw name="runTest">
<arguments>
<arg>${apiName}</arg>
</arguments>
<kw name="Create Session" library="RequestsLibrary">
<doc>Create Session: create a HTTP session to a server</doc>
<arguments>
<arg>kubernetes</arg>
<arg>${API_ENDPOINT}</arg>
</arguments>
<msg timestamp="20171117 15:23:16.443" level="INFO">Creating Session using : alias=kubernetes, url=http://127.0.0.1:8080, headers={},                     cookies=None, auth=None, timeout=None, proxies=None, verify=False,                     debug=0 </msg>
<status status="PASS" starttime="20171117 15:23:16.443" endtime="20171117 15:23:16.443"></status>
</kw>
<kw name="Get Request" library="RequestsLibrary">
<doc>Send a GET request on the session object found using the</doc>
<arguments>
<arg>kubernetes</arg>
<arg>/api/v1/${apiName}</arg>
</arguments>
<assign>
<var>${resp}</var>
</assign>
<msg timestamp="20171117 15:23:16.448" level="INFO">Get Request using : alias=kubernetes, uri=/api/v1/endpoints, headers=None json=None</msg>
<msg timestamp="20171117 15:23:16.448" level="INFO">${resp} = &lt;Response [200]&gt;</msg>
<status status="PASS" starttime="20171117 15:23:16.444" endtime="20171117 15:23:16.448"></status>
</kw>
<status status="PASS" starttime="20171117 15:23:16.442" endtime="20171117 15:23:16.449"></status>
</kw>
<status status="PASS" starttime="20171117 15:23:16.442" endtime="20171117 15:23:16.449"></status>
</kw>
<status status="PASS" starttime="20171117 15:23:16.395" endtime="20171117 15:23:16.449"></status>
</kw>
<status status="PASS" starttime="20171117 15:23:16.395" endtime="20171117 15:23:16.449"></status>
</kw>
<status status="PASS" starttime="20171117 15:23:16.393" endtime="20171117 15:23:16.449"></status>
</kw>
<kw name="${apiDict} = {'name': 'events', 'singularName': '', 'namespaced': True, 'kind': 'Event', 'verbs': ['create', 'delete', 'deletecollection', 'get', 'list', 'patch', 'update', 'watch'], 'shortNames': ['ev']}" type="foritem">
<kw name="Get From Dictionary" library="Collections">
<doc>Returns a value from the given ``dictionary`` based on the given ``key``.</doc>
<arguments>
<arg>${apiDict}</arg>
<arg>name</arg>
</arguments>
<assign>
<var>${apiName}</var>
</assign>
<msg timestamp="20171117 15:23:16.450" level="INFO">${apiName} = events</msg>
<status status="PASS" starttime="20171117 15:23:16.449" endtime="20171117 15:23:16.450"></status>
</kw>
<kw name="List Should Contain Value" library="Collections">
<doc>Fails if the ``value`` is not found from ``list``.</doc>
<arguments>
<arg>${apiDict}</arg>
<arg>verbs</arg>
</arguments>
<status status="PASS" starttime="20171117 15:23:16.450" endtime="20171117 15:23:16.450"></status>
</kw>
<kw name="Get From Dictionary" library="Collections">
<doc>Returns a value from the given ``dictionary`` based on the given ``key``.</doc>
<arguments>
<arg>${apiDict}</arg>
<arg>verbs</arg>
</arguments>
<assign>
<var>${apiVerbs}</var>
</assign>
<msg timestamp="20171117 15:23:16.451" level="INFO">${apiVerbs} = ['create', 'delete', 'deletecollection', 'get', 'list', 'patch', 'update', 'watch']</msg>
<status status="PASS" starttime="20171117 15:23:16.450" endtime="20171117 15:23:16.451"></status>
</kw>
<kw name="Log List" library="Collections">
<doc>Logs the length and contents of the ``list`` using given ``level``.</doc>
<arguments>
<arg>${apiVerbs}</arg>
</arguments>
<msg timestamp="20171117 15:23:16.451" level="INFO">List length is 8 and it contains following items:
0: create
1: delete
2: deletecollection
3: get
4: list
5: patch
6: update
7: watch</msg>
<status status="PASS" starttime="20171117 15:23:16.451" endtime="20171117 15:23:16.451"></status>
</kw>
<kw name="GetListofVerbs">
<arguments>
<arg>${apiVerbs}</arg>
<arg>${apiName}</arg>
</arguments>
<kw name="${verb} IN [ @{apiVerbs} ]" type="for">
<kw name="${verb} = create" type="foritem">
<kw name="runTest">
<arguments>
<arg>${apiName}</arg>
</arguments>
<kw name="Create Session" library="RequestsLibrary">
<doc>Create Session: create a HTTP session to a server</doc>
<arguments>
<arg>kubernetes</arg>
<arg>${API_ENDPOINT}</arg>
</arguments>
<msg timestamp="20171117 15:23:16.453" level="INFO">Creating Session using : alias=kubernetes, url=http://127.0.0.1:8080, headers={},                     cookies=None, auth=None, timeout=None, proxies=None, verify=False,                     debug=0 </msg>
<status status="PASS" starttime="20171117 15:23:16.453" endtime="20171117 15:23:16.453"></status>
</kw>
<kw name="Get Request" library="RequestsLibrary">
<doc>Send a GET request on the session object found using the</doc>
<arguments>
<arg>kubernetes</arg>
<arg>/api/v1/${apiName}</arg>
</arguments>
<assign>
<var>${resp}</var>
</assign>
<msg timestamp="20171117 15:23:16.458" level="INFO">Get Request using : alias=kubernetes, uri=/api/v1/events, headers=None json=None</msg>
<msg timestamp="20171117 15:23:16.458" level="INFO">${resp} = &lt;Response [200]&gt;</msg>
<status status="PASS" starttime="20171117 15:23:16.453" endtime="20171117 15:23:16.458"></status>
</kw>
<status status="PASS" starttime="20171117 15:23:16.452" endtime="20171117 15:23:16.459"></status>
</kw>
<status status="PASS" starttime="20171117 15:23:16.452" endtime="20171117 15:23:16.459"></status>
</kw>
<kw name="${verb} = delete" type="foritem">
<kw name="runTest">
<arguments>
<arg>${apiName}</arg>
</arguments>
<kw name="Create Session" library="RequestsLibrary">
<doc>Create Session: create a HTTP session to a server</doc>
<arguments>
<arg>kubernetes</arg>
<arg>${API_ENDPOINT}</arg>
</arguments>
<msg timestamp="20171117 15:23:16.460" level="INFO">Creating Session using : alias=kubernetes, url=http://127.0.0.1:8080, headers={},                     cookies=None, auth=None, timeout=None, proxies=None, verify=False,                     debug=0 </msg>
<status status="PASS" starttime="20171117 15:23:16.460" endtime="20171117 15:23:16.460"></status>
</kw>
<kw name="Get Request" library="RequestsLibrary">
<doc>Send a GET request on the session object found using the</doc>
<arguments>
<arg>kubernetes</arg>
<arg>/api/v1/${apiName}</arg>
</arguments>
<assign>
<var>${resp}</var>
</assign>
<msg timestamp="20171117 15:23:16.465" level="INFO">Get Request using : alias=kubernetes, uri=/api/v1/events, headers=None json=None</msg>
<msg timestamp="20171117 15:23:16.465" level="INFO">${resp} = &lt;Response [200]&gt;</msg>
<status status="PASS" starttime="20171117 15:23:16.460" endtime="20171117 15:23:16.465"></status>
</kw>
<status status="PASS" starttime="20171117 15:23:16.459" endtime="20171117 15:23:16.465"></status>
</kw>
<status status="PASS" starttime="20171117 15:23:16.459" endtime="20171117 15:23:16.465"></status>
</kw>
<kw name="${verb} = deletecollection" type="foritem">
<kw name="runTest">
<arguments>
<arg>${apiName}</arg>
</arguments>
<kw name="Create Session" library="RequestsLibrary">
<doc>Create Session: create a HTTP session to a server</doc>
<arguments>
<arg>kubernetes</arg>
<arg>${API_ENDPOINT}</arg>
</arguments>
<msg timestamp="20171117 15:23:16.466" level="INFO">Creating Session using : alias=kubernetes, url=http://127.0.0.1:8080, headers={},                     cookies=None, auth=None, timeout=None, proxies=None, verify=False,                     debug=0 </msg>
<status status="PASS" starttime="20171117 15:23:16.466" endtime="20171117 15:23:16.467"></status>
</kw>
<kw name="Get Request" library="RequestsLibrary">
<doc>Send a GET request on the session object found using the</doc>
<arguments>
<arg>kubernetes</arg>
<arg>/api/v1/${apiName}</arg>
</arguments>
<assign>
<var>${resp}</var>
</assign>
<msg timestamp="20171117 15:23:16.471" level="INFO">Get Request using : alias=kubernetes, uri=/api/v1/events, headers=None json=None</msg>
<msg timestamp="20171117 15:23:16.471" level="INFO">${resp} = &lt;Response [200]&gt;</msg>
<status status="PASS" starttime="20171117 15:23:16.467" endtime="20171117 15:23:16.471"></status>
</kw>
<status status="PASS" starttime="20171117 15:23:16.465" endtime="20171117 15:23:16.472"></status>
</kw>
<status status="PASS" starttime="20171117 15:23:16.465" endtime="20171117 15:23:16.472"></status>
</kw>
<kw name="${verb} = get" type="foritem">
<kw name="runTest">
<arguments>
<arg>${apiName}</arg>
</arguments>
<kw name="Create Session" library="RequestsLibrary">
<doc>Create Session: create a HTTP session to a server</doc>
<arguments>
<arg>kubernetes</arg>
<arg>${API_ENDPOINT}</arg>
</arguments>
<msg timestamp="20171117 15:23:16.473" level="INFO">Creating Session using : alias=kubernetes, url=http://127.0.0.1:8080, headers={},                     cookies=None, auth=None, timeout=None, proxies=None, verify=False,                     debug=0 </msg>
<status status="PASS" starttime="20171117 15:23:16.472" endtime="20171117 15:23:16.473"></status>
</kw>
<kw name="Get Request" library="RequestsLibrary">
<doc>Send a GET request on the session object found using the</doc>
<arguments>
<arg>kubernetes</arg>
<arg>/api/v1/${apiName}</arg>
</arguments>
<assign>
<var>${resp}</var>
</assign>
<msg timestamp="20171117 15:23:16.477" level="INFO">Get Request using : alias=kubernetes, uri=/api/v1/events, headers=None json=None</msg>
<msg timestamp="20171117 15:23:16.478" level="INFO">${resp} = &lt;Response [200]&gt;</msg>
<status status="PASS" starttime="20171117 15:23:16.473" endtime="20171117 15:23:16.478"></status>
</kw>
<status status="PASS" starttime="20171117 15:23:16.472" endtime="20171117 15:23:16.478"></status>
</kw>
<status status="PASS" starttime="20171117 15:23:16.472" endtime="20171117 15:23:16.478"></status>
</kw>
<kw name="${verb} = list" type="foritem">
<kw name="runTest">
<arguments>
<arg>${apiName}</arg>
</arguments>
<kw name="Create Session" library="RequestsLibrary">
<doc>Create Session: create a HTTP session to a server</doc>
<arguments>
<arg>kubernetes</arg>
<arg>${API_ENDPOINT}</arg>
</arguments>
<msg timestamp="20171117 15:23:16.479" level="INFO">Creating Session using : alias=kubernetes, url=http://127.0.0.1:8080, headers={},                     cookies=None, auth=None, timeout=None, proxies=None, verify=False,                     debug=0 </msg>
<status status="PASS" starttime="20171117 15:23:16.479" endtime="20171117 15:23:16.480"></status>
</kw>
<kw name="Get Request" library="RequestsLibrary">
<doc>Send a GET request on the session object found using the</doc>
<arguments>
<arg>kubernetes</arg>
<arg>/api/v1/${apiName}</arg>
</arguments>
<assign>
<var>${resp}</var>
</assign>
<msg timestamp="20171117 15:23:16.485" level="INFO">Get Request using : alias=kubernetes, uri=/api/v1/events, headers=None json=None</msg>
<msg timestamp="20171117 15:23:16.485" level="INFO">${resp} = &lt;Response [200]&gt;</msg>
<status status="PASS" starttime="20171117 15:23:16.480" endtime="20171117 15:23:16.485"></status>
</kw>
<status status="PASS" starttime="20171117 15:23:16.478" endtime="20171117 15:23:16.485"></status>
</kw>
<status status="PASS" starttime="20171117 15:23:16.478" endtime="20171117 15:23:16.485"></status>
</kw>
<kw name="${verb} = patch" type="foritem">
<kw name="runTest">
<arguments>
<arg>${apiName}</arg>
</arguments>
<kw name="Create Session" library="RequestsLibrary">
<doc>Create Session: create a HTTP session to a server</doc>
<arguments>
<arg>kubernetes</arg>
<arg>${API_ENDPOINT}</arg>
</arguments>
<msg timestamp="20171117 15:23:16.486" level="INFO">Creating Session using : alias=kubernetes, url=http://127.0.0.1:8080, headers={},                     cookies=None, auth=None, timeout=None, proxies=None, verify=False,                     debug=0 </msg>
<status status="PASS" starttime="20171117 15:23:16.486" endtime="20171117 15:23:16.487"></status>
</kw>
<kw name="Get Request" library="RequestsLibrary">
<doc>Send a GET request on the session object found using the</doc>
<arguments>
<arg>kubernetes</arg>
<arg>/api/v1/${apiName}</arg>
</arguments>
<assign>
<var>${resp}</var>
</assign>
<msg timestamp="20171117 15:23:16.491" level="INFO">Get Request using : alias=kubernetes, uri=/api/v1/events, headers=None json=None</msg>
<msg timestamp="20171117 15:23:16.491" level="INFO">${resp} = &lt;Response [200]&gt;</msg>
<status status="PASS" starttime="20171117 15:23:16.487" endtime="20171117 15:23:16.491"></status>
</kw>
<status status="PASS" starttime="20171117 15:23:16.485" endtime="20171117 15:23:16.491"></status>
</kw>
<status status="PASS" starttime="20171117 15:23:16.485" endtime="20171117 15:23:16.491"></status>
</kw>
<kw name="${verb} = update" type="foritem">
<kw name="runTest">
<arguments>
<arg>${apiName}</arg>
</arguments>
<kw name="Create Session" library="RequestsLibrary">
<doc>Create Session: create a HTTP session to a server</doc>
<arguments>
<arg>kubernetes</arg>
<arg>${API_ENDPOINT}</arg>
</arguments>
<msg timestamp="20171117 15:23:16.492" level="INFO">Creating Session using : alias=kubernetes, url=http://127.0.0.1:8080, headers={},                     cookies=None, auth=None, timeout=None, proxies=None, verify=False,                     debug=0 </msg>
<status status="PASS" starttime="20171117 15:23:16.492" endtime="20171117 15:23:16.493"></status>
</kw>
<kw name="Get Request" library="RequestsLibrary">
<doc>Send a GET request on the session object found using the</doc>
<arguments>
<arg>kubernetes</arg>
<arg>/api/v1/${apiName}</arg>
</arguments>
<assign>
<var>${resp}</var>
</assign>
<msg timestamp="20171117 15:23:16.497" level="INFO">Get Request using : alias=kubernetes, uri=/api/v1/events, headers=None json=None</msg>
<msg timestamp="20171117 15:23:16.497" level="INFO">${resp} = &lt;Response [200]&gt;</msg>
<status status="PASS" starttime="20171117 15:23:16.493" endtime="20171117 15:23:16.497"></status>
</kw>
<status status="PASS" starttime="20171117 15:23:16.492" endtime="20171117 15:23:16.497"></status>
</kw>
<status status="PASS" starttime="20171117 15:23:16.491" endtime="20171117 15:23:16.498"></status>
</kw>
<kw name="${verb} = watch" type="foritem">
<kw name="runTest">
<arguments>
<arg>${apiName}</arg>
</arguments>
<kw name="Create Session" library="RequestsLibrary">
<doc>Create Session: create a HTTP session to a server</doc>
<arguments>
<arg>kubernetes</arg>
<arg>${API_ENDPOINT}</arg>
</arguments>
<msg timestamp="20171117 15:23:16.499" level="INFO">Creating Session using : alias=kubernetes, url=http://127.0.0.1:8080, headers={},                     cookies=None, auth=None, timeout=None, proxies=None, verify=False,                     debug=0 </msg>
<status status="PASS" starttime="20171117 15:23:16.498" endtime="20171117 15:23:16.499"></status>
</kw>
<kw name="Get Request" library="RequestsLibrary">
<doc>Send a GET request on the session object found using the</doc>
<arguments>
<arg>kubernetes</arg>
<arg>/api/v1/${apiName}</arg>
</arguments>
<assign>
<var>${resp}</var>
</assign>
<msg timestamp="20171117 15:23:16.504" level="INFO">Get Request using : alias=kubernetes, uri=/api/v1/events, headers=None json=None</msg>
<msg timestamp="20171117 15:23:16.504" level="INFO">${resp} = &lt;Response [200]&gt;</msg>
<status status="PASS" starttime="20171117 15:23:16.499" endtime="20171117 15:23:16.504"></status>
</kw>
<status status="PASS" starttime="20171117 15:23:16.498" endtime="20171117 15:23:16.504"></status>
</kw>
<status status="PASS" starttime="20171117 15:23:16.498" endtime="20171117 15:23:16.504"></status>
</kw>
<status status="PASS" starttime="20171117 15:23:16.452" endtime="20171117 15:23:16.504"></status>
</kw>
<status status="PASS" starttime="20171117 15:23:16.451" endtime="20171117 15:23:16.504"></status>
</kw>
<status status="PASS" starttime="20171117 15:23:16.449" endtime="20171117 15:23:16.504"></status>
</kw>
<kw name="${apiDict} = {'name': 'limitranges', 'singularName': '', 'namespaced': True, 'kind': 'LimitRange', 'verbs': ['create', 'delete', 'deletecollection', 'get', 'list', 'patch', 'update', 'watch'], 'shortNames': ['limi..." type="foritem">
<kw name="Get From Dictionary" library="Collections">
<doc>Returns a value from the given ``dictionary`` based on the given ``key``.</doc>
<arguments>
<arg>${apiDict}</arg>
<arg>name</arg>
</arguments>
<assign>
<var>${apiName}</var>
</assign>
<msg timestamp="20171117 15:23:16.505" level="INFO">${apiName} = limitranges</msg>
<status status="PASS" starttime="20171117 15:23:16.505" endtime="20171117 15:23:16.505"></status>
</kw>
<kw name="List Should Contain Value" library="Collections">
<doc>Fails if the ``value`` is not found from ``list``.</doc>
<arguments>
<arg>${apiDict}</arg>
<arg>verbs</arg>
</arguments>
<status status="PASS" starttime="20171117 15:23:16.505" endtime="20171117 15:23:16.505"></status>
</kw>
<kw name="Get From Dictionary" library="Collections">
<doc>Returns a value from the given ``dictionary`` based on the given ``key``.</doc>
<arguments>
<arg>${apiDict}</arg>
<arg>verbs</arg>
</arguments>
<assign>
<var>${apiVerbs}</var>
</assign>
<msg timestamp="20171117 15:23:16.506" level="INFO">${apiVerbs} = ['create', 'delete', 'deletecollection', 'get', 'list', 'patch', 'update', 'watch']</msg>
<status status="PASS" starttime="20171117 15:23:16.506" endtime="20171117 15:23:16.506"></status>
</kw>
<kw name="Log List" library="Collections">
<doc>Logs the length and contents of the ``list`` using given ``level``.</doc>
<arguments>
<arg>${apiVerbs}</arg>
</arguments>
<msg timestamp="20171117 15:23:16.506" level="INFO">List length is 8 and it contains following items:
0: create
1: delete
2: deletecollection
3: get
4: list
5: patch
6: update
7: watch</msg>
<status status="PASS" starttime="20171117 15:23:16.506" endtime="20171117 15:23:16.507"></status>
</kw>
<kw name="GetListofVerbs">
<arguments>
<arg>${apiVerbs}</arg>
<arg>${apiName}</arg>
</arguments>
<kw name="${verb} IN [ @{apiVerbs} ]" type="for">
<kw name="${verb} = create" type="foritem">
<kw name="runTest">
<arguments>
<arg>${apiName}</arg>
</arguments>
<kw name="Create Session" library="RequestsLibrary">
<doc>Create Session: create a HTTP session to a server</doc>
<arguments>
<arg>kubernetes</arg>
<arg>${API_ENDPOINT}</arg>
</arguments>
<msg timestamp="20171117 15:23:16.508" level="INFO">Creating Session using : alias=kubernetes, url=http://127.0.0.1:8080, headers={},                     cookies=None, auth=None, timeout=None, proxies=None, verify=False,                     debug=0 </msg>
<status status="PASS" starttime="20171117 15:23:16.508" endtime="20171117 15:23:16.509"></status>
</kw>
<kw name="Get Request" library="RequestsLibrary">
<doc>Send a GET request on the session object found using the</doc>
<arguments>
<arg>kubernetes</arg>
<arg>/api/v1/${apiName}</arg>
</arguments>
<assign>
<var>${resp}</var>
</assign>
<msg timestamp="20171117 15:23:16.513" level="INFO">Get Request using : alias=kubernetes, uri=/api/v1/limitranges, headers=None json=None</msg>
<msg timestamp="20171117 15:23:16.513" level="INFO">${resp} = &lt;Response [200]&gt;</msg>
<status status="PASS" starttime="20171117 15:23:16.509" endtime="20171117 15:23:16.513"></status>
</kw>
<status status="PASS" starttime="20171117 15:23:16.507" endtime="20171117 15:23:16.513"></status>
</kw>
<status status="PASS" starttime="20171117 15:23:16.507" endtime="20171117 15:23:16.513"></status>
</kw>
<kw name="${verb} = delete" type="foritem">
<kw name="runTest">
<arguments>
<arg>${apiName}</arg>
</arguments>
<kw name="Create Session" library="RequestsLibrary">
<doc>Create Session: create a HTTP session to a server</doc>
<arguments>
<arg>kubernetes</arg>
<arg>${API_ENDPOINT}</arg>
</arguments>
<msg timestamp="20171117 15:23:16.515" level="INFO">Creating Session using : alias=kubernetes, url=http://127.0.0.1:8080, headers={},                     cookies=None, auth=None, timeout=None, proxies=None, verify=False,                     debug=0 </msg>
<status status="PASS" starttime="20171117 15:23:16.514" endtime="20171117 15:23:16.515"></status>
</kw>
<kw name="Get Request" library="RequestsLibrary">
<doc>Send a GET request on the session object found using the</doc>
<arguments>
<arg>kubernetes</arg>
<arg>/api/v1/${apiName}</arg>
</arguments>
<assign>
<var>${resp}</var>
</assign>
<msg timestamp="20171117 15:23:16.519" level="INFO">Get Request using : alias=kubernetes, uri=/api/v1/limitranges, headers=None json=None</msg>
<msg timestamp="20171117 15:23:16.520" level="INFO">${resp} = &lt;Response [200]&gt;</msg>
<status status="PASS" starttime="20171117 15:23:16.515" endtime="20171117 15:23:16.520"></status>
</kw>
<status status="PASS" starttime="20171117 15:23:16.514" endtime="20171117 15:23:16.520"></status>
</kw>
<status status="PASS" starttime="20171117 15:23:16.513" endtime="20171117 15:23:16.520"></status>
</kw>
<kw name="${verb} = deletecollection" type="foritem">
<kw name="runTest">
<arguments>
<arg>${apiName}</arg>
</arguments>
<kw name="Create Session" library="RequestsLibrary">
<doc>Create Session: create a HTTP session to a server</doc>
<arguments>
<arg>kubernetes</arg>
<arg>${API_ENDPOINT}</arg>
</arguments>
<msg timestamp="20171117 15:23:16.521" level="INFO">Creating Session using : alias=kubernetes, url=http://127.0.0.1:8080, headers={},                     cookies=None, auth=None, timeout=None, proxies=None, verify=False,                     debug=0 </msg>
<status status="PASS" starttime="20171117 15:23:16.521" endtime="20171117 15:23:16.522"></status>
</kw>
<kw name="Get Request" library="RequestsLibrary">
<doc>Send a GET request on the session object found using the</doc>
<arguments>
<arg>kubernetes</arg>
<arg>/api/v1/${apiName}</arg>
</arguments>
<assign>
<var>${resp}</var>
</assign>
<msg timestamp="20171117 15:23:16.526" level="INFO">Get Request using : alias=kubernetes, uri=/api/v1/limitranges, headers=None json=None</msg>
<msg timestamp="20171117 15:23:16.526" level="INFO">${resp} = &lt;Response [200]&gt;</msg>
<status status="PASS" starttime="20171117 15:23:16.522" endtime="20171117 15:23:16.526"></status>
</kw>
<status status="PASS" starttime="20171117 15:23:16.520" endtime="20171117 15:23:16.526"></status>
</kw>
<status status="PASS" starttime="20171117 15:23:16.520" endtime="20171117 15:23:16.526"></status>
</kw>
<kw name="${verb} = get" type="foritem">
<kw name="runTest">
<arguments>
<arg>${apiName}</arg>
</arguments>
<kw name="Create Session" library="RequestsLibrary">
<doc>Create Session: create a HTTP session to a server</doc>
<arguments>
<arg>kubernetes</arg>
<arg>${API_ENDPOINT}</arg>
</arguments>
<msg timestamp="20171117 15:23:16.527" level="INFO">Creating Session using : alias=kubernetes, url=http://127.0.0.1:8080, headers={},                     cookies=None, auth=None, timeout=None, proxies=None, verify=False,                     debug=0 </msg>
<status status="PASS" starttime="20171117 15:23:16.527" endtime="20171117 15:23:16.528"></status>
</kw>
<kw name="Get Request" library="RequestsLibrary">
<doc>Send a GET request on the session object found using the</doc>
<arguments>
<arg>kubernetes</arg>
<arg>/api/v1/${apiName}</arg>
</arguments>
<assign>
<var>${resp}</var>
</assign>
<msg timestamp="20171117 15:23:16.532" level="INFO">Get Request using : alias=kubernetes, uri=/api/v1/limitranges, headers=None json=None</msg>
<msg timestamp="20171117 15:23:16.532" level="INFO">${resp} = &lt;Response [200]&gt;</msg>
<status status="PASS" starttime="20171117 15:23:16.528" endtime="20171117 15:23:16.532"></status>
</kw>
<status status="PASS" starttime="20171117 15:23:16.527" endtime="20171117 15:23:16.532"></status>
</kw>
<status status="PASS" starttime="20171117 15:23:16.527" endtime="20171117 15:23:16.533"></status>
</kw>
<kw name="${verb} = list" type="foritem">
<kw name="runTest">
<arguments>
<arg>${apiName}</arg>
</arguments>
<kw name="Create Session" library="RequestsLibrary">
<doc>Create Session: create a HTTP session to a server</doc>
<arguments>
<arg>kubernetes</arg>
<arg>${API_ENDPOINT}</arg>
</arguments>
<msg timestamp="20171117 15:23:16.534" level="INFO">Creating Session using : alias=kubernetes, url=http://127.0.0.1:8080, headers={},                     cookies=None, auth=None, timeout=None, proxies=None, verify=False,                     debug=0 </msg>
<status status="PASS" starttime="20171117 15:23:16.533" endtime="20171117 15:23:16.534"></status>
</kw>
<kw name="Get Request" library="RequestsLibrary">
<doc>Send a GET request on the session object found using the</doc>
<arguments>
<arg>kubernetes</arg>
<arg>/api/v1/${apiName}</arg>
</arguments>
<assign>
<var>${resp}</var>
</assign>
<msg timestamp="20171117 15:23:16.538" level="INFO">Get Request using : alias=kubernetes, uri=/api/v1/limitranges, headers=None json=None</msg>
<msg timestamp="20171117 15:23:16.539" level="INFO">${resp} = &lt;Response [200]&gt;</msg>
<status status="PASS" starttime="20171117 15:23:16.534" endtime="20171117 15:23:16.539"></status>
</kw>
<status status="PASS" starttime="20171117 15:23:16.533" endtime="20171117 15:23:16.539"></status>
</kw>
<status status="PASS" starttime="20171117 15:23:16.533" endtime="20171117 15:23:16.539"></status>
</kw>
<kw name="${verb} = patch" type="foritem">
<kw name="runTest">
<arguments>
<arg>${apiName}</arg>
</arguments>
<kw name="Create Session" library="RequestsLibrary">
<doc>Create Session: create a HTTP session to a server</doc>
<arguments>
<arg>kubernetes</arg>
<arg>${API_ENDPOINT}</arg>
</arguments>
<msg timestamp="20171117 15:23:16.540" level="INFO">Creating Session using : alias=kubernetes, url=http://127.0.0.1:8080, headers={},                     cookies=None, auth=None, timeout=None, proxies=None, verify=False,                     debug=0 </msg>
<status status="PASS" starttime="20171117 15:23:16.540" endtime="20171117 15:23:16.540"></status>
</kw>
<kw name="Get Request" library="RequestsLibrary">
<doc>Send a GET request on the session object found using the</doc>
<arguments>
<arg>kubernetes</arg>
<arg>/api/v1/${apiName}</arg>
</arguments>
<assign>
<var>${resp}</var>
</assign>
<msg timestamp="20171117 15:23:16.545" level="INFO">Get Request using : alias=kubernetes, uri=/api/v1/limitranges, headers=None json=None</msg>
<msg timestamp="20171117 15:23:16.545" level="INFO">${resp} = &lt;Response [200]&gt;</msg>
<status status="PASS" starttime="20171117 15:23:16.541" endtime="20171117 15:23:16.545"></status>
</kw>
<status status="PASS" starttime="20171117 15:23:16.539" endtime="20171117 15:23:16.545"></status>
</kw>
<status status="PASS" starttime="20171117 15:23:16.539" endtime="20171117 15:23:16.545"></status>
</kw>
<kw name="${verb} = update" type="foritem">
<kw name="runTest">
<arguments>
<arg>${apiName}</arg>
</arguments>
<kw name="Create Session" library="RequestsLibrary">
<doc>Create Session: create a HTTP session to a server</doc>
<arguments>
<arg>kubernetes</arg>
<arg>${API_ENDPOINT}</arg>
</arguments>
<msg timestamp="20171117 15:23:16.546" level="INFO">Creating Session using : alias=kubernetes, url=http://127.0.0.1:8080, headers={},                     cookies=None, auth=None, timeout=None, proxies=None, verify=False,                     debug=0 </msg>
<status status="PASS" starttime="20171117 15:23:16.546" endtime="20171117 15:23:16.547"></status>
</kw>
<kw name="Get Request" library="RequestsLibrary">
<doc>Send a GET request on the session object found using the</doc>
<arguments>
<arg>kubernetes</arg>
<arg>/api/v1/${apiName}</arg>
</arguments>
<assign>
<var>${resp}</var>
</assign>
<msg timestamp="20171117 15:23:16.551" level="INFO">Get Request using : alias=kubernetes, uri=/api/v1/limitranges, headers=None json=None</msg>
<msg timestamp="20171117 15:23:16.551" level="INFO">${resp} = &lt;Response [200]&gt;</msg>
<status status="PASS" starttime="20171117 15:23:16.547" endtime="20171117 15:23:16.551"></status>
</kw>
<status status="PASS" starttime="20171117 15:23:16.545" endtime="20171117 15:23:16.551"></status>
</kw>
<status status="PASS" starttime="20171117 15:23:16.545" endtime="20171117 15:23:16.551"></status>
</kw>
<kw name="${verb} = watch" type="foritem">
<kw name="runTest">
<arguments>
<arg>${apiName}</arg>
</arguments>
<kw name="Create Session" library="RequestsLibrary">
<doc>Create Session: create a HTTP session to a server</doc>
<arguments>
<arg>kubernetes</arg>
<arg>${API_ENDPOINT}</arg>
</arguments>
<msg timestamp="20171117 15:23:16.552" level="INFO">Creating Session using : alias=kubernetes, url=http://127.0.0.1:8080, headers={},                     cookies=None, auth=None, timeout=None, proxies=None, verify=False,                     debug=0 </msg>
<status status="PASS" starttime="20171117 15:23:16.552" endtime="20171117 15:23:16.552"></status>
</kw>
<kw name="Get Request" library="RequestsLibrary">
<doc>Send a GET request on the session object found using the</doc>
<arguments>
<arg>kubernetes</arg>
<arg>/api/v1/${apiName}</arg>
</arguments>
<assign>
<var>${resp}</var>
</assign>
<msg timestamp="20171117 15:23:16.557" level="INFO">Get Request using : alias=kubernetes, uri=/api/v1/limitranges, headers=None json=None</msg>
<msg timestamp="20171117 15:23:16.557" level="INFO">${resp} = &lt;Response [200]&gt;</msg>
<status status="PASS" starttime="20171117 15:23:16.553" endtime="20171117 15:23:16.557"></status>
</kw>
<status status="PASS" starttime="20171117 15:23:16.551" endtime="20171117 15:23:16.557"></status>
</kw>
<status status="PASS" starttime="20171117 15:23:16.551" endtime="20171117 15:23:16.557"></status>
</kw>
<status status="PASS" starttime="20171117 15:23:16.507" endtime="20171117 15:23:16.557"></status>
</kw>
<status status="PASS" starttime="20171117 15:23:16.507" endtime="20171117 15:23:16.557"></status>
</kw>
<status status="PASS" starttime="20171117 15:23:16.504" endtime="20171117 15:23:16.557"></status>
</kw>
<kw name="${apiDict} = {'name': 'namespaces', 'singularName': '', 'namespaced': False, 'kind': 'Namespace', 'verbs': ['create', 'delete', 'get', 'list', 'patch', 'update', 'watch'], 'shortNames': ['ns']}" type="foritem">
<kw name="Get From Dictionary" library="Collections">
<doc>Returns a value from the given ``dictionary`` based on the given ``key``.</doc>
<arguments>
<arg>${apiDict}</arg>
<arg>name</arg>
</arguments>
<assign>
<var>${apiName}</var>
</assign>
<msg timestamp="20171117 15:23:16.558" level="INFO">${apiName} = namespaces</msg>
<status status="PASS" starttime="20171117 15:23:16.558" endtime="20171117 15:23:16.558"></status>
</kw>
<kw name="List Should Contain Value" library="Collections">
<doc>Fails if the ``value`` is not found from ``list``.</doc>
<arguments>
<arg>${apiDict}</arg>
<arg>verbs</arg>
</arguments>
<status status="PASS" starttime="20171117 15:23:16.559" endtime="20171117 15:23:16.559"></status>
</kw>
<kw name="Get From Dictionary" library="Collections">
<doc>Returns a value from the given ``dictionary`` based on the given ``key``.</doc>
<arguments>
<arg>${apiDict}</arg>
<arg>verbs</arg>
</arguments>
<assign>
<var>${apiVerbs}</var>
</assign>
<msg timestamp="20171117 15:23:16.559" level="INFO">${apiVerbs} = ['create', 'delete', 'get', 'list', 'patch', 'update', 'watch']</msg>
<status status="PASS" starttime="20171117 15:23:16.559" endtime="20171117 15:23:16.559"></status>
</kw>
<kw name="Log List" library="Collections">
<doc>Logs the length and contents of the ``list`` using given ``level``.</doc>
<arguments>
<arg>${apiVerbs}</arg>
</arguments>
<msg timestamp="20171117 15:23:16.560" level="INFO">List length is 7 and it contains following items:
0: create
1: delete
2: get
3: list
4: patch
5: update
6: watch</msg>
<status status="PASS" starttime="20171117 15:23:16.560" endtime="20171117 15:23:16.560"></status>
</kw>
<kw name="GetListofVerbs">
<arguments>
<arg>${apiVerbs}</arg>
<arg>${apiName}</arg>
</arguments>
<kw name="${verb} IN [ @{apiVerbs} ]" type="for">
<kw name="${verb} = create" type="foritem">
<kw name="runTest">
<arguments>
<arg>${apiName}</arg>
</arguments>
<kw name="Create Session" library="RequestsLibrary">
<doc>Create Session: create a HTTP session to a server</doc>
<arguments>
<arg>kubernetes</arg>
<arg>${API_ENDPOINT}</arg>
</arguments>
<msg timestamp="20171117 15:23:16.562" level="INFO">Creating Session using : alias=kubernetes, url=http://127.0.0.1:8080, headers={},                     cookies=None, auth=None, timeout=None, proxies=None, verify=False,                     debug=0 </msg>
<status status="PASS" starttime="20171117 15:23:16.562" endtime="20171117 15:23:16.562"></status>
</kw>
<kw name="Get Request" library="RequestsLibrary">
<doc>Send a GET request on the session object found using the</doc>
<arguments>
<arg>kubernetes</arg>
<arg>/api/v1/${apiName}</arg>
</arguments>
<assign>
<var>${resp}</var>
</assign>
<msg timestamp="20171117 15:23:16.567" level="INFO">Get Request using : alias=kubernetes, uri=/api/v1/namespaces, headers=None json=None</msg>
<msg timestamp="20171117 15:23:16.567" level="INFO">${resp} = &lt;Response [200]&gt;</msg>
<status status="PASS" starttime="20171117 15:23:16.562" endtime="20171117 15:23:16.567"></status>
</kw>
<status status="PASS" starttime="20171117 15:23:16.561" endtime="20171117 15:23:16.568"></status>
</kw>
<status status="PASS" starttime="20171117 15:23:16.561" endtime="20171117 15:23:16.568"></status>
</kw>
<kw name="${verb} = delete" type="foritem">
<kw name="runTest">
<arguments>
<arg>${apiName}</arg>
</arguments>
<kw name="Create Session" library="RequestsLibrary">
<doc>Create Session: create a HTTP session to a server</doc>
<arguments>
<arg>kubernetes</arg>
<arg>${API_ENDPOINT}</arg>
</arguments>
<msg timestamp="20171117 15:23:16.569" level="INFO">Creating Session using : alias=kubernetes, url=http://127.0.0.1:8080, headers={},                     cookies=None, auth=None, timeout=None, proxies=None, verify=False,                     debug=0 </msg>
<status status="PASS" starttime="20171117 15:23:16.568" endtime="20171117 15:23:16.569"></status>
</kw>
<kw name="Get Request" library="RequestsLibrary">
<doc>Send a GET request on the session object found using the</doc>
<arguments>
<arg>kubernetes</arg>
<arg>/api/v1/${apiName}</arg>
</arguments>
<assign>
<var>${resp}</var>
</assign>
<msg timestamp="20171117 15:23:16.573" level="INFO">Get Request using : alias=kubernetes, uri=/api/v1/namespaces, headers=None json=None</msg>
<msg timestamp="20171117 15:23:16.573" level="INFO">${resp} = &lt;Response [200]&gt;</msg>
<status status="PASS" starttime="20171117 15:23:16.569" endtime="20171117 15:23:16.574"></status>
</kw>
<status status="PASS" starttime="20171117 15:23:16.568" endtime="20171117 15:23:16.574"></status>
</kw>
<status status="PASS" starttime="20171117 15:23:16.568" endtime="20171117 15:23:16.574"></status>
</kw>
<kw name="${verb} = get" type="foritem">
<kw name="runTest">
<arguments>
<arg>${apiName}</arg>
</arguments>
<kw name="Create Session" library="RequestsLibrary">
<doc>Create Session: create a HTTP session to a server</doc>
<arguments>
<arg>kubernetes</arg>
<arg>${API_ENDPOINT}</arg>
</arguments>
<msg timestamp="20171117 15:23:16.575" level="INFO">Creating Session using : alias=kubernetes, url=http://127.0.0.1:8080, headers={},                     cookies=None, auth=None, timeout=None, proxies=None, verify=False,                     debug=0 </msg>
<status status="PASS" starttime="20171117 15:23:16.574" endtime="20171117 15:23:16.575"></status>
</kw>
<kw name="Get Request" library="RequestsLibrary">
<doc>Send a GET request on the session object found using the</doc>
<arguments>
<arg>kubernetes</arg>
<arg>/api/v1/${apiName}</arg>
</arguments>
<assign>
<var>${resp}</var>
</assign>
<msg timestamp="20171117 15:23:16.580" level="INFO">Get Request using : alias=kubernetes, uri=/api/v1/namespaces, headers=None json=None</msg>
<msg timestamp="20171117 15:23:16.580" level="INFO">${resp} = &lt;Response [200]&gt;</msg>
<status status="PASS" starttime="20171117 15:23:16.575" endtime="20171117 15:23:16.580"></status>
</kw>
[...]
</kw>
<kw name="${verb} = delete" type="foritem">
<kw name="runTest">
<arguments>
<arg>${apiName}</arg>
</arguments>
<kw name="Create Session" library="RequestsLibrary">
<doc>Create Session: create a HTTP session to a server</doc>
<arguments>
<arg>kubernetes</arg>
<arg>${API_ENDPOINT}</arg>
</arguments>
<msg timestamp="20171117 15:23:17.378" level="INFO">Creating Session using : alias=kubernetes, url=http://127.0.0.1:8080, headers={},                     cookies=None, auth=None, timeout=None, proxies=None, verify=False,                     debug=0 </msg>
<status status="PASS" starttime="20171117 15:23:17.377" endtime="20171117 15:23:17.378"></status>
</kw>
<kw name="Get Request" library="RequestsLibrary">
<doc>Send a GET request on the session object found using the</doc>
<arguments>
<arg>kubernetes</arg>
<arg>/api/v1/${apiName}</arg>
</arguments>
<assign>
<var>${resp}</var>
</assign>
<msg timestamp="20171117 15:23:17.383" level="INFO">Get Request using : alias=kubernetes, uri=/api/v1/services, headers=None json=None</msg>
<msg timestamp="20171117 15:23:17.383" level="INFO">${resp} = &lt;Response [200]&gt;</msg>
<status status="PASS" starttime="20171117 15:23:17.378" endtime="20171117 15:23:17.383"></status>
</kw>
<status status="PASS" starttime="20171117 15:23:17.377" endtime="20171117 15:23:17.383"></status>
</kw>
<status status="PASS" starttime="20171117 15:23:17.377" endtime="20171117 15:23:17.383"></status>
</kw>
<kw name="${verb} = get" type="foritem">
<kw name="runTest">
<arguments>
<arg>${apiName}</arg>
</arguments>
<kw name="Create Session" library="RequestsLibrary">
<doc>Create Session: create a HTTP session to a server</doc>
<arguments>
<arg>kubernetes</arg>
<arg>${API_ENDPOINT}</arg>
</arguments>
<msg timestamp="20171117 15:23:17.384" level="INFO">Creating Session using : alias=kubernetes, url=http://127.0.0.1:8080, headers={},                     cookies=None, auth=None, timeout=None, proxies=None, verify=False,                     debug=0 </msg>
<status status="PASS" starttime="20171117 15:23:17.384" endtime="20171117 15:23:17.384"></status>
</kw>
<kw name="Get Request" library="RequestsLibrary">
<doc>Send a GET request on the session object found using the</doc>
<arguments>
<arg>kubernetes</arg>
<arg>/api/v1/${apiName}</arg>
</arguments>
<assign>
<var>${resp}</var>
</assign>
<msg timestamp="20171117 15:23:17.389" level="INFO">Get Request using : alias=kubernetes, uri=/api/v1/services, headers=None json=None</msg>
<msg timestamp="20171117 15:23:17.389" level="INFO">${resp} = &lt;Response [200]&gt;</msg>
<status status="PASS" starttime="20171117 15:23:17.385" endtime="20171117 15:23:17.389"></status>
</kw>
<status status="PASS" starttime="20171117 15:23:17.383" endtime="20171117 15:23:17.389"></status>
</kw>
<status status="PASS" starttime="20171117 15:23:17.383" endtime="20171117 15:23:17.389"></status>
</kw>
<kw name="${verb} = list" type="foritem">
<kw name="runTest">
<arguments>
<arg>${apiName}</arg>
</arguments>
<kw name="Create Session" library="RequestsLibrary">
<doc>Create Session: create a HTTP session to a server</doc>
<arguments>
<arg>kubernetes</arg>
<arg>${API_ENDPOINT}</arg>
</arguments>
<msg timestamp="20171117 15:23:17.390" level="INFO">Creating Session using : alias=kubernetes, url=http://127.0.0.1:8080, headers={},                     cookies=None, auth=None, timeout=None, proxies=None, verify=False,                     debug=0 </msg>
<status status="PASS" starttime="20171117 15:23:17.390" endtime="20171117 15:23:17.391"></status>
</kw>
<kw name="Get Request" library="RequestsLibrary">
<doc>Send a GET request on the session object found using the</doc>
<arguments>
<arg>kubernetes</arg>
<arg>/api/v1/${apiName}</arg>
</arguments>
<assign>
<var>${resp}</var>
</assign>
<msg timestamp="20171117 15:23:17.396" level="INFO">Get Request using : alias=kubernetes, uri=/api/v1/services, headers=None json=None</msg>
<msg timestamp="20171117 15:23:17.396" level="INFO">${resp} = &lt;Response [200]&gt;</msg>
<status status="PASS" starttime="20171117 15:23:17.391" endtime="20171117 15:23:17.396"></status>
</kw>
<status status="PASS" starttime="20171117 15:23:17.390" endtime="20171117 15:23:17.396"></status>
</kw>
<status status="PASS" starttime="20171117 15:23:17.389" endtime="20171117 15:23:17.396"></status>
</kw>
<kw name="${verb} = patch" type="foritem">
<kw name="runTest">
<arguments>
<arg>${apiName}</arg>
</arguments>
<kw name="Create Session" library="RequestsLibrary">
<doc>Create Session: create a HTTP session to a server</doc>
<arguments>
<arg>kubernetes</arg>
<arg>${API_ENDPOINT}</arg>
</arguments>
<msg timestamp="20171117 15:23:17.398" level="INFO">Creating Session using : alias=kubernetes, url=http://127.0.0.1:8080, headers={},                     cookies=None, auth=None, timeout=None, proxies=None, verify=False,                     debug=0 </msg>
<status status="PASS" starttime="20171117 15:23:17.397" endtime="20171117 15:23:17.398"></status>
</kw>
<kw name="Get Request" library="RequestsLibrary">
<doc>Send a GET request on the session object found using the</doc>
<arguments>
<arg>kubernetes</arg>
<arg>/api/v1/${apiName}</arg>
</arguments>
<assign>
<var>${resp}</var>
</assign>
<msg timestamp="20171117 15:23:17.403" level="INFO">Get Request using : alias=kubernetes, uri=/api/v1/services, headers=None json=None</msg>
<msg timestamp="20171117 15:23:17.404" level="INFO">${resp} = &lt;Response [200]&gt;</msg>
<status status="PASS" starttime="20171117 15:23:17.399" endtime="20171117 15:23:17.404"></status>
</kw>
<status status="PASS" starttime="20171117 15:23:17.397" endtime="20171117 15:23:17.404"></status>
</kw>
<status status="PASS" starttime="20171117 15:23:17.396" endtime="20171117 15:23:17.404"></status>
</kw>
<kw name="${verb} = proxy" type="foritem">
<kw name="runTest">
<arguments>
<arg>${apiName}</arg>
</arguments>
<kw name="Create Session" library="RequestsLibrary">
<doc>Create Session: create a HTTP session to a server</doc>
<arguments>
<arg>kubernetes</arg>
<arg>${API_ENDPOINT}</arg>
</arguments>
<msg timestamp="20171117 15:23:17.406" level="INFO">Creating Session using : alias=kubernetes, url=http://127.0.0.1:8080, headers={},                     cookies=None, auth=None, timeout=None, proxies=None, verify=False,                     debug=0 </msg>
<status status="PASS" starttime="20171117 15:23:17.405" endtime="20171117 15:23:17.406"></status>
</kw>
<kw name="Get Request" library="RequestsLibrary">
<doc>Send a GET request on the session object found using the</doc>
<arguments>
<arg>kubernetes</arg>
<arg>/api/v1/${apiName}</arg>
</arguments>
<assign>
<var>${resp}</var>
</assign>
<msg timestamp="20171117 15:23:17.412" level="INFO">Get Request using : alias=kubernetes, uri=/api/v1/services, headers=None json=None</msg>
<msg timestamp="20171117 15:23:17.412" level="INFO">${resp} = &lt;Response [200]&gt;</msg>
<status status="PASS" starttime="20171117 15:23:17.406" endtime="20171117 15:23:17.412"></status>
</kw>
<status status="PASS" starttime="20171117 15:23:17.404" endtime="20171117 15:23:17.412"></status>
</kw>
<status status="PASS" starttime="20171117 15:23:17.404" endtime="20171117 15:23:17.412"></status>
</kw>
<kw name="${verb} = update" type="foritem">
<kw name="runTest">
<arguments>
<arg>${apiName}</arg>
</arguments>
<kw name="Create Session" library="RequestsLibrary">
<doc>Create Session: create a HTTP session to a server</doc>
<arguments>
<arg>kubernetes</arg>
<arg>${API_ENDPOINT}</arg>
</arguments>
<msg timestamp="20171117 15:23:17.414" level="INFO">Creating Session using : alias=kubernetes, url=http://127.0.0.1:8080, headers={},                     cookies=None, auth=None, timeout=None, proxies=None, verify=False,                     debug=0 </msg>
<status status="PASS" starttime="20171117 15:23:17.414" endtime="20171117 15:23:17.415"></status>
</kw>
<kw name="Get Request" library="RequestsLibrary">
<doc>Send a GET request on the session object found using the</doc>
<arguments>
<arg>kubernetes</arg>
<arg>/api/v1/${apiName}</arg>
</arguments>
<assign>
<var>${resp}</var>
</assign>
<msg timestamp="20171117 15:23:17.420" level="INFO">Get Request using : alias=kubernetes, uri=/api/v1/services, headers=None json=None</msg>
<msg timestamp="20171117 15:23:17.420" level="INFO">${resp} = &lt;Response [200]&gt;</msg>
<status status="PASS" starttime="20171117 15:23:17.415" endtime="20171117 15:23:17.420"></status>
</kw>
<status status="PASS" starttime="20171117 15:23:17.413" endtime="20171117 15:23:17.421"></status>
</kw>
<status status="PASS" starttime="20171117 15:23:17.413" endtime="20171117 15:23:17.421"></status>
</kw>
<kw name="${verb} = watch" type="foritem">
<kw name="runTest">
<arguments>
<arg>${apiName}</arg>
</arguments>
<kw name="Create Session" library="RequestsLibrary">
<doc>Create Session: create a HTTP session to a server</doc>
<arguments>
<arg>kubernetes</arg>
<arg>${API_ENDPOINT}</arg>
</arguments>
<msg timestamp="20171117 15:23:17.422" level="INFO">Creating Session using : alias=kubernetes, url=http://127.0.0.1:8080, headers={},                     cookies=None, auth=None, timeout=None, proxies=None, verify=False,                     debug=0 </msg>
<status status="PASS" starttime="20171117 15:23:17.422" endtime="20171117 15:23:17.423"></status>
</kw>
<kw name="Get Request" library="RequestsLibrary">
<doc>Send a GET request on the session object found using the</doc>
<arguments>
<arg>kubernetes</arg>
<arg>/api/v1/${apiName}</arg>
</arguments>
<assign>
<var>${resp}</var>
</assign>
<msg timestamp="20171117 15:23:17.429" level="INFO">Get Request using : alias=kubernetes, uri=/api/v1/services, headers=None json=None</msg>
<msg timestamp="20171117 15:23:17.429" level="INFO">${resp} = &lt;Response [200]&gt;</msg>
<status status="PASS" starttime="20171117 15:23:17.423" endtime="20171117 15:23:17.429"></status>
</kw>
<status status="PASS" starttime="20171117 15:23:17.421" endtime="20171117 15:23:17.429"></status>
</kw>
<status status="PASS" starttime="20171117 15:23:17.421" endtime="20171117 15:23:17.429"></status>
</kw>
<status status="PASS" starttime="20171117 15:23:17.370" endtime="20171117 15:23:17.429"></status>
</kw>
<status status="PASS" starttime="20171117 15:23:17.370" endtime="20171117 15:23:17.430"></status>
</kw>
<status status="PASS" starttime="20171117 15:23:17.368" endtime="20171117 15:23:17.430"></status>
</kw>
<kw name="${apiDict} = {'name': 'services/proxy', 'singularName': '', 'namespaced': True, 'kind': 'Service', 'verbs': []}" type="foritem">
<kw name="Get From Dictionary" library="Collections">
<doc>Returns a value from the given ``dictionary`` based on the given ``key``.</doc>
<arguments>
<arg>${apiDict}</arg>
<arg>name</arg>
</arguments>
<assign>
<var>${apiName}</var>
</assign>
<msg timestamp="20171117 15:23:17.431" level="INFO">${apiName} = services/proxy</msg>
<status status="PASS" starttime="20171117 15:23:17.430" endtime="20171117 15:23:17.431"></status>
</kw>
<kw name="List Should Contain Value" library="Collections">
<doc>Fails if the ``value`` is not found from ``list``.</doc>
<arguments>
<arg>${apiDict}</arg>
<arg>verbs</arg>
</arguments>
<status status="PASS" starttime="20171117 15:23:17.431" endtime="20171117 15:23:17.431"></status>
</kw>
<kw name="Get From Dictionary" library="Collections">
<doc>Returns a value from the given ``dictionary`` based on the given ``key``.</doc>
<arguments>
<arg>${apiDict}</arg>
<arg>verbs</arg>
</arguments>
<assign>
<var>${apiVerbs}</var>
</assign>
<msg timestamp="20171117 15:23:17.432" level="INFO">${apiVerbs} = []</msg>
<status status="PASS" starttime="20171117 15:23:17.432" endtime="20171117 15:23:17.432"></status>
</kw>
<kw name="Log List" library="Collections">
<doc>Logs the length and contents of the ``list`` using given ``level``.</doc>
<arguments>
<arg>${apiVerbs}</arg>
</arguments>
<msg timestamp="20171117 15:23:17.433" level="INFO">List is empty.</msg>
<status status="PASS" starttime="20171117 15:23:17.433" endtime="20171117 15:23:17.433"></status>
</kw>
<kw name="GetListofVerbs">
<arguments>
<arg>${apiVerbs}</arg>
<arg>${apiName}</arg>
</arguments>
<kw name="${verb} IN [ @{apiVerbs} ]" type="for">
<status status="PASS" starttime="20171117 15:23:17.434" endtime="20171117 15:23:17.434"></status>
</kw>
<status status="PASS" starttime="20171117 15:23:17.433" endtime="20171117 15:23:17.435"></status>
</kw>
<status status="PASS" starttime="20171117 15:23:17.430" endtime="20171117 15:23:17.435"></status>
</kw>
<kw name="${apiDict} = {'name': 'services/status', 'singularName': '', 'namespaced': True, 'kind': 'Service', 'verbs': ['get', 'patch', 'update']}" type="foritem">
<kw name="Get From Dictionary" library="Collections">
<doc>Returns a value from the given ``dictionary`` based on the given ``key``.</doc>
<arguments>
<arg>${apiDict}</arg>
<arg>name</arg>
</arguments>
<assign>
<var>${apiName}</var>
</assign>
<msg timestamp="20171117 15:23:17.436" level="INFO">${apiName} = services/status</msg>
<status status="PASS" starttime="20171117 15:23:17.435" endtime="20171117 15:23:17.436"></status>
</kw>
<kw name="List Should Contain Value" library="Collections">
<doc>Fails if the ``value`` is not found from ``list``.</doc>
<arguments>
<arg>${apiDict}</arg>
<arg>verbs</arg>
</arguments>
<status status="PASS" starttime="20171117 15:23:17.436" endtime="20171117 15:23:17.436"></status>
</kw>
<kw name="Get From Dictionary" library="Collections">
<doc>Returns a value from the given ``dictionary`` based on the given ``key``.</doc>
<arguments>
<arg>${apiDict}</arg>
<arg>verbs</arg>
</arguments>
<assign>
<var>${apiVerbs}</var>
</assign>
<msg timestamp="20171117 15:23:17.437" level="INFO">${apiVerbs} = ['get', 'patch', 'update']</msg>
<status status="PASS" starttime="20171117 15:23:17.437" endtime="20171117 15:23:17.437"></status>
</kw>
<kw name="Log List" library="Collections">
<doc>Logs the length and contents of the ``list`` using given ``level``.</doc>
<arguments>
<arg>${apiVerbs}</arg>
</arguments>
<msg timestamp="20171117 15:23:17.438" level="INFO">List length is 3 and it contains following items:
0: get
1: patch
2: update</msg>
<status status="PASS" starttime="20171117 15:23:17.438" endtime="20171117 15:23:17.438"></status>
</kw>
<kw name="GetListofVerbs">
<arguments>
<arg>${apiVerbs}</arg>
<arg>${apiName}</arg>
</arguments>
<kw name="${verb} IN [ @{apiVerbs} ]" type="for">
<kw name="${verb} = get" type="foritem">
<kw name="runTest">
<arguments>
<arg>${apiName}</arg>
</arguments>
<kw name="Create Session" library="RequestsLibrary">
<doc>Create Session: create a HTTP session to a server</doc>
<arguments>
<arg>kubernetes</arg>
<arg>${API_ENDPOINT}</arg>
</arguments>
<msg timestamp="20171117 15:23:17.441" level="INFO">Creating Session using : alias=kubernetes, url=http://127.0.0.1:8080, headers={},                     cookies=None, auth=None, timeout=None, proxies=None, verify=False,                     debug=0 </msg>
<status status="PASS" starttime="20171117 15:23:17.440" endtime="20171117 15:23:17.441"></status>
</kw>
<kw name="Get Request" library="RequestsLibrary">
<doc>Send a GET request on the session object found using the</doc>
<arguments>
<arg>kubernetes</arg>
<arg>/api/v1/${apiName}</arg>
</arguments>
<assign>
<var>${resp}</var>
</assign>
<msg timestamp="20171117 15:23:17.446" level="INFO">Get Request using : alias=kubernetes, uri=/api/v1/services/status, headers=None json=None</msg>
<msg timestamp="20171117 15:23:17.446" level="INFO">${resp} = &lt;Response [404]&gt;</msg>
<status status="PASS" starttime="20171117 15:23:17.442" endtime="20171117 15:23:17.446"></status>
</kw>
<status status="PASS" starttime="20171117 15:23:17.440" endtime="20171117 15:23:17.447"></status>
</kw>
<status status="PASS" starttime="20171117 15:23:17.439" endtime="20171117 15:23:17.447"></status>
</kw>
<kw name="${verb} = patch" type="foritem">
<kw name="runTest">
<arguments>
<arg>${apiName}</arg>
</arguments>
<kw name="Create Session" library="RequestsLibrary">
<doc>Create Session: create a HTTP session to a server</doc>
<arguments>
<arg>kubernetes</arg>
<arg>${API_ENDPOINT}</arg>
</arguments>
<msg timestamp="20171117 15:23:17.448" level="INFO">Creating Session using : alias=kubernetes, url=http://127.0.0.1:8080, headers={},                     cookies=None, auth=None, timeout=None, proxies=None, verify=False,                     debug=0 </msg>
<status status="PASS" starttime="20171117 15:23:17.448" endtime="20171117 15:23:17.448"></status>
</kw>
<kw name="Get Request" library="RequestsLibrary">
<doc>Send a GET request on the session object found using the</doc>
<arguments>
<arg>kubernetes</arg>
<arg>/api/v1/${apiName}</arg>
</arguments>
<assign>
<var>${resp}</var>
</assign>
<msg timestamp="20171117 15:23:17.454" level="INFO">Get Request using : alias=kubernetes, uri=/api/v1/services/status, headers=None json=None</msg>
<msg timestamp="20171117 15:23:17.454" level="INFO">${resp} = &lt;Response [404]&gt;</msg>
<status status="PASS" starttime="20171117 15:23:17.449" endtime="20171117 15:23:17.454"></status>
</kw>
<status status="PASS" starttime="20171117 15:23:17.447" endtime="20171117 15:23:17.454"></status>
</kw>
<status status="PASS" starttime="20171117 15:23:17.447" endtime="20171117 15:23:17.454"></status>
</kw>
<kw name="${verb} = update" type="foritem">
<kw name="runTest">
<arguments>
<arg>${apiName}</arg>
</arguments>
<kw name="Create Session" library="RequestsLibrary">
<doc>Create Session: create a HTTP session to a server</doc>
<arguments>
<arg>kubernetes</arg>
<arg>${API_ENDPOINT}</arg>
</arguments>
<msg timestamp="20171117 15:23:17.455" level="INFO">Creating Session using : alias=kubernetes, url=http://127.0.0.1:8080, headers={},                     cookies=None, auth=None, timeout=None, proxies=None, verify=False,                     debug=0 </msg>
<status status="PASS" starttime="20171117 15:23:17.455" endtime="20171117 15:23:17.456"></status>
</kw>
<kw name="Get Request" library="RequestsLibrary">
<doc>Send a GET request on the session object found using the</doc>
<arguments>
<arg>kubernetes</arg>
<arg>/api/v1/${apiName}</arg>
</arguments>
<assign>
<var>${resp}</var>
</assign>
<msg timestamp="20171117 15:23:17.460" level="INFO">Get Request using : alias=kubernetes, uri=/api/v1/services/status, headers=None json=None</msg>
<msg timestamp="20171117 15:23:17.460" level="INFO">${resp} = &lt;Response [404]&gt;</msg>
<status status="PASS" starttime="20171117 15:23:17.456" endtime="20171117 15:23:17.460"></status>
</kw>
<status status="PASS" starttime="20171117 15:23:17.455" endtime="20171117 15:23:17.460"></status>
</kw>
<status status="PASS" starttime="20171117 15:23:17.454" endtime="20171117 15:23:17.460"></status>
</kw>
<status status="PASS" starttime="20171117 15:23:17.439" endtime="20171117 15:23:17.460"></status>
</kw>
<status status="PASS" starttime="20171117 15:23:17.438" endtime="20171117 15:23:17.460"></status>
</kw>
<status status="PASS" starttime="20171117 15:23:17.435" endtime="20171117 15:23:17.460"></status>
</kw>
<status status="PASS" starttime="20171117 15:23:16.306" endtime="20171117 15:23:17.460"></status>
</kw>
<doc>api v1</doc>
<status status="PASS" starttime="20171117 15:23:16.290" endtime="20171117 15:23:17.461" critical="yes"></status>
</test>
<kw name="Delete All Sessions" library="RequestsLibrary" type="teardown">
<doc>Removes all the session objects</doc>
<msg timestamp="20171117 15:23:17.462" level="INFO">Delete All Sessions</msg>
<status status="PASS" starttime="20171117 15:23:17.462" endtime="20171117 15:23:17.478"></status>
</kw>
<doc>REST kubernetes.</doc>
<status status="PASS" starttime="20171117 15:23:16.078" endtime="20171117 15:23:17.478"></status>
</suite>
<statistics>
<total>
<stat pass="1" fail="0">Critical Tests</stat>
<stat pass="1" fail="0">All Tests</stat>
</total>
<tag>
</tag>
<suite>
<stat pass="1" fail="0" id="s1" name="Kuberobot">Kuberobot</stat>
</suite>
</statistics>
<errors>
</errors>
</robot>
